Iteration	Posterior	Likelihood	Prior	rate_log_sd	rate_neo	tree_length
0	-4468.928	-5475.674	1006.746	1.519643	0.5716275	6.91422
6	-4471.632	-5478.323	1006.691	1.600559	0.5196692	6.94336
12	-4475.4	-5482.088	1006.688	1.551305	0.5562379	6.940695
18	-4472.593	-5477.712	1005.119	1.469702	0.5562379	7.826225
24	-4478.134	-5485.471	1007.337	1.53261	0.46418	6.681652
30	-4492.937	-5499.212	1006.275	1.501716	0.4485544	7.285122
36	-4498.671	-5506.316	1007.645	1.513767	0.4694099	6.520651
42	-4486.802	-5493.43	1006.628	1.558578	0.4471177	7.06609
48	-4493.866	-5502.228	1008.362	1.55613	0.4251362	6.150894
54	-4492.482	-5499.607	1007.125	1.546644	0.5236859	6.735191
60	-4480.933	-5489.829	1008.896	1.648729	0.3967875	5.83857
66	-4485.45	-5494.27	1008.82	1.616926	0.4676412	5.826774
72	-4484.219	-5492.205	1007.986	1.621079	0.5387651	6.215323
78	-4471.455	-5478.458	1007.003	1.608068	0.5387651	6.754769
84	-4478.523	-5487.49	1008.968	1.733484	0.6112063	5.557927
90	-4473.333	-5482.316	1008.984	1.754096	0.6097728	5.539037
96	-4478.409	-5488.321	1009.913	1.785206	0.4176727	5.182518
102	-4468.506	-5479.676	1011.171	1.785206	0.4810717	4.41722
108	-4462.686	-5472.629	1009.943	1.815209	0.5908214	4.990206
114	-4451.47	-5462.218	1010.747	1.89977	0.5959692	4.489254
120	-4471.201	-5483.096	1011.895	1.846435	0.3454952	4.117875
126	-4461.968	-5473.512	1011.544	1.846435	0.5268469	4.128585
132	-4458.484	-5469.514	1011.029	1.80611	0.648686	4.341058
138	-4466.701	-5476.545	1009.844	1.744941	0.4709284	5.190096
144	-4476.813	-5486.387	1009.574	1.77907	0.5905914	5.215152
150	-4446.766	-5456.106	1009.34	1.708782	0.4571722	5.501297
156	-4464.445	-5473.807	1009.362	1.694844	0.4522521	5.501297
162	-4470.656	-5479.668	1009.011	1.674042	0.5125478	5.649418
168	-4474.351	-5482.714	1008.363	1.650641	0.5257862	6.00484
174	-4494.12	-5504.152	1010.033	1.790109	0.4608883	5.069931
180	-4504.452	-5514.362	1009.91	1.771864	0.5467541	5.069931
186	-4504.617	-5514.183	1009.566	1.691903	0.4491278	5.393798
192	-4506.604	-5517.026	1010.422	1.667816	0.4063198	4.977163
198	-4497.999	-5507.273	1009.274	1.595483	0.2580164	5.829476
204	-4479.556	-5487.009	1007.453	1.523904	0.2590429	6.85531
210	-4483.19	-5489.667	1006.476	1.484773	0.2520798	7.411106
216	-4481.633	-5486.204	1004.572	1.402491	0.2986014	8.410582
222	-4492.362	-5498.489	1006.127	1.487761	0.4311452	7.388721
228	-4476.062	-5481.785	1005.723	1.517027	0.4329123	7.587912
234	-4474.248	-5479.839	1005.591	1.454869	0.4329123	7.691944
240	-4469.108	-5474.167	1005.059	1.576089	0.5278167	7.825228
246	-4473.698	-5480.831	1007.133	1.5939	0.390056	6.832538
252	-4479.43	-5487.619	1008.189	1.607364	0.268872	6.39847
258	-4464.156	-5472.162	1008.006	1.609423	0.2785611	6.484052
264	-4472.816	-5482.402	1009.586	1.655304	0.3580302	5.499227
270	-4462.722	-5471.577	1008.855	1.586239	0.3580302	5.9378
276	-4458.783	-5467.349	1008.565	1.555594	0.2192113	6.294148
282	-4479.057	-5487.432	1008.376	1.602598	0.317301	6.23774
288	-4470.954	-5478.286	1007.332	1.618945	0.5041472	6.60143
294	-4465.782	-5472.278	1006.496	1.548495	0.5041472	7.089999
300	-4453.906	-5459.291	1005.384	1.475777	0.4232491	7.800596
306	-4448.006	-5454.615	1006.609	1.475777	0.4232491	7.144546
312	-4476.179	-5485.857	1009.678	1.725768	0.424404	5.337892
318	-4481.915	-5491.836	1009.922	1.797713	0.5222973	5.070351
324	-4481.767	-5491.734	1009.967	1.724786	0.5222973	5.085655
330	-4481.063	-5490.998	1009.935	1.75695	0.5222973	5.085655
336	-4474.51	-5484.776	1010.266	1.794742	0.4501281	4.948458
342	-4473.607	-5484.883	1011.276	1.794742	0.3543272	4.486754
348	-4468.321	-5478.129	1009.808	1.792929	0.561275	5.102445
354	-4479.476	-5489.874	1010.398	1.725265	0.4118561	4.952703
360	-4485.453	-5495.306	1009.853	1.859922	0.6865982	4.941278
366	-4485.416	-5495.513	1010.096	1.769495	0.6422003	4.889742
372	-4472.985	-5483.351	1010.366	1.834085	0.5728044	4.759072
378	-4448.75	-5459.396	1010.646	1.834085	0.5127321	4.654918
384	-4451.29	-5460.877	1009.588	1.747726	0.4888976	5.3132
390	-4465.583	-5474.21	1008.627	1.744845	0.7011945	5.671264
396	-4463.126	-5471.479	1008.352	1.731961	0.7011945	5.828879
402	-4452.008	-5460.997	1008.989	1.707572	0.4285879	5.722891
408	-4436.703	-5444.281	1007.578	1.527045	0.5242153	6.500191
414	-4457.549	-5466.154	1008.605	1.63525	0.4342568	5.96657
420	-4448.769	-5456.48	1007.712	1.63525	0.5959467	6.309413
426	-4463.217	-5471.087	1007.87	1.630228	0.3993827	6.404606
432	-4452.25	-5459.443	1007.193	1.618923	0.4352848	6.740534
438	-4470.352	-5480.377	1010.025	1.726055	0.4173974	5.15323
444	-4462.569	-5472.485	1009.916	1.755319	0.4618181	5.15323
450	-4467.762	-5477.564	1009.802	1.755319	0.5299012	5.15323
456	-4439.506	-5449.078	1009.572	1.771872	0.6768041	5.15323
462	-4440.91	-5450.953	1010.043	1.771872	0.4992091	5.038269
468	-4424.469	-5433.161	1008.692	1.673457	0.5733146	5.772706
474	-4448.862	-5458.694	1009.833	1.673457	0.5081371	5.201221
480	-4445.639	-5453.571	1007.932	1.571087	0.4796729	6.324118
486	-4442.567	-5450.214	1007.648	1.566332	0.49631	6.465739
492	-4463.571	-5468.782	1005.211	1.53805	0.6033981	7.702577
498	-4442.038	-5448.256	1006.218	1.534186	0.4379874	7.308454
504	-4431.899	-5439.564	1007.665	1.597139	0.4564566	6.476545
510	-4445.114	-5454.791	1009.677	1.72732	0.5035753	5.261442
516	-4447.83	-5458.031	1010.201	1.764332	0.5227609	4.933436
522	-4472.052	-5481.817	1009.765	1.783205	0.4322475	5.250365
528	-4468.071	-5477.079	1009.008	1.734015	0.596685	5.547263
534	-4472.53	-5481.186	1008.656	1.728742	0.4885035	5.835662
540	-4475.603	-5483.97	1008.367	1.62836	0.5687248	5.97848
546	-4464.929	-5473.905	1008.977	1.641442	0.4911869	5.705442
552	-4482.057	-5491.199	1009.142	1.651181	0.3940311	5.705442
558	-4471.2	-5480.094	1008.894	1.65032	0.4984975	5.739335
564	-4457.701	-5466.561	1008.86	1.683673	0.4988388	5.739335
570	-4467.494	-5476.914	1009.42	1.72193	0.548357	5.366693
576	-4474.155	-5482.003	1007.849	1.660179	0.5152487	6.288955
582	-4443.052	-5449.384	1006.333	1.647598	0.601691	7.043693
588	-4445.529	-5452.885	1007.357	1.579312	0.5502649	6.569596
594	-4456.094	-5462.943	1006.849	1.627696	0.6297599	6.754486
600	-4452.281	-5459.247	1006.966	1.574495	0.5856741	6.754486
606	-4460.299	-5466.31	1006.012	1.574495	0.4659266	7.371054
612	-4467.541	-5474.64	1007.099	1.542515	0.5001366	6.771876
618	-4465.77	-5473.364	1007.594	1.673921	0.5515315	6.388836
624	-4471.375	-5479.753	1008.378	1.579302	0.4502052	6.10527
630	-4486.227	-5494.748	1008.521	1.580362	0.3738691	6.10527
636	-4458.806	-5466.892	1008.086	1.564123	0.4802558	6.24383
642	-4444.586	-5451.768	1007.182	1.565907	0.4875409	6.725857
648	-4459.877	-5466.221	1006.344	1.55638	0.4502882	7.217228
654	-4463.215	-5469.713	1006.498	1.430209	0.4347798	7.217228
660	-4462.278	-5468.474	1006.195	1.538452	0.550763	7.217228
666	-4474.244	-5480.02	1005.776	1.480632	0.5107102	7.507335
672	-4483.918	-5487.577	1003.659	1.524439	0.527286	8.598367
678	-4481.658	-5486.491	1004.832	1.486773	0.527286	7.994068
684	-4460.225	-5464.972	1004.747	1.538629	0.5488809	7.994068
690	-4483.621	-5487.756	1004.135	1.480314	0.5457424	8.353288
696	-4482.814	-5486.397	1003.583	1.446048	0.4605731	8.739485
702	-4472.487	-5473.468	1000.981	1.354569	0.4066937	10.21312
708	-4462.622	-5464.976	1002.355	1.339968	0.3932621	9.511112
714	-4462.265	-5464.106	1001.842	1.3122	0.3880674	9.801531
720	-4463.677	-5469.172	1005.495	1.418055	0.3570799	7.84158
726	-4450.566	-5455.688	1005.123	1.435413	0.3812273	8.00483
732	-4443.327	-5448.146	1004.819	1.472297	0.4968754	8.035338
738	-4446.114	-5449.895	1003.782	1.439609	0.4932306	8.607761
744	-4448.528	-5452.325	1003.797	1.478089	0.4615903	8.607761
750	-4467.813	-5470.876	1003.063	1.408442	0.4745951	9.021876
756	-4449.877	-5456.297	1006.42	1.436773	0.4745951	7.217902
762	-4461.105	-5464.391	1003.286	1.359632	0.4024118	8.999256
768	-4454.069	-5457.567	1003.498	1.412312	0.4509181	8.811429
774	-4446.038	-5449.341	1003.303	1.346644	0.4090526	8.990268
780	-4443.859	-5446.513	1002.654	1.388917	0.5887058	9.152899
786	-4446.317	-5450.883	1004.567	1.360669	0.4249782	8.296239
792	-4460.043	-5465.338	1005.295	1.476279	0.4942734	7.78125
798	-4458.115	-5463.457	1005.343	1.455156	0.478669	7.78125
804	-4450.63	-5455.321	1004.691	1.455156	0.4783096	8.129194
810	-4462.665	-5468.336	1005.671	1.424549	0.51408	7.590614
816	-4465.05	-5471.995	1006.945	1.573229	0.4511915	6.88349
822	-4476.409	-5482.36	1005.952	1.589971	0.5627825	7.310576
828	-4472.277	-5477.494	1005.217	1.483734	0.4367973	7.872536
834	-4470.152	-5476.686	1006.534	1.493971	0.4252865	7.173066
840	-4451.476	-5457.853	1006.376	1.563026	0.4359389	7.210025
846	-4481.42	-5488.461	1007.041	1.603211	0.4628717	6.804454
852	-4481.667	-5488.409	1006.741	1.603211	0.5354399	6.901387
858	-4474.253	-5481.246	1006.993	1.603211	0.4953416	6.800926
864	-4489.047	-5496.32	1007.273	1.646402	0.6031021	6.535699
870	-4493.39	-5500.682	1007.292	1.555424	0.489789	6.67032
876	-4490.716	-5498.071	1007.355	1.6104	0.4138204	6.67942
882	-4471.331	-5477.749	1006.417	1.596584	0.6189626	7.012384
888	-4470.653	-5478.759	1008.106	1.596584	0.4997561	6.197528
894	-4465.884	-5473.586	1007.702	1.638509	0.4901375	6.403023
900	-4462.958	-5469.649	1006.692	1.646373	0.7009568	6.777526
906	-4455.334	-5462.418	1007.084	1.646373	0.7033298	6.563661
912	-4461.17	-5468.423	1007.253	1.649016	0.6782101	6.488691
918	-4475.46	-5483.116	1007.657	1.69274	0.6055656	6.30059
924	-4455.262	-5462.68	1007.418	1.653907	0.587142	6.465844
930	-4451.125	-5459.584	1008.459	1.584207	0.5554386	5.963367
936	-4440.126	-5449.546	1009.42	1.718059	0.4741929	5.435703
942	-4449.784	-5458.303	1008.518	1.633932	0.4128901	6.036066
948	-4457.607	-5464.2	1006.593	1.601373	0.3868558	7.122893
954	-4469.044	-5475.631	1006.587	1.567851	0.4978655	7.03618
960	-4470.529	-5476.919	1006.391	1.560271	0.4978655	7.14597
966	-4464.741	-5472.22	1007.479	1.523367	0.4978655	6.579242
972	-4469.089	-5475.752	1006.663	1.537276	0.5169328	6.995333
978	-4459.232	-5463.585	1004.352	1.470942	0.6611466	8.153711
984	-4451.57	-5456.292	1004.722	1.556509	0.6579677	7.913037
990	-4449.12	-5454.317	1005.197	1.466667	0.5206488	7.81576
996	-4456.469	-5461.604	1005.135	1.435043	0.4562307	7.923771
1002	-4466.855	-5470.938	1004.083	1.406913	0.4609338	8.494293
1008	-4464.105	-5468.19	1004.084	1.405832	0.4609338	8.494293
1014	-4458.303	-5462.702	1004.399	1.45319	0.5292644	8.241237
1020	-4447.948	-5453.362	1005.414	1.453277	0.4671841	7.754838
1026	-4439.462	-5443.719	1004.256	1.455112	0.4671841	8.370866
1032	-4437.909	-5440.547	1002.638	1.350644	0.4891124	9.264393
1038	-4428.325	-5431.49	1003.165	1.322984	0.3725648	9.113576
1044	-4422.038	-5424.337	1002.299	1.389507	0.5136696	9.401407
1050	-4423.285	-5425.624	1002.339	1.360312	0.5000662	9.407518
1056	-4425.653	-5428.766	1003.112	1.408063	0.4637424	9.006059
1062	-4440.308	-5444.209	1003.9	1.434071	0.4637424	8.574477
1068	-4432.861	-5435.919	1003.058	1.387673	0.4760091	9.034446
1074	-4438.063	-5440.726	1002.663	1.342014	0.3865261	9.354291
1080	-4434.225	-5437.44	1003.215	1.317925	0.4451163	9.016615
1086	-4430.748	-5434.423	1003.675	1.346555	0.4965462	8.710857
1092	-4445.095	-5447.938	1002.843	1.346555	0.3767457	9.266779
1098	-4439.475	-5442.329	1002.853	1.371277	0.4744334	9.152645
1104	-4450.85	-5454.144	1003.295	1.440162	0.4744334	8.882675
1110	-4432.187	-5435.257	1003.07	1.440162	0.4948901	8.983243
1116	-4444.952	-5447.919	1002.967	1.35955	0.4574327	9.114419
1122	-4445.87	-5449.956	1004.086	1.35955	0.4543998	8.523975
1128	-4442.731	-5446.926	1004.194	1.353052	0.3993632	8.523975
1134	-4434.099	-5440.126	1006.028	1.469963	0.5599141	7.336419
1140	-4449.796	-5458.022	1008.226	1.546635	0.3838407	6.273167
1146	-4425.223	-5432.375	1007.152	1.574441	0.428455	6.793342
1152	-4418.269	-5425.476	1007.207	1.548705	0.428455	6.777598
1158	-4438.953	-5445.435	1006.483	1.548754	0.405692	7.190891
1164	-4449.938	-5454.962	1005.024	1.475826	0.4503263	7.966867
1170	-4466.322	-5471.497	1005.175	1.419333	0.4175509	7.947981
1176	-4458.877	-5464.183	1005.306	1.505844	0.4175509	7.831914
1182	-4461.884	-5467.747	1005.863	1.517065	0.5249992	7.428721
1188	-4484.366	-5490.91	1006.544	1.505862	0.5792103	7.024185
1194	-4476.933	-5482.644	1005.711	1.517393	0.5929358	7.454534
1200	-4491.995	-5498.613	1006.618	1.531875	0.4076394	7.124902
1206	-4490.179	-5497.125	1006.946	1.531875	0.4076394	6.948492
1212	-4477.643	-5483.657	1006.013	1.509581	0.4883436	7.384334
1218	-4461.231	-5466.591	1005.36	1.446085	0.4783246	7.777353
1224	-4473.331	-5479.133	1005.802	1.45438	0.4783246	7.536303
1230	-4468.344	-5473.331	1004.988	1.427535	0.4612203	8.001706
1236	-4483.976	-5488.98	1005.003	1.411712	0.4612203	8.001706
1242	-4471.685	-5476.758	1005.073	1.448607	0.4612203	7.944655
1248	-4479.479	-5484.548	1005.069	1.45666	0.4593584	7.944655
1254	-4476.138	-5481.351	1005.213	1.423404	0.4595143	7.885463
1260	-4480.972	-5486.427	1005.455	1.461558	0.4553326	7.739401
1266	-4501.371	-5506.798	1005.426	1.458951	0.4733764	7.739401
1272	-4485.971	-5491.456	1005.485	1.454948	0.4423866	7.739401
1278	-4468.254	-5473.551	1005.298	1.427185	0.4094778	7.886622
1284	-4442.429	-5448.378	1005.949	1.406216	0.396098	7.563402
1290	-4460.716	-5466.244	1005.528	1.416908	0.4157456	7.762737
1296	-4437.451	-5442.208	1004.757	1.406528	0.3971695	8.198508
1302	-4448.946	-5453.409	1004.462	1.372172	0.4237107	8.346868
1308	-4440.789	-5446.285	1005.496	1.42136	0.4244053	7.76894
1314	-4446.041	-5452.877	1006.836	1.42136	0.4405286	7.034394
1320	-4454.27	-5462.108	1007.838	1.457979	0.3287035	6.593823
1326	-4470.803	-5478.552	1007.749	1.466599	0.3555405	6.606201
1332	-4463.855	-5468.906	1005.052	1.388368	0.4358237	8.012557
1338	-4443.968	-5449.433	1005.466	1.392608	0.4002273	7.824952
1344	-4443.139	-5448.377	1005.238	1.39626	0.428118	7.916263
1350	-4456.731	-5463.291	1006.561	1.380359	0.3978046	7.247616
1356	-4458.831	-5465.85	1007.019	1.467144	0.451137	6.901249
1362	-4466.63	-5472.357	1005.727	1.534859	0.5384948	7.480596
1368	-4457.222	-5463.98	1006.758	1.54442	0.5559571	6.907061
1374	-4440.404	-5447.044	1006.64	1.487116	0.4091362	7.135746
1380	-4436.326	-5442.093	1005.766	1.483171	0.4718299	7.545977
1386	-4449.962	-5458.284	1008.322	1.548347	0.3954662	6.207561
1392	-4466.009	-5474.559	1008.55	1.597718	0.5330072	5.925495
1398	-4473.177	-5479.672	1006.495	1.546828	0.5330072	7.066459
1404	-4456.081	-5463.755	1007.675	1.596696	0.5081402	6.424125
1410	-4463.609	-5471.072	1007.463	1.689139	0.7802293	6.283243
1416	-4461.439	-5470.439	1009	1.74391	0.5203342	5.610346
1422	-4468.549	-5477.609	1009.06	1.72105	0.4977377	5.610346
1428	-4478.21	-5487.85	1009.639	1.72105	0.5172083	5.273508
1434	-4461.308	-5471.296	1009.988	1.72105	0.4970949	5.098858
1440	-4456.707	-5465.781	1009.074	1.72105	0.568017	5.541098
1446	-4454.852	-5463.625	1008.773	1.72105	0.568017	5.706494
1452	-4465.382	-5473.365	1007.982	1.681354	0.5584391	6.167774
1458	-4472.506	-5478.974	1006.468	1.607968	0.5706843	7.017084
1464	-4473.545	-5481.414	1007.869	1.607968	0.4982046	6.321425
1470	-4461.113	-5468.511	1007.399	1.528364	0.3307943	6.790777
1476	-4453.462	-5461.374	1007.913	1.570233	0.4087763	6.404233
1482	-4472.579	-5481.372	1008.794	1.672568	0.4087763	5.868966
1488	-4465.144	-5475.945	1010.802	1.711752	0.3764475	4.773653
1494	-4450.296	-5461.14	1010.843	1.709063	0.354797	4.776534
1500	-4462.056	-5472.848	1010.791	1.717236	0.3980427	4.752457
1506	-4461.186	-5471.347	1010.161	1.70888	0.479849	5.02552
1512	-4460.089	-5469.489	1009.4	1.738164	0.4725303	5.43732
1518	-4447.132	-5457.469	1010.338	1.784642	0.4902634	4.875578
1524	-4446.219	-5456.348	1010.128	1.780103	0.4902634	4.994527
1530	-4441.739	-5451.538	1009.799	1.780103	0.5595932	5.115632
1536	-4441.01	-5450.762	1009.752	1.780103	0.6186892	5.093495
1542	-4457.29	-5467.012	1009.722	1.795615	0.6186892	5.101394
1548	-4472.426	-5482.107	1009.681	1.804259	0.6419811	5.101394
1554	-4462.424	-5472.932	1010.508	1.781204	0.4241	4.847536
1560	-4459.816	-5470.488	1010.672	1.704348	0.3789273	4.847536
1566	-4475.706	-5486.086	1010.38	1.733705	0.3031501	5.083697
1572	-4459.027	-5469.608	1010.581	1.733705	0.4424269	4.814699
1578	-4448.671	-5459.715	1011.045	1.805144	0.3843944	4.576273
1584	-4440.53	-5451.511	1010.981	1.877278	0.5381453	4.419412
1590	-4439.942	-5450.98	1011.038	1.782481	0.466258	4.507445
1596	-4462.089	-5471.955	1009.867	1.745473	0.4812296	5.167377
1602	-4464.064	-5472.816	1008.752	1.745473	0.5237061	5.742175
1608	-4447.601	-5455.101	1007.5	1.645393	0.5066905	6.493737
1614	-4457.361	-5465.382	1008.021	1.704402	0.5066905	6.178976
1620	-4469.083	-5477.899	1008.816	1.593379	0.4247471	5.883417
1626	-4465.944	-5473.118	1007.174	1.593379	0.4449073	6.755598
1632	-4443.674	-5451.386	1007.712	1.61856	0.5084686	6.391498
1638	-4456.45	-5464.442	1007.992	1.621384	0.4746914	6.268615
1644	-4459.879	-5467.43	1007.552	1.588606	0.4746914	6.525485
1650	-4461.5	-5469.076	1007.576	1.551284	0.4825964	6.525485
1656	-4466.827	-5474.477	1007.65	1.520493	0.4570959	6.525485
1662	-4462.573	-5469.654	1007.081	1.596256	0.5277195	6.728651
1668	-4477.977	-5484.893	1006.916	1.663137	0.5915632	6.728651
1674	-4486.874	-5493.077	1006.203	1.611562	0.6197706	7.118969
1680	-4483.698	-5490.39	1006.691	1.594223	0.6943615	6.810461
1686	-4449.501	-5457.487	1007.986	1.608409	0.5552326	6.207987
1692	-4462.151	-5470.238	1008.086	1.566215	0.5184613	6.207987
1698	-4455.65	-5460.645	1004.995	1.438802	0.4862718	7.968753
1704	-4436.177	-5439.947	1003.77	1.379524	0.4375421	8.697075
1710	-4435.096	-5441.86	1006.764	1.534571	0.506903	6.950716
1716	-4434.986	-5440.55	1005.564	1.490922	0.5266303	7.601754
1722	-4459.031	-5466.542	1007.511	1.482438	0.4511192	6.627312
1728	-4457.94	-5464.215	1006.275	1.508248	0.4902198	7.242934
1734	-4430.571	-5436.583	1006.012	1.553073	0.5445138	7.313011
1740	-4433.878	-5441.868	1007.99	1.553073	0.3767669	6.405685
1746	-4432.238	-5439.198	1006.96	1.565038	0.5047551	6.830854
1752	-4450.141	-5456.199	1006.057	1.518778	0.5020641	7.343593
1758	-4443.67	-5451.293	1007.623	1.539309	0.4136211	6.573128
1764	-4448.667	-5456.394	1007.726	1.564238	0.4329874	6.484094
1770	-4459.198	-5466.82	1007.621	1.580625	0.4834361	6.484094
1776	-4461.644	-5469.399	1007.755	1.627248	0.4756218	6.393453
1782	-4478.939	-5486.339	1007.4	1.571332	0.4955071	6.597796
1788	-4467.818	-5473.868	1006.05	1.437675	0.5475931	7.351766
1794	-4478.141	-5483.226	1005.084	1.455722	0.5160037	7.885807
1800	-4465.567	-5471.504	1005.937	1.455722	0.5351515	7.413637
1806	-4468.96	-5473.848	1004.888	1.445197	0.4531036	8.052744
1812	-4461.676	-5468.23	1006.554	1.465397	0.4344329	7.168425
1818	-4447.542	-5452.235	1004.693	1.453251	0.4708817	8.136055
1824	-4433.2	-5439.062	1005.862	1.525435	0.5627551	7.39327
1830	-4453.06	-5459.582	1006.522	1.525435	0.5765561	7.027661
1836	-4460.265	-5466.137	1005.872	1.525435	0.5916809	7.364572
1842	-4463.907	-5470.377	1006.47	1.525435	0.4899703	7.129072
1848	-4457.744	-5465.229	1007.485	1.547193	0.4899703	6.570087
1854	-4452.834	-5459.824	1006.99	1.571921	0.5395672	6.780663
1860	-4443.158	-5450.373	1007.215	1.527865	0.5205078	6.69924
1866	-4452.771	-5458.009	1005.238	1.527865	0.5835208	7.709488
1872	-4459.156	-5464.073	1004.917	1.516435	0.6785737	7.81593
1878	-4465.47	-5473.397	1007.926	1.585078	0.6161214	6.204361
1884	-4480.908	-5488.987	1008.079	1.73332	0.5281314	6.112719
1890	-4472.994	-5482.639	1009.645	1.703809	0.4545716	5.338591
1896	-4498.062	-5507.544	1009.482	1.804134	0.4908358	5.338591
1902	-4455.315	-5465.913	1010.598	1.804134	0.4694961	4.739013
1908	-4464.787	-5475.171	1010.384	1.802904	0.5030324	4.827869
1914	-4470.441	-5480.358	1009.917	1.722276	0.4190332	5.213589
1920	-4459.614	-5468.651	1009.037	1.722276	0.4330787	5.683657
1926	-4461.265	-5471.601	1010.336	1.797601	0.4477635	4.910144
1932	-4444.857	-5454.684	1009.828	1.77776	0.5653123	5.096374
1938	-4456.68	-5466.546	1009.866	1.801191	0.5257151	5.096374
1944	-4443.252	-5453.452	1010.2	1.823334	0.5032453	4.918375
1950	-4449.127	-5459.611	1010.484	1.801096	0.5044058	4.771444
1956	-4464.366	-5474.831	1010.465	1.788952	0.523977	4.771444
1962	-4437.68	-5447.253	1009.573	1.781304	0.523977	5.270888
1968	-4443.139	-5453.526	1010.388	1.811569	0.5030775	4.820809
1974	-4451.583	-5460.924	1009.342	1.811569	0.6791995	5.257253
1980	-4449.735	-5459.056	1009.322	1.740206	0.6576209	5.323702
1986	-4464.992	-5474.047	1009.055	1.607279	0.4946253	5.678121
1992	-4475.49	-5483.148	1007.658	1.60965	0.5358926	6.402154
1998	-4479.241	-5488.304	1009.063	1.555315	0.3093898	5.898839
2004	-4457.685	-5465.785	1008.099	1.562056	0.3541523	6.366385
2010	-4463.017	-5473.537	1010.519	1.739861	0.4288256	4.859431
2016	-4437.103	-5447.053	1009.95	1.817414	0.5089476	5.05557
2022	-4448.245	-5458.101	1009.857	1.708937	0.3476192	5.332668
2028	-4469.202	-5478.196	1008.994	1.708937	0.4425978	5.704974
2034	-4477.751	-5487.382	1009.631	1.695194	0.3991979	5.407233
2040	-4475.519	-5483.711	1008.192	1.670692	0.5370927	6.077675
2046	-4473.991	-5483.835	1009.844	1.778987	0.5370927	5.110671
2052	-4484.46	-5493.964	1009.504	1.778987	0.5370927	5.298681
2058	-4484.958	-5495.546	1010.588	1.8005	0.4684835	4.747549
2064	-4492.466	-5503.192	1010.726	1.8005	0.4684835	4.670552
2070	-4469.004	-5478.571	1009.567	1.800213	0.5671273	5.226662
2076	-4453.579	-5462.865	1009.286	1.776835	0.5904422	5.3754
2082	-4458.178	-5466.942	1008.764	1.776835	0.6111444	5.646008
2088	-4457.223	-5465.878	1008.655	1.637669	0.4409961	5.931213
2094	-4431.776	-5439.137	1007.361	1.520768	0.4537184	6.684845
2100	-4444.682	-5451.533	1006.851	1.596277	0.418544	6.95414
2106	-4449.84	-5460.031	1010.191	1.591786	0.324792	5.240104
2112	-4455.726	-5464.555	1008.829	1.67397	0.4330737	5.823955
2118	-4451.246	-5459.664	1008.418	1.650776	0.4330737	6.060908
2124	-4442.953	-5451.893	1008.94	1.650776	0.4980498	5.71415
2130	-4432.229	-5440.864	1008.635	1.650776	0.4321792	5.94364
2136	-4447.487	-5456.11	1008.624	1.604663	0.4842379	5.925157
2142	-4459.964	-5468.605	1008.641	1.61444	0.4682096	5.925157
2148	-4448.183	-5458.287	1010.104	1.690177	0.3789589	5.170783
2154	-4452.015	-5460.788	1008.774	1.690177	0.4915389	5.78951
2160	-4446.077	-5454.644	1008.567	1.66756	0.4942946	5.912191
2166	-4449.857	-5458.832	1008.975	1.611876	0.3774815	5.83617
2172	-4474.441	-5478.795	1004.353	1.346597	0.3976334	8.444627
2178	-4457.922	-5462.439	1004.517	1.34821	0.4210616	8.333184
2184	-4447.699	-5452.825	1005.125	1.354298	0.4073927	8.019566
2190	-4461.257	-5465.098	1003.841	1.36219	0.4298147	8.676207
2196	-4459.867	-5465.481	1005.614	1.454918	0.4298147	7.682672
2202	-4462.842	-5466.677	1003.835	1.40223	0.4298147	8.65821
2208	-4460.863	-5464.55	1003.688	1.39953	0.6226683	8.573579
2214	-4485.485	-5488.716	1003.231	1.384077	0.4373704	8.980934
2220	-4473.66	-5479.183	1005.523	1.503357	0.5060429	7.634579
2226	-4454.108	-5458.42	1004.312	1.48956	0.492032	8.300418
2232	-4460.668	-5466.696	1006.029	1.445761	0.4425765	7.453023
2238	-4448.79	-5455.348	1006.558	1.542961	0.5451333	7.024542
2244	-4453.664	-5459.952	1006.287	1.542961	0.5451333	7.17004
2250	-4454.965	-5462.371	1007.406	1.545637	0.434397	6.665904
2256	-4475.648	-5482.633	1006.986	1.535231	0.529248	6.811591
2262	-4480.372	-5488.296	1007.924	1.54314	0.3851523	6.4377
2268	-4490.935	-5499.401	1008.466	1.562047	0.3723121	6.146617
2274	-4483.415	-5492.707	1009.291	1.536724	0.3511904	5.733901
2280	-4465.302	-5474.885	1009.583	1.606443	0.3285872	5.56224
2286	-4468.388	-5477.967	1009.579	1.604926	0.2881409	5.616129
2292	-4477.248	-5486.575	1009.327	1.567278	0.331562	5.720746
2298	-4508.361	-5517.328	1008.967	1.669809	0.5029707	5.684356
2304	-4501.433	-5506.881	1005.448	1.523135	0.4116593	7.752842
2310	-4474.101	-5479.722	1005.621	1.553573	0.5296532	7.534927
2316	-4464.066	-5468.81	1004.743	1.525739	0.4898071	8.053545
2322	-4445.217	-5450.967	1005.75	1.487794	0.4124447	7.609581
2328	-4453.994	-5462.073	1008.079	1.572282	0.3827358	6.340475
2334	-4454.771	-5462.014	1007.243	1.557408	0.4711873	6.712457
2340	-4443.853	-5450.612	1006.759	1.499598	0.4711873	7.004962
2346	-4424.746	-5431.708	1006.963	1.497502	0.4331619	6.9326
2352	-4413.318	-5416.832	1003.513	1.447032	0.5247822	8.718829
2358	-4420.696	-5425.692	1004.996	1.297259	0.2675054	8.280829
2364	-4448.111	-5452.755	1004.644	1.385156	0.3867681	8.280829
2370	-4451.399	-5455.863	1004.464	1.373239	0.3457365	8.427862
2376	-4437.331	-5442.342	1005.01	1.358175	0.3747634	8.11293
2382	-4453.673	-5458.314	1004.641	1.435329	0.4302224	8.211624
2388	-4462.15	-5465.477	1003.328	1.43042	0.4993071	8.848011
2394	-4443.407	-5447.126	1003.719	1.383541	0.4656933	8.695445
2400	-4469.815	-5476.274	1006.459	1.606472	0.5320726	7.054448
2406	-4462.334	-5468.809	1006.475	1.552467	0.5486381	7.061065
2412	-4465.004	-5471.469	1006.465	1.542476	0.5617446	7.061065
2418	-4457.884	-5463.42	1005.536	1.476502	0.5434302	7.610059
2424	-4472.366	-5475.925	1003.559	1.403571	0.4574804	8.7774
2430	-4471.125	-5474.926	1003.8	1.366333	0.3511724	8.7774
2436	-4453.155	-5458.513	1005.358	1.373983	0.4389504	7.853791
2442	-4430.735	-5438.299	1007.564	1.483114	0.3844484	6.665655
2448	-4430.392	-5435.917	1005.525	1.458025	0.3544716	7.807043
2454	-4432.683	-5438.207	1005.524	1.467711	0.4105555	7.743309
2460	-4420.045	-5424.441	1004.397	1.404971	0.4105555	8.377541
2466	-4453.925	-5458.551	1004.626	1.366542	0.317629	8.377541
2472	-4435.652	-5440.42	1004.768	1.322561	0.3334526	8.307047
2478	-4437.781	-5440.059	1002.279	1.296861	0.3440334	9.626705
2484	-4428.356	-5429.993	1001.636	1.297225	0.3519505	9.956303
2490	-4425.229	-5428.342	1003.113	1.378255	0.5577266	8.940253
2496	-4428.105	-5434.155	1006.05	1.458811	0.4367358	7.440312
2502	-4434.376	-5441.117	1006.742	1.508613	0.42135	7.057194
2508	-4438.87	-5445.245	1006.375	1.401903	0.42135	7.311612
2514	-4453.087	-5459.085	1005.997	1.405507	0.4447929	7.489297
2520	-4436.219	-5442.066	1005.847	1.510137	0.4709185	7.489297
2526	-4422.736	-5427.104	1004.368	1.391068	0.5450057	8.277491
2532	-4434.493	-5439.673	1005.18	1.412457	0.4731141	7.896197
2538	-4446.551	-5451.575	1005.024	1.399751	0.4005657	8.056288
2544	-4439.857	-5444.352	1004.495	1.512569	0.6048576	8.097476
2550	-4436.904	-5442.997	1006.092	1.524442	0.630456	7.217033
2556	-4443.057	-5451.447	1008.39	1.593325	0.4930098	6.050483
2562	-4448.502	-5457.019	1008.517	1.593325	0.4930098	5.981609
2568	-4454.174	-5461.004	1006.83	1.637064	0.4974115	6.868444
2574	-4448.288	-5453.19	1004.902	1.410093	0.4231352	8.093277
2580	-4449.772	-5456.463	1006.69	1.469533	0.3524039	7.179029
2586	-4448.648	-5455.666	1007.017	1.486935	0.4413722	6.900652
2592	-4439.778	-5445.245	1005.467	1.429032	0.4384548	7.766496
2598	-4431.596	-5438.94	1007.344	1.449057	0.3765321	6.811319
2604	-4429.357	-5437.588	1008.231	1.511835	0.3765321	6.297237
2610	-4420.311	-5428.246	1007.935	1.555656	0.5267313	6.288777
2616	-4445.979	-5454.433	1008.455	1.559246	0.2872062	6.256315
2622	-4436.559	-5443.812	1007.253	1.555123	0.365423	6.815489
2628	-4434.818	-5442.58	1007.762	1.563799	0.365423	6.53541
2634	-4424.366	-5432.096	1007.729	1.557848	0.384895	6.53541
2640	-4430.956	-5438.488	1007.532	1.531623	0.4073917	6.632863
2646	-4455.708	-5463.559	1007.851	1.531623	0.4073917	6.460127
2652	-4438.535	-5445.347	1006.812	1.51823	0.4804978	6.957535
2658	-4418.98	-5426.331	1007.351	1.518597	0.4804978	6.666559
2664	-4442.085	-5449.707	1007.622	1.53778	0.5238471	6.4707
2670	-4422.197	-5429.948	1007.751	1.544628	0.4438861	6.4707
2676	-4413.936	-5422.083	1008.148	1.544628	0.4438861	6.255449
2682	-4406.163	-5415.084	1008.92	1.609645	0.5169141	5.730555
2688	-4437.371	-5445.516	1008.145	1.624224	0.4537257	6.203999
2694	-4418.708	-5427.622	1008.914	1.589934	0.4327554	5.824062
2700	-4441.326	-5450.388	1009.062	1.646468	0.5779472	5.580681
2706	-4436.704	-5445.084	1008.38	1.523562	0.4002604	6.184762
2712	-4433.671	-5440.253	1006.581	1.499183	0.5678656	7.016675
2718	-4437.727	-5443.751	1006.025	1.457795	0.4808703	7.412757
2724	-4440.857	-5448.53	1007.673	1.457795	0.4324484	6.570984
2730	-4438.26	-5444.676	1006.417	1.457678	0.4928618	7.191727
2736	-4431.77	-5438.204	1006.434	1.470496	0.474765	7.191727
2742	-4423.764	-5430.142	1006.378	1.456953	0.4100509	7.292134
2748	-4439.874	-5448.119	1008.246	1.493196	0.4099073	6.263995
2754	-4434.187	-5442.776	1008.589	1.549935	0.4128833	6.043454
2760	-4444.74	-5453.557	1008.817	1.645417	0.4289348	5.850407
2766	-4457.956	-5466.677	1008.721	1.628925	0.4932413	5.850407
2772	-4470.936	-5479.763	1008.827	1.641754	0.4315087	5.844542
2778	-4448.442	-5457.813	1009.371	1.648148	0.405912	5.56874
2784	-4456.46	-5465.949	1009.488	1.685557	0.485924	5.404986
2790	-4461.025	-5470.31	1009.285	1.673457	0.54171	5.473463
2796	-4462.014	-5473.551	1011.537	1.765743	0.3115944	4.408394
2802	-4471.226	-5483.448	1012.221	1.779746	0.3115944	4.012064
2808	-4471.772	-5483.945	1012.173	1.833551	0.335178	3.978785
2814	-4460.773	-5472.466	1011.693	1.827469	0.3371336	4.253146
2820	-4445.309	-5456.137	1010.828	1.743728	0.3965242	4.718935
2826	-4436.356	-5445.919	1009.563	1.641435	0.3759021	5.499292
2832	-4457.291	-5466.798	1009.507	1.660362	0.3759021	5.519668
2838	-4450.22	-5459.64	1009.42	1.66342	0.3031739	5.652085
2844	-4438.9	-5449.422	1010.521	1.726699	0.3174943	4.991123
2850	-4434.615	-5445.589	1010.974	1.726699	0.3737882	4.671758
2856	-4445.327	-5454.021	1008.694	1.657786	0.5853576	5.770398
2862	-4446.625	-5455.349	1008.724	1.683441	0.4160237	5.893566
2868	-4439.901	-5448.96	1009.059	1.682713	0.5151425	5.615972
2874	-4467.257	-5474.523	1007.266	1.656431	0.4672872	6.650175
2880	-4472.949	-5480.977	1008.028	1.56409	0.5575612	6.207365
2886	-4442.286	-5450.409	1008.123	1.594239	0.4190855	6.266375
2892	-4462.018	-5470.213	1008.195	1.662448	0.5013784	6.111957
2898	-4443.686	-5450.887	1007.201	1.605573	0.5856491	6.610437
2904	-4425.199	-5432.002	1006.803	1.505936	0.5525504	6.906197
2910	-4404.252	-5411.027	1006.775	1.505936	0.5096075	6.957976
2916	-4390.019	-5396.934	1006.914	1.505514	0.4294524	6.957976
2922	-4392.163	-5401.05	1008.887	1.608594	0.480933	5.781796
2928	-4418.575	-5428.027	1009.452	1.603859	0.3392087	5.622912
2934	-4439.657	-5448.033	1008.376	1.566628	0.4616362	6.101919
2940	-4436.039	-5443.892	1007.853	1.567227	0.478838	6.369713
2946	-4427.832	-5434.551	1006.719	1.550827	0.4823321	6.988323
2952	-4436.563	-5442.709	1006.146	1.401778	0.4823321	7.376685
2958	-4442.878	-5447.873	1004.995	1.355502	0.3917073	8.104614
2964	-4460.659	-5466.852	1006.192	1.532085	0.3917073	7.370103
2970	-4440.839	-5446.219	1005.38	1.485113	0.5089188	7.718391
2976	-4425.277	-5432.914	1007.638	1.556204	0.4818848	6.489878
2982	-4434.128	-5443.274	1009.146	1.581602	0.3890092	5.747011
2988	-4460.145	-5470.026	1009.881	1.702858	0.3642583	5.303413
2994	-4450.101	-5459.549	1009.449	1.755355	0.5048235	5.371048
3000	-4455.515	-5465.415	1009.9	1.773025	0.5343931	5.08538
3006	-4451.778	-5461.478	1009.7	1.776461	0.4842318	5.239622
3012	-4445.818	-5454.993	1009.175	1.667977	0.4378436	5.632919
3018	-4471.358	-5479.608	1008.25	1.628604	0.4018263	6.196403
3024	-4462.715	-5469.394	1006.679	1.424351	0.3811782	7.17786
3030	-4458.113	-5464.994	1006.88	1.515835	0.3245323	7.084371
3036	-4484.237	-5490.844	1006.607	1.515835	0.4173641	7.129736
3042	-4458.002	-5465.495	1007.492	1.514536	0.399765	6.671447
3048	-4465.667	-5474.796	1009.129	1.615256	0.3970433	5.729154
3054	-4461.185	-5469.816	1008.63	1.686743	0.5069538	5.855877
3060	-4461.112	-5470.183	1009.071	1.680063	0.4083274	5.71358
3066	-4464.801	-5473.896	1009.095	1.699189	0.3859971	5.71358
3072	-4476.799	-5482.678	1005.879	1.640161	0.6829877	7.230929
3078	-4463.133	-5470.793	1007.66	1.589403	0.4624712	6.477929
3084	-4462.732	-5469.674	1006.942	1.60372	0.5872678	6.750367
3090	-4459.891	-5466.844	1006.953	1.574875	0.586653	6.760229
3096	-4463.209	-5470.293	1007.084	1.575134	0.586653	6.689434
3102	-4461.075	-5468.046	1006.971	1.559966	0.5324187	6.803419
3108	-4460.285	-5466.505	1006.22	1.491885	0.4838695	7.287125
3114	-4459.182	-5466.529	1007.347	1.538252	0.4869789	6.652154
3120	-4482.471	-5489.99	1007.52	1.552804	0.4869789	6.550882
3126	-4467.593	-5476.072	1008.479	1.575074	0.3713068	6.133797
3132	-4458.278	-5466.701	1008.423	1.629227	0.4376492	6.065752
3138	-4453.776	-5461.798	1008.022	1.562033	0.4821046	6.278037
3144	-4465.312	-5469.684	1004.372	1.374027	0.3620985	8.457703
3150	-4455.204	-5462.205	1007.001	1.538514	0.4846914	6.841061
3156	-4478.083	-5486.377	1008.294	1.652018	0.4846914	6.078759
3162	-4440.862	-5449.803	1008.941	1.669093	0.4610851	5.738218
3168	-4450.192	-5460.356	1010.164	1.670045	0.3766641	5.150864
3174	-4449.967	-5458.667	1008.699	1.651532	0.4754728	5.866237
3180	-4463.905	-5472.003	1008.098	1.628422	0.6058747	6.095197
3186	-4475.414	-5481.727	1006.313	1.545262	0.6850266	7.047399
3192	-4460.454	-5467.505	1007.052	1.527535	0.47035	6.832823
3198	-4457.441	-5465.911	1008.47	1.592093	0.5168064	5.986365
3204	-4450.723	-5460.282	1009.559	1.592093	0.3968592	5.506185
3210	-4447.069	-5456.203	1009.134	1.701108	0.5837954	5.506185
3216	-4467.847	-5477.605	1009.758	1.752018	0.5837954	5.133726
3222	-4438.918	-5447.416	1008.498	1.752018	0.6734628	5.758129
3228	-4423.231	-5432.479	1009.248	1.745939	0.580695	5.421607
3234	-4430.212	-5439.715	1009.503	1.697093	0.4532982	5.421607
3240	-4423.946	-5432.095	1008.15	1.717634	0.7325996	5.925426
3246	-4421.842	-5430.12	1008.279	1.693353	0.6528211	5.925426
3252	-4427.23	-5435.933	1008.703	1.66233	0.4670663	5.86629
3258	-4427.928	-5435.417	1007.488	1.64941	0.5810305	6.435001
3264	-4418.723	-5426.599	1007.877	1.597691	0.5810305	6.252173
3270	-4404.867	-5414.585	1009.718	1.722356	0.5810305	5.174903
3276	-4413.894	-5423.678	1009.784	1.722356	0.5375647	5.174903
3282	-4409.105	-5418.68	1009.574	1.684697	0.5375647	5.311631
3288	-4420.765	-5428.3	1007.535	1.570071	0.5375647	6.488728
3294	-4433.729	-5440.965	1007.235	1.611225	0.6936064	6.507625
3300	-4442.189	-5449.696	1007.507	1.611225	0.5900629	6.438316
3306	-4454.476	-5462.727	1008.251	1.667415	0.6496466	5.957162
3312	-4442.44	-5450.777	1008.337	1.691607	0.5884362	5.944421
3318	-4452.434	-5460.593	1008.159	1.691607	0.6177949	6.018085
3324	-4428.436	-5436.657	1008.221	1.634674	0.6145003	6.018085
3330	-4461.324	-5469.818	1008.493	1.73279	0.6312336	5.802904
3336	-4455.999	-5465.128	1009.129	1.789624	0.6312336	5.422594
3342	-4462.028	-5471.956	1009.928	1.77979	0.4598054	5.134782
3348	-4468.553	-5479.393	1010.84	1.782809	0.4890538	4.597139
3354	-4469.729	-5479.849	1010.12	1.746746	0.4890538	5.018949
3360	-4472.822	-5480.901	1008.079	1.621407	0.5305791	6.171607
3366	-4464.598	-5473.455	1008.856	1.621407	0.4459944	5.825199
3372	-4426.291	-5434.694	1008.402	1.688235	0.6162525	5.888492
3378	-4430.222	-5438.893	1008.671	1.691342	0.5656954	5.780546
3384	-4421.012	-5429.798	1008.786	1.669653	0.5508082	5.741996
3390	-4431.778	-5440.818	1009.039	1.614368	0.4325995	5.741996
3396	-4436.523	-5446.026	1009.503	1.752737	0.6231986	5.242937
3402	-4469.161	-5476.658	1007.497	1.709554	0.6683592	6.330744
3408	-4464.091	-5471.198	1007.107	1.641383	0.6669641	6.579923
3414	-4447.184	-5453.718	1006.534	1.57557	0.650334	6.937059
3420	-4449.357	-5456.177	1006.82	1.485876	0.5185001	6.937059
3426	-4438.032	-5444.719	1006.687	1.592259	0.6961715	6.812667
3432	-4435.225	-5443.357	1008.131	1.592259	0.5410373	6.149819
3438	-4439.472	-5447.77	1008.298	1.573091	0.4522765	6.149819
3444	-4447.136	-5454.503	1007.366	1.607346	0.5175276	6.577046
3450	-4460.14	-5467.953	1007.812	1.544919	0.5071899	6.378519
3456	-4450.163	-5459.499	1009.335	1.628569	0.4769097	5.528976
3462	-4453.843	-5463.098	1009.255	1.628569	0.4318565	5.616866
3468	-4439.134	-5448.194	1009.06	1.6099	0.4715254	5.6953
3474	-4438.174	-5447.16	1008.985	1.65714	0.5544978	5.636351
3480	-4422.998	-5432.103	1009.105	1.658353	0.4796825	5.636351
3486	-4431.228	-5441.073	1009.845	1.700948	0.4848857	5.200487
3492	-4447.427	-5456.369	1008.942	1.730729	0.6100743	5.574371
3498	-4425.954	-5435.556	1009.602	1.638406	0.5770897	5.288624
3504	-4418.604	-5427.154	1008.551	1.557094	0.3678315	6.108415
3510	-4425.003	-5431.986	1006.983	1.525694	0.5093978	6.835377
3516	-4433.332	-5440.492	1007.161	1.588397	0.5761244	6.649412
3522	-4446.893	-5452.912	1006.019	1.546723	0.5891544	7.276672
3528	-4448.191	-5454.842	1006.65	1.546723	0.5244083	6.990344
3534	-4452.758	-5459.638	1006.88	1.650192	0.7083475	6.668487
3540	-4463.862	-5470.686	1006.824	1.597275	0.5123945	6.880227
3546	-4458.322	-5465.643	1007.321	1.577385	0.5504948	6.589577
3552	-4455.2	-5461.968	1006.768	1.608836	0.5941278	6.83578
3558	-4457.385	-5466.409	1009.024	1.68071	0.3994939	5.748375
3564	-4465.692	-5474.364	1008.672	1.683191	0.6105704	5.748375
3570	-4460.085	-5468.845	1008.76	1.667934	0.4995344	5.801974
3576	-4455.013	-5464.346	1009.334	1.69208	0.503071	5.470853
3582	-4459.438	-5468.918	1009.48	1.69208	0.5217685	5.373619
3588	-4470.218	-5479.553	1009.335	1.718941	0.4298418	5.525024
3594	-4443.122	-5453.403	1010.281	1.783848	0.5582871	4.846919
3600	-4465.854	-5476.134	1010.28	1.784419	0.5582871	4.846919
3606	-4455.113	-5464.624	1009.51	1.7652	0.6241753	5.23119
3612	-4461.568	-5469.608	1008.04	1.734147	0.7046998	5.995907
3618	-4448.451	-5456.506	1008.055	1.680284	0.5386644	6.145434
3624	-4461.285	-5469.692	1008.407	1.52973	0.4207723	6.145434
3630	-4446.942	-5453.765	1006.824	1.499726	0.5504145	6.900182
3636	-4445.956	-5450.93	1004.974	1.378896	0.5844459	7.929043
3642	-4448.419	-5452.841	1004.422	1.40877	0.5649123	8.223227
3648	-4452.435	-5456.705	1004.27	1.324238	0.4306548	8.468039
3654	-4458.128	-5462.941	1004.813	1.476037	0.5693042	7.97544
3660	-4461.024	-5464.12	1003.097	1.452126	0.697903	8.805007
3666	-4443.949	-5448.448	1004.499	1.468486	0.435531	8.264823
3672	-4447.424	-5449.758	1002.333	1.362876	0.5529772	9.364575
3678	-4443.581	-5448.145	1004.564	1.327832	0.3606514	8.382151
3684	-4452.067	-5455.594	1003.527	1.314636	0.5070871	8.796919
3690	-4441.438	-5448.016	1006.578	1.484158	0.3545438	7.229237
3696	-4461.873	-5468.703	1006.831	1.482522	0.3689049	7.07832
3702	-4459.175	-5464.614	1005.439	1.433955	0.4987738	7.723241
3708	-4464.221	-5469.13	1004.909	1.433955	0.4878583	8.015985
3714	-4462.166	-5469.504	1007.338	1.603383	0.469366	6.638043
3720	-4468.067	-5477.263	1009.196	1.648378	0.4507592	5.619818
3726	-4445.839	-5455.586	1009.747	1.68988	0.4272242	5.317113
3732	-4443.385	-5452.469	1009.084	1.68988	0.415213	5.694013
3738	-4431.839	-5440.164	1008.325	1.697849	0.4970531	6.025615
3744	-4426.165	-5435.979	1009.815	1.704792	0.4340413	5.264541
3750	-4413.56	-5422.579	1009.019	1.688068	0.4510396	5.694413
3756	-4421.906	-5431.6	1009.694	1.626336	0.3668912	5.445637
3762	-4444.901	-5453.763	1008.863	1.607932	0.3643231	5.914544
3768	-4438.107	-5445.97	1007.863	1.506701	0.4185279	6.455384
3774	-4432.552	-5440.291	1007.739	1.479763	0.4069353	6.549208
3780	-4442.693	-5449.38	1006.687	1.492105	0.4069353	7.11014
3786	-4428.522	-5434.932	1006.41	1.418285	0.5060801	7.204822
3792	-4420.735	-5426.632	1005.896	1.471924	0.5106379	7.447621
3798	-4446.142	-5453.956	1007.814	1.583883	0.5131311	6.350964
3804	-4456.233	-5464.293	1008.06	1.583883	0.3766934	6.350964
3810	-4449.242	-5455.641	1006.399	1.492771	0.517377	7.160876
3816	-4435.398	-5441.271	1005.873	1.529002	0.5649337	7.383646
3822	-4438.606	-5444.562	1005.956	1.437089	0.3874376	7.552417
3828	-4429.831	-5434.589	1004.758	1.467479	0.3874376	8.175462
3834	-4441.497	-5447.301	1005.804	1.519864	0.5379341	7.447837
3840	-4454.723	-5462.619	1007.896	1.590235	0.4350103	6.375834
3846	-4449.061	-5457.155	1008.094	1.495195	0.38079	6.375834
3852	-4452.464	-5461.147	1008.682	1.674314	0.4783661	5.860457
3858	-4466.532	-5475.264	1008.732	1.629938	0.517481	5.821948
3864	-4472.805	-5480.96	1008.155	1.650036	0.5052908	6.136942
3870	-4451.277	-5458.913	1007.636	1.631605	0.5682416	6.375159
3876	-4446.427	-5453.553	1007.126	1.456942	0.3200827	6.988922
3882	-4450.679	-5455.498	1004.819	1.401122	0.3309261	8.24099
3888	-4437.53	-5443.814	1006.284	1.520829	0.4443332	7.274288
3894	-4458.97	-5465.3	1006.33	1.520829	0.4189094	7.274288
3900	-4449.411	-5455.588	1006.177	1.520829	0.4618733	7.31507
3906	-4428.754	-5436.212	1007.458	1.533893	0.4068416	6.672322
3912	-4438.073	-5445.471	1007.398	1.558779	0.4175652	6.680214
3918	-4428.793	-5436.246	1007.453	1.510928	0.3719812	6.724313
3924	-4437.13	-5444.08	1006.95	1.564761	0.4819456	6.856779
3930	-4445.94	-5451.992	1006.052	1.51227	0.506936	7.34545
3936	-4445.339	-5451.611	1006.272	1.528033	0.5089295	7.217594
3942	-4434.887	-5442.106	1007.219	1.56952	0.4720223	6.718155
3948	-4424.238	-5432.884	1008.646	1.645167	0.5337027	5.846809
3954	-4417.021	-5426.48	1009.459	1.691611	0.4605906	5.441985
3960	-4420.054	-5428.252	1008.198	1.628095	0.4388439	6.187632
3966	-4427.716	-5434.542	1006.825	1.50522	0.593976	6.861168
3972	-4404.185	-5411.87	1007.685	1.62169	0.4618113	6.447239
3978	-4410.688	-5418.706	1008.018	1.640374	0.5038202	6.217959
3984	-4419.664	-5427.659	1007.995	1.621835	0.6164965	6.146931
3990	-4436.428	-5444.427	1007.999	1.699391	0.5237692	6.178628
3996	-4421.39	-5429.727	1008.338	1.593586	0.4820682	6.08917
4002	-4434.752	-5439.885	1005.133	1.576109	0.7008692	7.652628
4008	-4431.121	-5437.663	1006.541	1.560347	0.5735114	7.000901
4014	-4449.448	-5454.799	1005.35	1.48679	0.5158187	7.727269
4020	-4445.335	-5451.098	1005.763	1.463087	0.5702657	7.473652
4026	-4466.17	-5471.768	1005.598	1.487869	0.6684022	7.473798
4032	-4468.033	-5472.923	1004.89	1.511566	0.7073161	7.812633
4038	-4456.203	-5460.308	1004.105	1.407253	0.5535339	8.401708
4044	-4441.832	-5446.401	1004.569	1.480093	0.5415925	8.125856
4050	-4433.654	-5437.409	1003.755	1.408119	0.4893654	8.64215
4056	-4436.386	-5443.597	1007.211	1.571036	0.3693199	6.825281
4062	-4425.709	-5431.894	1006.184	1.499213	0.4015862	7.38185
4068	-4439.003	-5445.111	1006.108	1.460885	0.4642727	7.38185
4074	-4437.102	-5441.577	1004.475	1.366396	0.4779459	8.291815
4080	-4433.058	-5439.576	1006.518	1.394875	0.4206807	7.239252
4086	-4447.895	-5452.747	1004.851	1.415706	0.469867	8.072715
4092	-4423.898	-5429.089	1005.191	1.42828	0.469867	7.884616
4098	-4431.412	-5436.007	1004.595	1.400089	0.4381838	8.247505
4104	-4441.932	-5446.614	1004.682	1.321884	0.310668	8.380007
4110	-4426.372	-5433.622	1007.25	1.441157	0.3906051	6.851131
4116	-4427.079	-5434.325	1007.246	1.512151	0.5492537	6.666435
4122	-4435.052	-5441.314	1006.261	1.441705	0.5639975	7.222856
4128	-4440.846	-5445.994	1005.148	1.387771	0.4364199	7.960731
4134	-4421.438	-5426.702	1005.264	1.431078	0.48977	7.826041
4140	-4448.453	-5453.402	1004.95	1.451943	0.5349286	7.943639
4146	-4428.163	-5433.318	1005.156	1.428435	0.4277871	7.943639
4152	-4412.677	-5419.14	1006.464	1.428435	0.4289477	7.242266
4158	-4415.663	-5423.197	1007.534	1.532494	0.3664783	6.675002
4164	-4436.137	-5441.984	1005.847	1.470755	0.5027531	7.481398
4170	-4423.221	-5426.931	1003.71	1.472613	0.6206895	8.524362
4176	-4422.369	-5425.719	1003.35	1.472613	0.4857827	8.826115
4182	-4432.525	-5438.028	1005.504	1.417392	0.3723919	7.820751
4188	-4433.852	-5439.991	1006.139	1.539341	0.4729184	7.315064
4194	-4434.325	-5440.341	1006.016	1.539341	0.4729184	7.380898
4200	-4447.186	-5454.328	1007.141	1.539341	0.4601792	6.787481
4206	-4473.128	-5480.947	1007.82	1.573706	0.4383898	6.423082
4212	-4436.191	-5442.99	1006.799	1.568361	0.4367332	6.978889
4218	-4452.285	-5459.637	1007.353	1.566028	0.5309142	6.59521
4224	-4446.528	-5453.937	1007.408	1.513392	0.4725393	6.645775
4230	-4425.356	-5433.207	1007.851	1.607848	0.4725393	6.354786
4236	-4434.887	-5442.993	1008.107	1.607848	0.4243473	6.262599
4242	-4448.774	-5455.191	1006.417	1.509084	0.5932761	7.079353
4248	-4439.082	-5445.663	1006.581	1.509084	0.4887607	7.079353
4254	-4437.47	-5444.114	1006.643	1.435555	0.3901122	7.181511
4260	-4442.01	-5448.043	1006.033	1.481103	0.4453282	7.429409
4266	-4451.703	-5458.072	1006.369	1.477879	0.4121737	7.283147
4272	-4455.827	-5460.38	1004.552	1.354508	0.513135	8.225951
4278	-4439.445	-5447.004	1007.559	1.476656	0.4555983	6.599942
4284	-4447.874	-5455.793	1007.919	1.489594	0.3256788	6.536406
4290	-4461.763	-5468.645	1006.882	1.597672	0.3616261	6.996986
4296	-4474.769	-5483.162	1008.393	1.630778	0.4895357	6.031754
4302	-4458.12	-5466.507	1008.387	1.637288	0.4895357	6.031754
4308	-4460.608	-5467.1	1006.492	1.556541	0.3846786	7.203594
4314	-4450.172	-5455.045	1004.873	1.484381	0.3979071	8.09429
4320	-4461.134	-5466.877	1005.743	1.407757	0.4535579	7.616082
4326	-4447.591	-5452.401	1004.81	1.455428	0.4289291	8.112238
4332	-4453.101	-5459.515	1006.414	1.492515	0.4040054	7.259763
4338	-4461.386	-5466.029	1004.644	1.506498	0.6340835	7.99929
4344	-4471.88	-5477.962	1006.081	1.53752	0.6701056	7.186753
4350	-4449.899	-5455.931	1006.032	1.630237	0.7257718	7.124445
4356	-4449.068	-5454.716	1005.648	1.51497	0.7257718	7.392366
4362	-4438.006	-5443.943	1005.937	1.453375	0.4172662	7.52282
4368	-4464.881	-5470.607	1005.725	1.45608	0.3984427	7.653952
4374	-4441.523	-5448.962	1007.439	1.567985	0.4981594	6.575984
4380	-4454.311	-5460.931	1006.62	1.528678	0.5618861	6.984928
4386	-4429.395	-5435.913	1006.518	1.503037	0.4885174	7.116905
4392	-4439.778	-5447.207	1007.429	1.503037	0.4590976	6.652622
4398	-4439.994	-5447.524	1007.53	1.528213	0.4132127	6.629665
4404	-4436.968	-5443.466	1006.497	1.518169	0.414543	7.190385
4410	-4441.557	-5447.736	1006.179	1.493001	0.5397101	7.259583
4416	-4441.592	-5447.796	1006.204	1.503318	0.5175141	7.259583
4422	-4436.085	-5442.22	1006.135	1.503318	0.5340452	7.282285
4428	-4434.966	-5441.188	1006.222	1.491852	0.4762213	7.292964
4434	-4440.676	-5446.878	1006.202	1.479115	0.4846361	7.302832
4440	-4426.165	-5431.636	1005.471	1.423204	0.4969919	7.713592
4446	-4452.66	-5457.059	1004.399	1.458825	0.4477831	8.31107
4452	-4440.822	-5446.956	1006.134	1.50016	0.4909956	7.322193
4458	-4452.279	-5458.365	1006.086	1.466198	0.5419427	7.322193
4464	-4458.312	-5465.201	1006.889	1.494282	0.4337405	6.973156
4470	-4451.726	-5457.031	1005.305	1.472881	0.5734696	7.711172
4476	-4436.448	-5441.468	1005.02	1.490751	0.5573663	7.866562
4482	-4473.528	-5477.203	1003.675	1.477651	0.4933457	8.644104
4488	-4475.195	-5480.787	1005.592	1.55631	0.5378811	7.541864
4494	-4468.238	-5474.341	1006.103	1.551081	0.4948078	7.30818
4500	-4470.337	-5477.019	1006.681	1.529227	0.5733082	6.942204
4506	-4455.85	-5462.234	1006.385	1.529227	0.5702671	7.104526
4512	-4456.262	-5464.21	1007.949	1.572106	0.52143	6.277115
4518	-4469.423	-5478.708	1009.285	1.69212	0.5667515	5.442158
4524	-4443.879	-5453.346	1009.466	1.697403	0.4636319	5.431518
4530	-4452.853	-5462.251	1009.398	1.688876	0.5090931	5.431518
4536	-4470.606	-5479.137	1008.531	1.621939	0.5941141	5.871875
4542	-4471.28	-5479.404	1008.124	1.635118	0.5570728	6.117194
4548	-4473.386	-5481.576	1008.19	1.642835	0.5103669	6.117194
4554	-4462.139	-5469.598	1007.459	1.647253	0.5610095	6.468642
4560	-4451.005	-5458.732	1007.727	1.567036	0.4469576	6.468642
4566	-4469.593	-5477.739	1008.146	1.559493	0.5108594	6.185704
4572	-4449.93	-5457.974	1008.044	1.61379	0.5108594	6.211753
4578	-4472.23	-5480.59	1008.36	1.594517	0.4715733	6.086013
4584	-4457.712	-5465.717	1008.005	1.489927	0.4042044	6.402439
4590	-4471.499	-5477.822	1006.323	1.446065	0.4458079	7.292169
4596	-4458.232	-5463.831	1005.6	1.407059	0.4690084	7.678521
4602	-4461.012	-5466.229	1005.217	1.41958	0.467278	7.878002
4608	-4458.211	-5459.71	1001.499	1.332428	0.4482998	9.911784
4614	-4451.58	-5453.876	1002.296	1.3063	0.3307621	9.627545
4620	-4451.19	-5450.123	998.9339	1.202333	0.4330613	11.34068
4626	-4453.124	-5453.419	1000.294	1.202333	0.4470663	10.61486
4632	-4458.469	-5459.319	1000.85	1.284355	0.3690738	10.35767
4638	-4459.527	-5463.55	1004.023	1.366265	0.3489686	8.661782
4644	-4451.415	-5453.497	1002.082	1.264797	0.3289565	9.764653
4650	-4430.281	-5432.211	1001.93	1.207512	0.3627049	9.836986
4656	-4447.937	-5448.842	1000.906	1.215309	0.3630604	10.37127
4662	-4451.158	-5456.259	1005.101	1.332892	0.4003302	8.051414
4668	-4431.179	-5436.985	1005.805	1.452416	0.5233431	7.495711
4674	-4444.613	-5450.51	1005.898	1.50167	0.4399848	7.495711
4680	-4442.806	-5448.693	1005.887	1.42652	0.4503444	7.53184
4686	-4440.155	-5445.91	1005.754	1.48329	0.5090678	7.518849
4692	-4433.078	-5440.628	1007.55	1.431916	0.4445679	6.639606
4698	-4437.105	-5442.665	1005.56	1.429217	0.5131665	7.64829
4704	-4435.485	-5441.5	1006.016	1.445637	0.4416068	7.460983
4710	-4450.591	-5456.064	1005.473	1.40813	0.5093945	7.709518
4716	-4454.168	-5459.596	1005.428	1.496357	0.5093945	7.686184
4722	-4444.544	-5449.431	1004.887	1.496665	0.6113055	7.892048
4728	-4436.546	-5440.932	1004.386	1.404655	0.4533952	8.34162
4734	-4453.223	-5458.783	1005.56	1.449754	0.432085	7.71208
4740	-4432.62	-5438.254	1005.634	1.427051	0.4045863	7.71208
4746	-4456.275	-5461.386	1005.111	1.474186	0.4045863	7.966368
4752	-4465.775	-5469.162	1003.387	1.437683	0.5340332	8.783019
4758	-4480.348	-5485.96	1005.612	1.455275	0.5369192	7.586226
4764	-4462.183	-5469.739	1007.556	1.572257	0.6496057	6.386988
4770	-4448.957	-5455.252	1006.295	1.539029	0.579112	7.140052
4776	-4457.437	-5463.967	1006.53	1.528577	0.6030478	7.000335
4782	-4436.011	-5443.529	1007.518	1.653878	0.6631755	6.353352
4788	-4450.56	-5458.402	1007.842	1.653878	0.6211622	6.208934
4794	-4464.304	-5471.543	1007.238	1.637707	0.7418078	6.45827
4800	-4454.278	-5461.57	1007.292	1.618394	0.5733593	6.564308
4806	-4453.377	-5460.614	1007.236	1.618394	0.6113159	6.564308
4812	-4447.907	-5456.666	1008.76	1.667005	0.5593468	5.750565
4818	-4449.801	-5458.575	1008.774	1.652969	0.5593468	5.750565
4824	-4462.715	-5471.301	1008.586	1.703936	0.5515386	5.831917
4830	-4471.292	-5480.453	1009.161	1.703936	0.5069738	5.55581
4836	-4464.822	-5473.54	1008.719	1.700498	0.5966669	5.724219
4842	-4458.229	-5468.093	1009.864	1.758416	0.5966669	5.061082
4848	-4496.202	-5506.066	1009.865	1.758416	0.5961586	5.061082
4854	-4485.791	-5497.321	1011.529	1.826292	0.398187	4.275984
4860	-4469.234	-5480.158	1010.924	1.826292	0.4646806	4.548748
4866	-4468.095	-5478.863	1010.768	1.883523	0.5212881	4.550968
4872	-4493.38	-5504.095	1010.715	1.87712	0.559162	4.550968
4878	-4472.686	-5483.655	1010.968	1.783713	0.4612881	4.550968
4884	-4467.341	-5477.464	1010.122	1.837092	0.5225071	4.936766
4890	-4459.454	-5469.796	1010.343	1.718471	0.4617746	4.936766
4896	-4439.288	-5449.191	1009.903	1.676578	0.4617746	5.203738
4902	-4435.213	-5442.601	1007.388	1.606474	0.5957789	6.500836
4908	-4439.764	-5447.785	1008.021	1.637773	0.4557252	6.262162
4914	-4452.433	-5460.171	1007.738	1.579463	0.5066455	6.400489
4920	-4443.48	-5449.588	1006.108	1.64279	0.6075685	7.16257
4926	-4427.521	-5435.77	1008.249	1.64279	0.5444718	6.055239
4932	-4442.869	-5451.339	1008.47	1.644428	0.4735046	5.997158
4938	-4445.089	-5453.429	1008.34	1.658007	0.5448197	5.997158
4944	-4414.061	-5422.545	1008.484	1.625549	0.4764048	5.997158
4950	-4436.873	-5444.559	1007.686	1.604681	0.6605592	6.290621
4956	-4437.045	-5443.364	1006.32	1.595857	0.6605592	7.034228
4962	-4435.616	-5441.77	1006.153	1.517464	0.5884232	7.220484
4968	-4447.739	-5454.546	1006.806	1.51654	0.5238757	6.923038
4974	-4459.413	-5466.765	1007.352	1.609779	0.581564	6.529804
4980	-4461.815	-5469.441	1007.626	1.609779	0.4432918	6.503658
4986	-4449.499	-5457.467	1007.968	1.609779	0.5341235	6.234978
4992	-4440.127	-5447.832	1007.705	1.578529	0.5341235	6.394654
4998	-4441.773	-5449.116	1007.342	1.526803	0.4411223	6.703984
5004	-4464.517	-5471.795	1007.278	1.557068	0.4603231	6.703984
5010	-4470.385	-5477.579	1007.194	1.557068	0.5102463	6.703984
5016	-4456.116	-5464.565	1008.448	1.619069	0.5102463	5.989278
5022	-4466.798	-5474.073	1007.275	1.595671	0.538087	6.614941
5028	-4461.393	-5468.051	1006.659	1.558171	0.538087	6.968117
5034	-4466.948	-5473.339	1006.391	1.535866	0.4978744	7.15881
5040	-4461.761	-5467.136	1005.375	1.522548	0.5865024	7.636645
5046	-4464.95	-5471.669	1006.719	1.514183	0.4773985	7.012869
5052	-4440.946	-5447.258	1006.312	1.550014	0.3887529	7.299684
5058	-4450.148	-5459.181	1009.032	1.584985	0.36314	5.835535
5064	-4450.006	-5456.293	1006.286	1.476625	0.4337909	7.306898
5070	-4463.221	-5469.787	1006.565	1.545888	0.4263401	7.127191
5076	-4460.017	-5466.897	1006.88	1.505608	0.572676	6.848494
5082	-4461.061	-5467.807	1006.746	1.585049	0.4476453	6.987849
5088	-4475.407	-5481.964	1006.557	1.504863	0.5222646	7.06505
5094	-4456.016	-5460.073	1004.057	1.406243	0.5147576	8.460345
5100	-4444.593	-5449.475	1004.882	1.460884	0.5147576	7.992155
5106	-4458.802	-5463.022	1004.221	1.4716	0.5147576	8.338715
5112	-4445.592	-5447.266	1001.675	1.346588	0.5147576	9.752432
5118	-4451.312	-5453.065	1001.753	1.299764	0.4958083	9.752432
5124	-4434.992	-5437.222	1002.23	1.339821	0.3442569	9.629658
5130	-4442.933	-5447.867	1004.934	1.348739	0.4770583	8.057825
5136	-4450.824	-5455.65	1004.825	1.457299	0.4770583	8.057825
5142	-4472.078	-5476.783	1004.704	1.523978	0.4875475	8.077191
5148	-4470.884	-5478.187	1007.303	1.523969	0.4875475	6.683237
5154	-4468.536	-5475.498	1006.962	1.514104	0.5123125	6.850411
5160	-4458.931	-5464.309	1005.378	1.479453	0.5253543	7.708239
5166	-4462.002	-5467.081	1005.078	1.552423	0.6911756	7.70134
5172	-4447.384	-5453.442	1006.057	1.498489	0.618674	7.258762
5178	-4470.104	-5476.447	1006.344	1.536826	0.5361857	7.150698
5184	-4460.247	-5466.556	1006.31	1.464974	0.4804079	7.256575
5190	-4445.711	-5453.224	1007.513	1.489409	0.384019	6.690522
5196	-4438.157	-5445.301	1007.144	1.553389	0.6567805	6.615109
5202	-4439.78	-5446.554	1006.774	1.611442	0.5534718	6.864112
5208	-4441.468	-5448.041	1006.572	1.54622	0.5662634	6.99762
5214	-4441.15	-5447.88	1006.73	1.50044	0.4958347	6.99762
5220	-4439.12	-5445.558	1006.438	1.517901	0.5482572	7.099807
5226	-4440.295	-5446.197	1005.901	1.569555	0.6954719	7.248152
5232	-4431.469	-5438.969	1007.5	1.559309	0.4976974	6.548351
5238	-4432.143	-5439.439	1007.296	1.631858	0.5754397	6.553259
5244	-4424.585	-5432.806	1008.221	1.677931	0.6411197	5.974246
5250	-4421.681	-5429.988	1008.307	1.677931	0.5813281	5.974246
5256	-4433.036	-5440.581	1007.545	1.61183	0.6399691	6.37888
5262	-4425.739	-5434.645	1008.906	1.643744	0.4407761	5.790941
5268	-4434.286	-5444.525	1010.239	1.739472	0.4407761	5.003522
5274	-4433.45	-5443.476	1010.026	1.771231	0.5490907	5.003522
5280	-4430.329	-5439.6	1009.271	1.773738	0.5821246	5.392172
5286	-4445.044	-5454.35	1009.305	1.773738	0.5594501	5.392172
5292	-4450.55	-5459.363	1008.814	1.722657	0.5594501	5.690569
5298	-4439.698	-5449.297	1009.6	1.722657	0.5594501	5.258031
5304	-4438.806	-5448.474	1009.668	1.747862	0.4621615	5.293885
5310	-4443.284	-5452.79	1009.506	1.716477	0.4621615	5.400703
5316	-4449.266	-5458.483	1009.218	1.716477	0.4298742	5.591038
5322	-4453.731	-5463.142	1009.411	1.635106	0.4895608	5.471941
5328	-4481.411	-5490.684	1009.273	1.687273	0.5425975	5.471941
5334	-4502.394	-5509.751	1007.358	1.643981	0.7383944	6.392577
5340	-4473.585	-5480.71	1007.125	1.630996	0.7383944	6.525551
5346	-4488.406	-5497.303	1008.897	1.631553	0.5253384	5.723924
5352	-4494.046	-5503.038	1008.992	1.723974	0.5783091	5.57627
5358	-4463.754	-5472.257	1008.503	1.579639	0.4733524	6.014719
5364	-4457.944	-5466.481	1008.538	1.54147	0.5049269	5.987696
5370	-4441.466	-5448.754	1007.287	1.523765	0.4877018	6.691537
5376	-4438.282	-5446.104	1007.822	1.564469	0.5131906	6.357113
5382	-4444.316	-5451.964	1007.647	1.613311	0.5589361	6.386328
5388	-4434.885	-5440.146	1005.26	1.423577	0.5345352	7.793232
5394	-4445.065	-5451.021	1005.957	1.472594	0.4272988	7.492242
5400	-4444.96	-5449.897	1004.936	1.513965	0.6235923	7.847003
5406	-4440.205	-5443.383	1003.178	1.377129	0.5139359	8.943135
5412	-4438.966	-5441.562	1002.596	1.369889	0.5028327	9.264101
5418	-4450.363	-5452.65	1002.287	1.327161	0.4649182	9.483899
5424	-4449.102	-5452.38	1003.279	1.343458	0.4125982	9.001288
5430	-4456.737	-5460.117	1003.38	1.329968	0.3676732	9.001288
5436	-4451.973	-5455.928	1003.955	1.312153	0.4327439	8.639629
5442	-4452.492	-5456.942	1004.45	1.425344	0.4327439	8.31645
5448	-4433.456	-5437.341	1003.885	1.369182	0.3801753	8.699429
5454	-4439.763	-5441.989	1002.226	1.422357	0.5747741	9.372232
5460	-4445.618	-5453.389	1007.772	1.494106	0.3399202	6.597163
5466	-4452.282	-5459.913	1007.631	1.564902	0.4040969	6.564414
5472	-4444.925	-5451.824	1006.899	1.562096	0.4643596	6.901922
5478	-4444.493	-5451.624	1007.13	1.602366	0.6037512	6.636303
5484	-4440.652	-5448.967	1008.315	1.595155	0.5147221	6.070911
5490	-4450.337	-5457.974	1007.637	1.539046	0.4638667	6.516095
5496	-4440.612	-5448.409	1007.797	1.563034	0.4249758	6.454422
5502	-4447.87	-5455.148	1007.278	1.5297	0.3832967	6.796271
5508	-4439.897	-5446.993	1007.096	1.556099	0.4671564	6.796271
5514	-4452.916	-5461.444	1008.527	1.69055	0.5418093	5.879622
5520	-4470.426	-5480.313	1009.887	1.720147	0.5059838	5.147156
5526	-4467.695	-5475.592	1007.896	1.580181	0.5626106	6.266081
5532	-4458.612	-5466.871	1008.259	1.632452	0.5290945	6.068967
5538	-4459.548	-5465.707	1006.159	1.538242	0.5057714	7.275246
5544	-4442.371	-5448.252	1005.88	1.473509	0.4181289	7.541752
5550	-4439.995	-5444.487	1004.493	1.38468	0.5099325	8.244333
5556	-4432.704	-5438.357	1005.653	1.470679	0.4879231	7.598519
5562	-4433.213	-5435.953	1002.739	1.300175	0.4103378	9.311599
5568	-4428.144	-5433.038	1004.894	1.388159	0.3752152	8.158256
5574	-4432.445	-5438.293	1005.848	1.452075	0.4603318	7.529829
5580	-4458.786	-5463.906	1005.12	1.409939	0.3931487	8.007593
5586	-4457.264	-5461.265	1004.002	1.370448	0.5151961	8.508517
5592	-4457.454	-5461.453	1003.999	1.370448	0.5170462	8.508517
5598	-4464.244	-5469.885	1005.641	1.48114	0.6016255	7.504545
5604	-4454.247	-5460.216	1005.969	1.417061	0.4544546	7.48898
5610	-4451.141	-5458.225	1007.083	1.469861	0.5165455	6.805265
5616	-4456.063	-5462.446	1006.384	1.474786	0.5152539	7.180485
5622	-4474.028	-5478.797	1004.768	1.474786	0.5630984	8.005049
5628	-4461.116	-5467.514	1006.398	1.439192	0.5630984	7.151578
5634	-4447.021	-5454.99	1007.968	1.560638	0.4751545	6.314219
5640	-4466.362	-5474.191	1007.829	1.663015	0.4973902	6.314219
5646	-4474.356	-5483.078	1008.723	1.684852	0.5291661	5.786871
5652	-4459.254	-5467.87	1008.616	1.671619	0.617441	5.779622
5658	-4453.748	-5461.925	1008.177	1.704446	0.6477322	5.97854
5664	-4453.762	-5462.477	1008.715	1.727348	0.6530457	5.667779
5670	-4458.355	-5466.75	1008.395	1.638299	0.573368	5.953896
5676	-4466.992	-5475.405	1008.413	1.692944	0.5264588	5.953896
5682	-4472.566	-5480.628	1008.062	1.672091	0.6763489	6.037643
5688	-4463.424	-5471.684	1008.26	1.595016	0.5903689	6.037643
5694	-4465.447	-5473.688	1008.241	1.577051	0.5043118	6.130522
5700	-4449.635	-5458.33	1008.694	1.604808	0.5443657	5.833009
5706	-4436.616	-5444.802	1008.186	1.646185	0.5443657	6.087961
5712	-4463.285	-5471.718	1008.433	1.530523	0.3191172	6.243366
5718	-4467.677	-5474.07	1006.393	1.451492	0.4705707	7.228147
5724	-4463.317	-5469.757	1006.44	1.466423	0.4413277	7.222472
5730	-4471.727	-5479.505	1007.779	1.44883	0.3193934	6.642035
5736	-4469.514	-5475.402	1005.889	1.547905	0.4419032	7.474084
5742	-4474.872	-5480.83	1005.958	1.396625	0.3094395	7.661151
5748	-4495.057	-5499.048	1003.991	1.333763	0.3916754	8.649999
5754	-4463.179	-5470.526	1007.347	1.552581	0.4514709	6.677593
5760	-4458.522	-5466.001	1007.478	1.553224	0.3812102	6.677593
5766	-4459.816	-5466.729	1006.913	1.638032	0.5518097	6.776127
5772	-4463.337	-5472.25	1008.913	1.676796	0.5340645	5.682779
5778	-4438.548	-5447.126	1008.578	1.611866	0.5605123	5.879374
5784	-4443.16	-5450.88	1007.72	1.543252	0.4476151	6.484567
5790	-4448.904	-5457.016	1008.112	1.592824	0.4264332	6.265988
5796	-4448.575	-5456.884	1008.309	1.633744	0.4264332	6.13644
5802	-4444.665	-5453.089	1008.424	1.604079	0.4849006	6.033645
5808	-4455.076	-5464.062	1008.986	1.652712	0.4750946	5.709246
5814	-4470.56	-5478.118	1007.557	1.567486	0.4888165	6.520938
5820	-4481.486	-5490.456	1008.97	1.663193	0.472874	5.714434
5826	-4481.965	-5489.593	1007.628	1.663193	0.5633113	6.366397
5832	-4490.755	-5497.031	1006.276	1.477802	0.501625	7.248693
5838	-4513.419	-5519.741	1006.323	1.549742	0.5685791	7.128102
5844	-4500.899	-5506.989	1006.09	1.549742	0.4772014	7.331868
5850	-4513.659	-5522.092	1008.433	1.733438	0.6077473	5.853612
5856	-4514.502	-5521.948	1007.446	1.644919	0.4980751	6.530807
5862	-4496.317	-5504.777	1008.46	1.611431	0.4390211	6.053561
5868	-4480.103	-5488.335	1008.232	1.664281	0.5436491	6.053561
5874	-4486.103	-5494.001	1007.897	1.664281	0.5252121	6.251625
5880	-4456.322	-5465.61	1009.288	1.696781	0.4423049	5.551038
5886	-4464.284	-5473.255	1008.971	1.654608	0.4587628	5.731547
5892	-4470.817	-5479.818	1009.001	1.618852	0.4621551	5.731547
5898	-4499.288	-5507.453	1008.165	1.64896	0.4617004	6.171808
5904	-4483.269	-5491.735	1008.465	1.601863	0.4583782	6.037279
5910	-4475.397	-5483.17	1007.773	1.536355	0.4824902	6.426717
5916	-4469.736	-5476.702	1006.967	1.529185	0.4824902	6.866461
5922	-4480.492	-5487.539	1007.047	1.550804	0.4246909	6.866461
5928	-4492.695	-5498.057	1005.362	1.455864	0.3688513	7.879623
5934	-4472.537	-5478.154	1005.617	1.473483	0.4058664	7.695068
5940	-4477.627	-5484.043	1006.417	1.640474	0.6998077	6.92983
5946	-4454.503	-5462.036	1007.533	1.602898	0.5503568	6.461177
5952	-4447.231	-5451.162	1003.93	1.388402	0.5111533	8.540422
5958	-4445.199	-5449.694	1004.495	1.418381	0.4738239	8.257166
5964	-4444.103	-5448.899	1004.796	1.386723	0.334184	8.257166
5970	-4447.369	-5451.117	1003.748	1.404706	0.4026504	8.730035
5976	-4450.92	-5455.701	1004.781	1.493471	0.4465061	8.090684
5982	-4454.418	-5459.683	1005.265	1.485819	0.4690531	7.815363
5988	-4458.227	-5463.55	1005.323	1.409375	0.4243198	7.868081
5994	-4459.116	-5463.528	1004.413	1.36227	0.4169857	8.385241
6000	-4463.037	-5465.327	1002.29	1.376439	0.3883374	9.5309
6006	-4454.286	-5456.456	1002.169	1.354049	0.3753817	9.620111
6012	-4456.111	-5458.808	1002.697	1.366798	0.5053785	9.210361
6018	-4456.892	-5461.891	1004.999	1.366498	0.410407	8.07724
6024	-4452.757	-5460.134	1007.377	1.54786	0.3907498	6.725217
6030	-4445.282	-5452.4	1007.118	1.540151	0.5437275	6.725217
6036	-4449.179	-5456.297	1007.118	1.540151	0.5437275	6.725217
6042	-4452.128	-5459.118	1006.99	1.540151	0.4543093	6.874518
6048	-4451.212	-5459.062	1007.851	1.59015	0.4273583	6.408206
6054	-4463.958	-5471.856	1007.898	1.579517	0.4223504	6.393377
6060	-4458.299	-5466.551	1008.252	1.566148	0.4211365	6.209381
6066	-4456.634	-5464.616	1007.983	1.542343	0.3936171	6.397202
6072	-4464.707	-5471.42	1006.713	1.528315	0.3970844	7.086966
6078	-4451.583	-5459.763	1008.18	1.581179	0.3970844	6.265493
6084	-4456.459	-5463.679	1007.219	1.580559	0.3970844	6.785928
6090	-4466.969	-5474.072	1007.104	1.592719	0.4530451	6.785928
6096	-4458.867	-5466.578	1007.711	1.585923	0.4564171	6.457874
6102	-4450.859	-5456.217	1005.358	1.565282	0.4564171	7.734738
6108	-4458.792	-5465.936	1007.144	1.524997	0.3959543	6.85773
6114	-4469.936	-5476.545	1006.609	1.501777	0.4416067	7.112189
6120	-4483.759	-5492.361	1008.602	1.60969	0.4709511	5.946721
6126	-4489.419	-5498.09	1008.671	1.659262	0.4055308	5.946721
6132	-4469.419	-5479.349	1009.93	1.666656	0.4438555	5.21204
6138	-4470.922	-5480.636	1009.714	1.702573	0.4123549	5.343536
6144	-4465.143	-5475.145	1010.001	1.73471	0.4687846	5.110393
6150	-4472.377	-5481.543	1009.166	1.687098	0.4135078	5.651986
6156	-4475.048	-5484.933	1009.885	1.692458	0.352081	5.320735
6162	-4470.093	-5479.807	1009.713	1.692458	0.4451248	5.316115
6168	-4449.541	-5458.688	1009.147	1.675837	0.4108454	5.671633
6174	-4466.325	-5476.615	1010.29	1.804172	0.4108454	4.969903
6180	-4484.88	-5494.513	1009.633	1.684435	0.4927404	5.319401
6186	-4487.685	-5496.806	1009.122	1.630923	0.4927404	5.630242
6192	-4486.167	-5493.771	1007.604	1.599845	0.5714983	6.40668
6198	-4481.666	-5489.266	1007.6	1.613843	0.6324824	6.353396
6204	-4471.79	-5480.552	1008.762	1.591811	0.4777849	5.862619
6210	-4460.258	-5468.965	1008.707	1.646287	0.4777849	5.862619
6216	-4462.86	-5472.015	1009.155	1.650656	0.4777849	5.61517
6222	-4453.371	-5461.86	1008.488	1.663068	0.4777849	5.973047
6228	-4452.257	-5461.892	1009.635	1.692524	0.5332313	5.277792
6234	-4452.511	-5462.259	1009.748	1.692524	0.455953	5.286396
6240	-4449.197	-5458.532	1009.335	1.692524	0.4349743	5.534545
6246	-4444.458	-5454.269	1009.811	1.682266	0.3936038	5.321194
6252	-4449.87	-5460.302	1010.432	1.744252	0.4470057	4.886925
6258	-4438.655	-5449.041	1010.386	1.754843	0.5460348	4.814895
6264	-4446.502	-5457.122	1010.62	1.744267	0.4621329	4.767465
6270	-4436.162	-5446.044	1009.882	1.714596	0.3421267	5.321772
6276	-4446.529	-5456.183	1009.654	1.708368	0.4638533	5.321772
6282	-4446.963	-5457.264	1010.301	1.714617	0.3606027	5.068448
6288	-4471.816	-5481.165	1009.349	1.708537	0.5205329	5.43778
6294	-4461.968	-5471.077	1009.109	1.770605	0.7153725	5.382383
6300	-4486.748	-5496.04	1009.291	1.726718	0.5367462	5.445181
6306	-4477.502	-5486.771	1009.269	1.696776	0.5122068	5.495694
6312	-4464.824	-5473.674	1008.85	1.692743	0.617168	5.640368
6318	-4463.46	-5472.772	1009.312	1.674494	0.5269148	5.471314
6324	-4472.571	-5481.002	1008.432	1.665922	0.5253297	5.959687
6330	-4484.468	-5493.342	1008.874	1.732054	0.6113748	5.609819
6336	-4462.619	-5471.821	1009.202	1.732054	0.5922053	5.444997
6342	-4464.301	-5473.024	1008.723	1.794032	0.6235006	5.649427
6348	-4457.332	-5467.123	1009.791	1.754345	0.6118838	5.091833
6354	-4451.54	-5462.1	1010.559	1.754345	0.5054377	4.754839
6360	-4448.198	-5458.145	1009.947	1.738144	0.5054377	5.10467
6366	-4455.933	-5465.49	1009.557	1.683942	0.5054377	5.350119
6372	-4446.685	-5456.122	1009.437	1.68642	0.5807039	5.350119
6378	-4445.67	-5455.148	1009.478	1.6787	0.5584476	5.350119
6384	-4455.339	-5465.183	1009.844	1.700946	0.4452037	5.23948
6390	-4469.244	-5478.171	1008.927	1.714235	0.4621718	5.719954
6396	-4464.238	-5472.748	1008.509	1.644483	0.4326627	6.015249
6402	-4451.401	-5460.601	1009.201	1.685706	0.5042016	5.546466
6408	-4445.128	-5453.603	1008.476	1.717921	0.5375225	5.89666
6414	-4450.593	-5459.589	1008.996	1.717921	0.5375225	5.611913
6420	-4451.853	-5460.853	1009	1.711193	0.4494655	5.693836
6426	-4447.56	-5456.517	1008.957	1.684237	0.4812401	5.701717
6432	-4451.453	-5459.926	1008.473	1.684237	0.6143291	5.853522
6438	-4428.835	-5437.565	1008.73	1.684237	0.4522197	5.853522
6444	-4434.463	-5443.453	1008.989	1.708151	0.4522197	5.69865
6450	-4442.232	-5452.044	1009.811	1.790602	0.4522197	5.200767
6456	-4436.293	-5446.321	1010.027	1.797265	0.4754082	5.055005
6462	-4454.208	-5463.258	1009.05	1.752908	0.5045647	5.592056
6468	-4470.935	-5478.999	1008.065	1.617203	0.5045647	6.204309
6474	-4472.551	-5479.95	1007.399	1.637516	0.5236239	6.537592
6480	-4474.322	-5482.756	1008.434	1.637516	0.4200548	6.072657
6486	-4485.764	-5493.268	1007.504	1.704388	0.5855615	6.392986
6492	-4459.695	-5468.861	1009.166	1.757071	0.4495827	5.577265
6498	-4470.362	-5479.975	1009.613	1.73137	0.5044902	5.293769
6504	-4461.965	-5472.169	1010.204	1.771066	0.3982967	5.049519
6510	-4463.473	-5473.666	1010.193	1.773392	0.4025386	5.049519
6516	-4468.067	-5477.957	1009.89	1.750606	0.4842144	5.148894
6522	-4453.86	-5463.26	1009.4	1.750606	0.4842144	5.419179
6528	-4451.828	-5461.114	1009.286	1.74731	0.557459	5.419179
6534	-4437.08	-5446.35	1009.271	1.780432	0.5457816	5.419179
6540	-4473.578	-5481.782	1008.204	1.635485	0.5857124	6.049718
6546	-4463.941	-5472.446	1008.504	1.641099	0.4111216	6.041512
6552	-4466.349	-5473.919	1007.57	1.641099	0.5293125	6.438221
6558	-4465.156	-5472.686	1007.53	1.561511	0.5203643	6.510624
6564	-4477.943	-5485.358	1007.415	1.542207	0.418355	6.679181
6570	-4466.119	-5472.426	1006.307	1.474494	0.4389854	7.291737
6576	-4474.145	-5480.762	1006.618	1.551512	0.5906477	6.950751
6582	-4474.661	-5482.017	1007.356	1.574845	0.5187562	6.599411
6588	-4474.358	-5481.335	1006.977	1.58631	0.5519283	6.769361
6594	-4468.841	-5477.313	1008.472	1.568028	0.4433637	6.06674
6600	-4458.946	-5467.347	1008.4	1.61352	0.4580819	6.06674
6606	-4452.8	-5461.207	1008.408	1.536513	0.3906649	6.172673
6612	-4470.813	-5476.53	1005.717	1.536513	0.5281205	7.493934
6618	-4452.765	-5458.17	1005.405	1.535787	0.4350474	7.745983
6624	-4462.29	-5464.933	1002.643	1.462238	0.5882539	9.12002
6630	-4480.883	-5485.439	1004.556	1.472438	0.5270583	8.149362
6636	-4465.407	-5471.588	1006.181	1.446077	0.4734244	7.342185
6642	-4471.899	-5476.919	1005.02	1.457794	0.3607409	8.070034
6648	-4491.822	-5496.841	1005.019	1.458433	0.3607409	8.070034
6654	-4464.249	-5465.443	1001.193	1.330694	0.391445	10.12958
6660	-4490.175	-5493.449	1003.274	1.379136	0.462894	8.936214
6666	-4477.678	-5483.1	1005.421	1.38446	0.4101429	7.842759
6672	-4465.759	-5469.942	1004.184	1.449745	0.4561321	8.422532
6678	-4470.014	-5473.705	1003.691	1.308877	0.3369383	8.881928
6684	-4458.463	-5462.257	1003.794	1.347258	0.2836337	8.871609
6690	-4482.465	-5485.197	1002.732	1.353453	0.3524566	9.348004
6696	-4456.271	-5459.697	1003.426	1.349698	0.3732976	8.960356
6702	-4475.539	-5481.405	1005.866	1.437322	0.4306609	7.556122
6708	-4480.348	-5485.355	1005.006	1.408625	0.4608456	8.002171
6714	-4452.52	-5458.273	1005.752	1.437075	0.35815	7.692825
6720	-4444.859	-5452.497	1007.638	1.529015	0.3587495	6.628766
6726	-4451.849	-5460.243	1008.394	1.656768	0.5003025	6.007532
6732	-4435.211	-5445.24	1010.029	1.754996	0.5100205	5.04543
6738	-4424.936	-5434.789	1009.853	1.7558	0.456309	5.192921
6744	-4432.931	-5441.975	1009.044	1.64565	0.4924227	5.66518
6750	-4444.613	-5454.189	1009.576	1.69435	0.4924227	5.345818
6756	-4446.451	-5456.058	1009.607	1.668099	0.4673392	5.366807
6762	-4437.941	-5446.225	1008.284	1.697311	0.584634	5.973297
6768	-4438.885	-5447.21	1008.325	1.657886	0.584634	5.972456
6774	-4437.325	-5446.704	1009.379	1.69509	0.5376436	5.41368
6780	-4426.653	-5436.065	1009.413	1.695465	0.5012608	5.427116
6786	-4447.219	-5456.601	1009.382	1.697081	0.454517	5.486921
6792	-4427.068	-5436.107	1009.039	1.697081	0.454517	5.675284
6798	-4444.141	-5452.36	1008.219	1.629362	0.4173044	6.196789
6804	-4463.769	-5471.531	1007.763	1.722993	0.6443028	6.196789
6810	-4464.442	-5474.011	1009.569	1.754184	0.5699968	5.248555
6816	-4458.769	-5468.914	1010.145	1.708491	0.4494613	5.064398
6822	-4476.214	-5483.731	1007.516	1.697486	0.56379	6.407755
6828	-4441.988	-5451.688	1009.7	1.714425	0.516508	5.244417
6834	-4444.151	-5453.489	1009.338	1.714425	0.4260276	5.529913
6840	-4446.199	-5454.213	1008.014	1.667238	0.4431583	6.262203
6846	-4463.815	-5473.402	1009.586	1.667238	0.4431583	5.401983
6852	-4452.168	-5460.556	1008.388	1.617758	0.4431583	6.085414
6858	-4452.146	-5459.842	1007.696	1.528017	0.4140222	6.539323
6864	-4443.082	-5450.709	1007.627	1.57052	0.4281562	6.539323
6870	-4434.198	-5441.537	1007.339	1.567596	0.5014594	6.627415
6876	-4436.194	-5442.902	1006.708	1.54262	0.4786415	7.002301
6882	-4440.261	-5446.859	1006.598	1.520499	0.3902586	7.160245
6888	-4456.916	-5463.813	1006.897	1.501679	0.4599751	6.939921
6894	-4448.85	-5456.87	1008.02	1.619101	0.5563946	6.18282
6900	-4439.021	-5447.103	1008.082	1.661093	0.5594062	6.123971
6906	-4452.745	-5461.836	1009.091	1.684694	0.3907652	5.718785
6912	-4426.285	-5435.516	1009.23	1.660976	0.4394566	5.605056
6918	-4439.328	-5447.781	1008.453	1.761926	0.6075017	5.827418
6924	-4455.425	-5464.008	1008.583	1.688022	0.5270037	5.863473
6930	-4436.924	-5443.098	1006.174	1.575716	0.4085587	7.339356
6936	-4433.841	-5441.282	1007.442	1.583698	0.57483	6.500732
6942	-4450.99	-5457.461	1006.471	1.636802	0.6604169	6.930906
6948	-4432.337	-5439.918	1007.581	1.58381	0.4359038	6.549273
6954	-4433.027	-5440.553	1007.526	1.617423	0.455807	6.541616
6960	-4420.795	-5427.768	1006.973	1.574477	0.3536956	6.969065
6966	-4441.742	-5444.708	1002.967	1.34832	0.3448836	9.235341
6972	-4451.282	-5456.098	1004.816	1.378182	0.2812286	8.315716
6978	-4439.939	-5444.474	1004.536	1.356811	0.3861964	8.354213
6984	-4439.301	-5445.508	1006.208	1.445836	0.3861964	7.413903
6990	-4431.054	-5436.083	1005.029	1.49687	0.4707374	7.934063
6996	-4420.156	-5427.335	1007.179	1.560734	0.4707159	6.745832
7002	-4435.345	-5443.733	1008.389	1.656929	0.5037454	6.007102
7008	-4445.794	-5452.4	1006.606	1.591573	0.3875281	7.120429
7014	-4448.866	-5455.774	1006.909	1.539561	0.4170083	6.955131
7020	-4431.857	-5437.947	1006.09	1.523652	0.4459841	7.375333
7026	-4422.894	-5429.59	1006.696	1.535229	0.3838168	7.106223
7032	-4422.708	-5429.439	1006.731	1.557955	0.4307008	7.02709
7038	-4430.034	-5433.952	1003.918	1.56029	0.5412848	8.4301
7044	-4426.209	-5431.563	1005.354	1.471579	0.3475323	7.899334
7050	-4417.446	-5422.386	1004.94	1.4453	0.4180352	8.059135
7056	-4414.243	-5418.868	1004.625	1.521064	0.5032303	8.106938
7062	-4423.793	-5429.672	1005.879	1.533414	0.4582533	7.471485
7068	-4410.483	-5417.68	1007.197	1.533414	0.4197615	6.800109
7074	-4411.724	-5419.374	1007.65	1.556592	0.4046543	6.558393
7080	-4413.849	-5421.388	1007.538	1.556592	0.456084	6.567505
7086	-4414.29	-5420.972	1006.681	1.483621	0.456084	7.069348
7092	-4408.687	-5415.605	1006.919	1.483621	0.3528073	7.048097
7098	-4431.077	-5437.852	1006.775	1.431913	0.3881506	7.114642
7104	-4433.91	-5440.254	1006.343	1.524657	0.3808809	7.304636
7110	-4434.276	-5436.502	1002.226	1.494897	0.443059	9.447733
7116	-4436.648	-5437.251	1000.604	1.384104	0.3858534	10.41729
7122	-4432.126	-5436.717	1004.591	1.396831	0.3529665	8.3395
7128	-4454.863	-5457.754	1002.891	1.402849	0.3529665	9.23777
7134	-4448.28	-5451.075	1002.795	1.343438	0.4320215	9.23777
7140	-4457.227	-5461.521	1004.294	1.397608	0.3633291	8.485244
7146	-4463.835	-5470.169	1006.334	1.451281	0.339817	7.394319
7152	-4437.328	-5443.247	1005.919	1.511146	0.4820525	7.439809
7158	-4434.47	-5440.322	1005.852	1.449371	0.4213482	7.566317
7164	-4451.577	-5456.993	1005.416	1.427528	0.4656137	7.768856
7170	-4435.174	-5440.858	1005.684	1.416053	0.4311379	7.66452
7176	-4454.286	-5460.69	1006.404	1.505694	0.3940293	7.268301
7182	-4443.424	-5449.589	1006.165	1.535504	0.5116973	7.268301
7188	-4447.929	-5454.916	1006.987	1.521979	0.400701	6.939197
7194	-4452.493	-5459.487	1006.994	1.556602	0.3793558	6.939197
7200	-4468.786	-5477.304	1008.518	1.651512	0.371599	6.070597
7206	-4437.045	-5446.246	1009.201	1.69018	0.4642095	5.581094
7212	-4444.172	-5451.286	1007.114	1.511525	0.379839	6.898255
7218	-4448.437	-5455.766	1007.33	1.39766	0.3683528	6.855722
7224	-4467.382	-5473.5	1006.117	1.467635	0.3487493	7.491701
7230	-4486.132	-5496.72	1010.588	1.796041	0.4468718	4.771613
7236	-4491.388	-5501.383	1009.995	1.774944	0.4600721	5.099982
7242	-4465.007	-5472.007	1007	1.573832	0.5099195	6.799914
7248	-4477.998	-5485.314	1007.316	1.551926	0.4008937	6.745154
7254	-4479.438	-5487.804	1008.366	1.569251	0.3427891	6.230921
7260	-4461.603	-5467.812	1006.209	1.581216	0.5854646	7.158713
7266	-4454.549	-5462.569	1008.019	1.670524	0.4875468	6.215364
7272	-4447.438	-5456.22	1008.782	1.697199	0.4814853	5.790568
7278	-4453.264	-5461.85	1008.587	1.590298	0.4839627	5.953398
7284	-4451.154	-5458.983	1007.829	1.568368	0.3844716	6.475873
7290	-4439.077	-5444.249	1005.172	1.510465	0.5315353	7.796746
7296	-4451.546	-5458.228	1006.682	1.558791	0.6415676	6.872813
7302	-4443.919	-5449.616	1005.698	1.534935	0.474724	7.552272
7308	-4465.874	-5471.315	1005.441	1.564067	0.5455378	7.612133
7314	-4480.11	-5488.027	1007.917	1.609016	0.494559	6.298047
7320	-4481.325	-5487.92	1006.595	1.540795	0.3807489	7.160956
7326	-4466.782	-5471.992	1005.21	1.484061	0.4571056	7.856531
7332	-4463.192	-5468.239	1005.047	1.502376	0.544681	7.856531
7338	-4456.805	-5460.368	1003.562	1.486451	0.544681	8.655354
7344	-4451.192	-5456.978	1005.787	1.564598	0.4957397	7.469844
7350	-4463.16	-5470.143	1006.982	1.507825	0.3798482	6.971097
7356	-4465.045	-5471.872	1006.828	1.511603	0.4606969	6.971097
7362	-4459.619	-5466.427	1006.808	1.545041	0.4965555	6.930986
7368	-4463.899	-5470.859	1006.959	1.619945	0.5969635	6.724418
7374	-4457.054	-5465.015	1007.961	1.627084	0.367519	6.391292
7380	-4436.558	-5443.983	1007.425	1.601829	0.5124281	6.552752
7386	-4447.432	-5455.395	1007.964	1.61907	0.5124281	6.2514
7392	-4443.823	-5449.712	1005.889	1.665145	0.7158018	7.189345
7398	-4426.407	-5432.647	1006.24	1.544689	0.5511915	7.189345
7404	-4446.223	-5453.899	1007.676	1.590879	0.4675282	6.463703
7410	-4448.097	-5455.532	1007.435	1.662671	0.5721614	6.463703
7416	-4452.18	-5459.519	1007.339	1.593867	0.5599724	6.563319
7422	-4447.278	-5455.198	1007.92	1.593867	0.4640303	6.332917
7428	-4447.386	-5454.527	1007.142	1.579572	0.4830051	6.744425
7434	-4444.289	-5452.463	1008.174	1.710034	0.6932304	5.943767
7440	-4449.367	-5456.652	1007.285	1.668154	0.6932304	6.450479
7446	-4457.974	-5466.047	1008.073	1.700211	0.6374362	6.045337
7452	-4445.018	-5453.324	1008.306	1.73925	0.515256	5.996981
7458	-4432.197	-5440.078	1007.881	1.620645	0.52683	6.282685
7464	-4428.336	-5436.318	1007.982	1.60289	0.4765362	6.282685
7470	-4421.167	-5429.501	1008.334	1.58019	0.4025343	6.176372
7476	-4473.247	-5481.777	1008.53	1.606055	0.4025343	6.055512
7482	-4477.91	-5486.459	1008.548	1.587873	0.4025343	6.055512
7488	-4447.651	-5455.55	1007.899	1.58768	0.3612122	6.453291
7494	-4452.97	-5462.267	1009.297	1.640924	0.442337	5.576457
7500	-4443.807	-5452.154	1008.346	1.53996	0.442337	6.151299
7506	-4446.999	-5453.974	1006.975	1.53996	0.4761311	6.862193
7512	-4428.843	-5434.629	1005.786	1.54485	0.5652146	7.421594
7518	-4429.454	-5435.329	1005.875	1.523341	0.5217334	7.421594
7524	-4432.524	-5439.732	1007.209	1.586677	0.685505	6.541086
7530	-4440.41	-5444.899	1004.488	1.458417	0.6368777	8.105705
7536	-4444.915	-5449.722	1004.807	1.458417	0.6046367	7.960164
7542	-4432.944	-5439.837	1006.893	1.567371	0.6046367	6.782657
7548	-4447.256	-5454.744	1007.488	1.568173	0.5833688	6.477304
7554	-4458.993	-5466.55	1007.557	1.574488	0.5321798	6.479136
7560	-4439.566	-5447.187	1007.621	1.639692	0.5321798	6.408956
7566	-4448.636	-5454.916	1006.28	1.581167	0.4395034	7.24866
7572	-4451.608	-5458.091	1006.483	1.585188	0.5925724	7.003317
7578	-4438.867	-5445.607	1006.74	1.582861	0.5017496	6.942343
7584	-4452.244	-5459.467	1007.224	1.607545	0.5854048	6.597472
7590	-4433.838	-5439.845	1006.008	1.547101	0.5557848	7.309114
7596	-4442.199	-5448.166	1005.967	1.549154	0.5813175	7.309114
7602	-4437.705	-5445.72	1008.015	1.56923	0.5377756	6.228607
7608	-4438.562	-5448.21	1009.648	1.668377	0.4383603	5.372236
7614	-4432.082	-5440.828	1008.746	1.712271	0.6085662	5.693472
7620	-4430.111	-5438.205	1008.095	1.535985	0.4187024	6.313804
7626	-4432.643	-5439.987	1007.344	1.535985	0.6199621	6.544001
7632	-4426.354	-5433.628	1007.274	1.535985	0.4897999	6.690185
7638	-4444.525	-5449.078	1004.553	1.491111	0.4154012	8.243691
7644	-4443.381	-5447.787	1004.407	1.361694	0.458227	8.349009
7650	-4447.94	-5451.492	1003.552	1.357575	0.4681807	8.795538
7656	-4452.106	-5455.175	1003.068	1.456724	0.6019934	8.887407
7662	-4449.16	-5455.202	1006.043	1.486621	0.5516355	7.326331
7668	-4438.012	-5445.387	1007.375	1.474452	0.4254968	6.729952
7674	-4447.4	-5453.183	1005.783	1.403356	0.4875038	7.565596
7680	-4456.483	-5463.074	1006.592	1.458753	0.6631034	6.959702
7686	-4458.899	-5464.415	1005.516	1.529339	0.5652207	7.574605
7692	-4430.182	-5438.469	1008.287	1.595854	0.395352	6.201257
7698	-4444.035	-5453.389	1009.355	1.741587	0.4969653	5.437582
7704	-4444.729	-5453.715	1008.986	1.719392	0.449514	5.697101
7710	-4456.787	-5466.647	1009.86	1.759918	0.5768807	5.078436
7716	-4455.957	-5465.862	1009.906	1.779775	0.5344436	5.078436
7722	-4456.772	-5465.377	1008.605	1.657007	0.4846916	5.906213
7728	-4440.208	-5448.24	1008.032	1.527423	0.4010994	6.370679
7734	-4426.021	-5433.696	1007.676	1.65551	0.6677881	6.263385
7740	-4445.929	-5453.803	1007.874	1.588662	0.492126	6.334791
7746	-4436.762	-5443.282	1006.52	1.552676	0.5509901	7.034823
7752	-4432.149	-5440.542	1008.393	1.600294	0.3920173	6.144293
7758	-4453.716	-5461.745	1008.029	1.600294	0.4093919	6.324193
7764	-4447.564	-5454.352	1006.788	1.500025	0.5211424	6.943931
