Iteration	Posterior	Likelihood	Prior	rate_log_sd	rate_neo	tree_length
0	-4466.041	-5472.259	1006.218	1.479915	0.4573795	7.318979
6	-4470.219	-5478.05	1007.831	1.562866	0.4066083	6.45452
12	-4457.524	-5465.084	1007.56	1.577451	0.4217142	6.57831
18	-4450.969	-5459.342	1008.372	1.62577	0.4859306	6.049103
24	-4452.606	-5461.091	1008.485	1.657589	0.4859306	5.970533
30	-4438.349	-5447.189	1008.84	1.653284	0.5601462	5.713583
36	-4445.395	-5454.536	1009.141	1.732576	0.5488833	5.514327
42	-4442.964	-5451.739	1008.776	1.64733	0.5488833	5.761446
48	-4437.639	-5447.041	1009.402	1.694616	0.4758991	5.457056
54	-4428.872	-5437.948	1009.075	1.75421	0.6235744	5.477621
60	-4437.098	-5445.782	1008.685	1.733974	0.5064314	5.800809
66	-4457.573	-5466.092	1008.519	1.740736	0.7972131	5.667594
72	-4437.485	-5446.037	1008.552	1.722774	0.6330074	5.774903
78	-4454.554	-5462.643	1008.089	1.646065	0.5798373	6.111392
84	-4463.018	-5470.231	1007.213	1.636201	0.5279355	6.635334
90	-4436.598	-5444.506	1007.908	1.694955	0.5357079	6.219911
96	-4436.019	-5444.183	1008.164	1.659021	0.5655142	6.075145
102	-4447.514	-5454.345	1006.831	1.608197	0.5655142	6.825333
108	-4452.343	-5460.268	1007.925	1.60765	0.4073614	6.378643
114	-4429.444	-5436.504	1007.06	1.576812	0.5856371	6.702619
120	-4440.582	-5447.116	1006.534	1.479238	0.4479991	7.158677
126	-4431.464	-5436.767	1005.303	1.408077	0.4479991	7.856149
132	-4442.866	-5448.795	1005.929	1.471726	0.5371296	7.407244
138	-4445.506	-5451.962	1006.456	1.552468	0.3993772	7.209581
144	-4437.436	-5445.277	1007.841	1.578316	0.5020605	6.349032
150	-4448.55	-5456.894	1008.344	1.595814	0.438627	6.125798
156	-4446.753	-5456.475	1009.722	1.622411	0.4264169	5.368937
162	-4429.478	-5436.087	1006.609	1.513137	0.4246749	7.12292
168	-4440.281	-5446.402	1006.121	1.517672	0.4687996	7.340186
174	-4464.082	-5471.468	1007.387	1.497228	0.343342	6.799467
180	-4466.223	-5474.976	1008.753	1.585588	0.3453322	6.008131
186	-4457.452	-5464.399	1006.947	1.550381	0.3627737	6.985793
192	-4453.521	-5459.09	1005.569	1.447473	0.3627737	7.78047
198	-4464.541	-5471.194	1006.653	1.498017	0.4195032	7.112771
204	-4467.823	-5477.117	1009.294	1.744798	0.4685473	5.495695
210	-4470.344	-5478.943	1008.599	1.566441	0.3865099	6.056642
216	-4492.155	-5498.698	1006.542	1.598431	0.4971011	7.044543
222	-4467.116	-5475.139	1008.023	1.583558	0.5058788	6.244404
228	-4480.479	-5486.312	1005.833	1.498696	0.4556717	7.517252
234	-4480.788	-5487.3	1006.513	1.544268	0.4751463	7.109624
240	-4476.231	-5482.23	1005.999	1.483616	0.4193436	7.471391
246	-4458.895	-5465.726	1006.83	1.516342	0.4473309	6.979866
252	-4457.215	-5464.331	1007.116	1.521953	0.5044097	6.769898
258	-4477.328	-5485.372	1008.044	1.564204	0.3707385	6.376864
264	-4466.886	-5475.459	1008.573	1.586078	0.4186501	6.026348
270	-4472.752	-5481.694	1008.943	1.636557	0.4559848	5.759743
276	-4457.822	-5465.441	1007.62	1.562874	0.4271209	6.5484
282	-4455.5	-5463.695	1008.194	1.636321	0.4736165	6.15168
288	-4470.456	-5478.458	1008.002	1.574512	0.5056518	6.260902
294	-4457.707	-5464.541	1006.833	1.585513	0.5094216	6.883907
300	-4450.287	-5457.153	1006.866	1.570901	0.4900232	6.89147
306	-4435.169	-5443.262	1008.093	1.575713	0.5129253	6.204104
312	-4456.225	-5464.63	1008.406	1.63977	0.4945232	6.015447
318	-4466.097	-5474.742	1008.645	1.606889	0.3811641	6.015447
324	-4456.041	-5464.748	1008.707	1.606889	0.4366673	5.923865
330	-4458.281	-5465.992	1007.711	1.555812	0.4470419	6.483218
336	-4457.54	-5465.196	1007.656	1.516424	0.4854766	6.498122
342	-4488.004	-5496.056	1008.053	1.633668	0.4381308	6.264177
348	-4477.281	-5486.151	1008.87	1.661391	0.4357763	5.805864
354	-4459.348	-5468.878	1009.53	1.743637	0.463786	5.370713
360	-4455.219	-5464.513	1009.294	1.743637	0.463786	5.50071
366	-4452.917	-5461.901	1008.985	1.76889	0.627522	5.51627
372	-4468.733	-5477.901	1009.168	1.719329	0.5377445	5.51627
378	-4451.021	-5459.342	1008.321	1.667002	0.4630729	6.075877
384	-4461.888	-5469.251	1007.362	1.594263	0.4630729	6.635696
390	-4461.071	-5467.717	1006.645	1.582266	0.6047083	6.908143
396	-4455.949	-5463.802	1007.853	1.582266	0.4320422	6.406741
402	-4455.056	-5463.121	1008.064	1.700386	0.43021	6.22956
408	-4458.58	-5466.941	1008.361	1.700675	0.595694	5.920646
414	-4459.302	-5468.727	1009.425	1.644064	0.4444052	5.502287
420	-4452.221	-5461.411	1009.191	1.650536	0.5066963	5.56904
426	-4443.051	-5451.461	1008.41	1.731395	0.5274183	5.933869
432	-4467.783	-5477.089	1009.306	1.751199	0.5698028	5.395684
438	-4466.96	-5476.032	1009.072	1.751199	0.4385087	5.643325
444	-4460.31	-5468.732	1008.423	1.697122	0.5053275	5.965228
450	-4463.671	-5472.195	1008.524	1.662839	0.505014	5.928937
456	-4472.392	-5481.011	1008.619	1.662839	0.505014	5.876849
462	-4477.351	-5477.416	1000.065	1.349498	0.4261837	10.67778
468	-4460.979	-5463.987	1003.008	1.320566	0.3504335	9.222052
474	-4459.12	-5466.425	1007.305	1.580284	0.4453931	6.691065
480	-4449.274	-5451.391	1002.116	1.264968	0.3480878	9.724668
486	-4462.089	-5465.142	1003.054	1.381575	0.4874245	9.029526
492	-4467.298	-5474.063	1006.765	1.523692	0.4132945	7.044614
498	-4460.29	-5468.308	1008.018	1.599768	0.5140847	6.230627
504	-4483.637	-5489.992	1006.355	1.525872	0.4648931	7.213975
510	-4497.405	-5502.99	1005.585	1.524715	0.5292704	7.569954
516	-4480.888	-5487.141	1006.253	1.541923	0.5321747	7.199766
522	-4498.737	-5504.104	1005.367	1.494559	0.6364634	7.617272
528	-4491.145	-5496.259	1005.114	1.446346	0.4926537	7.895799
534	-4488.198	-5493.379	1005.181	1.47226	0.4387675	7.895799
540	-4484.641	-5494.38	1009.739	1.619045	0.3304707	5.467132
546	-4490.914	-5497.614	1006.7	1.536274	0.5255344	6.968526
552	-4467.974	-5471.541	1003.567	1.377475	0.3908581	8.852614
558	-4475.963	-5480.019	1004.056	1.398633	0.4194868	8.552875
564	-4487.83	-5492.501	1004.67	1.33827	0.2676806	8.43215
570	-4493	-5496.387	1003.387	1.407897	0.5824938	8.759604
576	-4468.853	-5473.242	1004.389	1.38236	0.3958757	8.408464
582	-4480.171	-5485.199	1005.028	1.33986	0.2927032	8.208666
588	-4496.677	-5500.814	1004.137	1.292629	0.4092775	8.576451
594	-4485.9	-5488.109	1002.208	1.318322	0.3500917	9.645782
600	-4490.508	-5497.521	1007.013	1.357962	0.3214698	7.101463
606	-4470.006	-5471.852	1001.846	1.331549	0.3972702	9.779738
612	-4482.752	-5487.136	1004.383	1.33233	0.3806048	8.454229
618	-4500.197	-5504.962	1004.765	1.33233	0.2934951	8.351467
624	-4490.78	-5494.872	1004.093	1.233931	0.2632171	8.800083
630	-4493.839	-5498.767	1004.928	1.266197	0.2632171	8.33933
636	-4469.73	-5475.181	1005.451	1.336394	0.2965201	7.980304
642	-4478.203	-5482.758	1004.555	1.292381	0.3787118	8.386125
648	-4483.029	-5486.134	1003.104	1.290808	0.3797508	9.155059
654	-4472.113	-5476.583	1004.47	1.329696	0.3802813	8.409666
660	-4474.511	-5480.274	1005.763	1.352461	0.3802813	7.708579
666	-4499.671	-5503.215	1003.544	1.428861	0.4566121	8.773037
672	-4483.724	-5487.974	1004.25	1.409634	0.5466274	8.329018
678	-4474.877	-5479.349	1004.472	1.399569	0.4892992	8.265551
684	-4518.919	-5522.275	1003.356	1.399569	0.5050262	8.84433
690	-4465.14	-5472.419	1007.279	1.512385	0.445168	6.742242
696	-4471.962	-5478.665	1006.703	1.536761	0.4493966	7.035689
702	-4497.195	-5503.726	1006.531	1.53942	0.4861715	7.092418
708	-4471.134	-5476.849	1005.715	1.556384	0.5583668	7.459288
714	-4484.021	-5489.661	1005.64	1.545226	0.5583668	7.505143
720	-4479.448	-5486.11	1006.662	1.504526	0.5083103	7.020874
726	-4491.847	-5498.477	1006.63	1.546744	0.4919728	7.029917
732	-4477.149	-5484.858	1007.709	1.556113	0.5596382	6.383414
738	-4464.191	-5470.286	1006.095	1.493196	0.5596382	7.288144
744	-4464.352	-5468.776	1004.424	1.43489	0.5380257	8.230287
750	-4470.013	-5474.549	1004.535	1.43489	0.4704194	8.230287
756	-4466.891	-5471.584	1004.693	1.478131	0.5169872	8.081813
762	-4463.192	-5468.556	1005.364	1.418039	0.4072544	7.858401
768	-4484.873	-5489.195	1004.322	1.354104	0.4072544	8.447505
774	-4516.722	-5521.271	1004.549	1.381367	0.4923487	8.231691
780	-4486.261	-5492.443	1006.182	1.586863	0.5886144	7.167846
786	-4482.287	-5490.661	1008.374	1.692631	0.5384287	5.965381
792	-4481.508	-5488.506	1006.999	1.565693	0.507671	6.807046
798	-4456.992	-5463.904	1006.912	1.565693	0.5624473	6.807046
804	-4462.345	-5469.325	1006.98	1.565693	0.5190295	6.807046
810	-4456.733	-5463.77	1007.038	1.489867	0.434409	6.895065
816	-4455.387	-5463.906	1008.519	1.622033	0.539348	5.923819
822	-4454.9	-5463.149	1008.249	1.653156	0.4182659	6.166689
828	-4449.342	-5458.233	1008.892	1.666248	0.4182659	5.809019
834	-4464.979	-5472.426	1007.447	1.679376	0.697584	6.353293
840	-4482.682	-5492.081	1009.399	1.714768	0.4142411	5.508077
846	-4490.931	-5498.441	1007.51	1.691504	0.5161914	6.454859
852	-4490.508	-5496.733	1006.225	1.568437	0.4907629	7.237081
858	-4491.701	-5497.938	1006.237	1.508327	0.3992898	7.350868
864	-4471.839	-5479.612	1007.772	1.640612	0.6006296	6.269944
870	-4508.226	-5515.687	1007.461	1.560197	0.3580214	6.708734
876	-4487.003	-5495.068	1008.064	1.594878	0.4093524	6.307906
882	-4463.928	-5472.577	1008.649	1.726709	0.4565434	5.870716
888	-4476.055	-5484.934	1008.88	1.806695	0.4769994	5.681212
894	-4468.721	-5477.515	1008.794	1.781044	0.545014	5.681212
900	-4470.822	-5480.246	1009.425	1.744722	0.4472782	5.444301
906	-4467.817	-5476.454	1008.636	1.678038	0.4785014	5.883455
912	-4476.157	-5485.204	1009.047	1.769511	0.5956531	5.506885
918	-4466.381	-5474.494	1008.113	1.753162	0.5079161	6.101041
924	-4458.319	-5467.733	1009.414	1.628291	0.3874431	5.575904
930	-4452.761	-5462.318	1009.557	1.619614	0.3232084	5.575904
936	-4466.663	-5474.702	1008.039	1.627376	0.3838508	6.331071
942	-4470.419	-5478.359	1007.94	1.645268	0.5228097	6.240917
948	-4479.335	-5486.922	1007.587	1.606819	0.4295832	6.539591
954	-4471.03	-5478.394	1007.363	1.630144	0.4930647	6.5883
960	-4450.733	-5457.306	1006.572	1.569251	0.4930647	7.0479
966	-4434.492	-5441.712	1007.22	1.536167	0.4908627	6.718254
972	-4438.545	-5445.308	1006.763	1.530969	0.4908627	6.967858
978	-4448.975	-5455.593	1006.618	1.602324	0.5606488	6.947304
984	-4475.407	-5482.828	1007.422	1.57589	0.4536495	6.62256
990	-4467.374	-5474.718	1007.345	1.588803	0.4908797	6.62256
996	-4452.419	-5460.581	1008.162	1.58027	0.4041622	6.26799
1002	-4449.443	-5457.705	1008.263	1.601826	0.4412817	6.164284
1008	-4446.419	-5453.011	1006.592	1.595146	0.4738643	7.040585
1014	-4456.977	-5462.815	1005.838	1.551661	0.5021597	7.443403
1020	-4438.103	-5443.216	1005.113	1.502954	0.5751591	7.796276
1026	-4447.01	-5452.938	1005.928	1.449683	0.4894022	7.461398
1032	-4452.401	-5460.758	1008.357	1.704658	0.581397	5.932018
1038	-4463.724	-5472.075	1008.351	1.742203	0.5602182	5.932018
1044	-4445.082	-5454.255	1009.173	1.742203	0.6251976	5.42925
1050	-4452.784	-5458.559	1005.775	1.389125	0.338077	7.729343
1056	-4456.697	-5461.131	1004.433	1.408538	0.4251731	8.341517
1062	-4480.113	-5483.247	1003.134	1.433546	0.4282829	9.014594
1068	-4482.549	-5486.523	1003.974	1.388429	0.558362	8.477755
1074	-4451.866	-5460.794	1008.928	1.749999	0.5946179	5.583757
1080	-4465.423	-5475.045	1009.622	1.775664	0.4469472	5.319021
1086	-4457.516	-5466.765	1009.249	1.726847	0.4926499	5.507949
1092	-4443.925	-5454.129	1010.204	1.72779	0.4926499	4.97907
1098	-4450.734	-5459.215	1008.481	1.711693	0.5040809	5.926231
1104	-4458.932	-5465.899	1006.967	1.581939	0.483457	6.836982
1110	-4472.202	-5479.392	1007.19	1.549858	0.4960758	6.722685
1116	-4481.61	-5487.975	1006.365	1.537483	0.5598481	7.118919
1122	-4469.259	-5475.252	1005.993	1.528799	0.5734281	7.312628
1128	-4488.117	-5492.886	1004.769	1.507737	0.596409	7.960519
1134	-4481.254	-5486.371	1005.118	1.438362	0.4927631	7.897786
1140	-4504.071	-5506.712	1002.641	1.301513	0.3142986	9.467809
1146	-4483.699	-5486.92	1003.22	1.306662	0.3783908	9.086652
1152	-4469.189	-5470.357	1001.168	1.288464	0.4100404	10.1461
1158	-4480.798	-5484.319	1003.521	1.308537	0.3858982	8.918732
1164	-4440.242	-5449.109	1008.867	1.630877	0.4560454	5.80421
1170	-4459.102	-5466.335	1007.233	1.590387	0.5344539	6.64391
1176	-4467.354	-5473.144	1005.791	1.427215	0.5605016	7.48607
1182	-4454.124	-5459.668	1005.544	1.441628	0.4184742	7.738255
1188	-4453.328	-5458.604	1005.276	1.371945	0.3738306	7.965165
1194	-4453.15	-5458.109	1004.959	1.439437	0.5117094	7.965165
1200	-4446.351	-5451.378	1005.027	1.420494	0.4767917	7.970103
1206	-4459.36	-5464.902	1005.542	1.488888	0.4952248	7.641794
1212	-4457.383	-5462.791	1005.408	1.451149	0.5293771	7.704082
1218	-4457.943	-5463.454	1005.511	1.496093	0.5197093	7.633343
1224	-4473.543	-5477.4	1003.857	1.417493	0.368705	8.701051
1230	-4463.902	-5469.24	1005.339	1.438433	0.4872283	7.784572
1236	-4467.054	-5470.611	1003.556	1.428447	0.3440578	8.881913
1242	-4478.304	-5481.565	1003.262	1.344027	0.3556878	9.069634
1248	-4459.529	-5462.068	1002.539	1.335111	0.4027415	9.406553
1254	-4448.214	-5450.767	1002.553	1.335111	0.4145796	9.387101
1260	-4437.615	-5439.92	1002.305	1.376121	0.3289831	9.588275
1266	-4443.11	-5443.462	1000.352	1.305935	0.4387053	10.53779
1272	-4446.864	-5449.144	1002.28	1.263254	0.4071329	9.576894
1278	-4444.116	-5446.335	1002.219	1.291849	0.4240387	9.576894
1284	-4455.515	-5456.698	1001.183	1.291849	0.3677196	10.18033
1290	-4462.095	-5463.881	1001.786	1.352597	0.3437989	9.857236
1296	-4455.165	-5459.996	1004.832	1.446939	0.3043373	8.241653
1302	-4456.728	-5462.984	1006.257	1.40583	0.3557717	7.442222
1308	-4443.747	-5452.135	1008.388	1.499698	0.3293455	6.272328
1314	-4466.478	-5474.337	1007.859	1.57046	0.4341162	6.407377
1320	-4477.677	-5485.518	1007.841	1.582547	0.4374849	6.407377
1326	-4437.252	-5444.906	1007.654	1.585115	0.4621387	6.483979
1332	-4474.614	-5482.692	1008.078	1.512048	0.3467628	6.413817
1338	-4491.701	-5499.094	1007.393	1.605954	0.4416963	6.63352
1344	-4473.01	-5481.321	1008.311	1.668446	0.4287092	6.11419
1350	-4470.826	-5478.357	1007.531	1.58332	0.5447793	6.477734
1356	-4453.8	-5461.778	1007.978	1.572594	0.4631946	6.313798
1362	-4453.168	-5461.372	1008.204	1.572594	0.3452631	6.313798
1368	-4463.319	-5470.857	1007.538	1.644877	0.6144822	6.384075
1374	-4440.083	-5446.873	1006.79	1.578845	0.469917	6.94659
1380	-4427.869	-5433.996	1006.127	1.478445	0.36178	7.466267
1386	-4442.709	-5445.459	1002.749	1.4357	0.512888	9.139873
1392	-4439.067	-5442.474	1003.406	1.395229	0.5008093	8.823744
1398	-4445.15	-5449.916	1004.766	1.339622	0.3311164	8.301805
1404	-4427.079	-5429.75	1002.671	1.313241	0.4748298	9.279381
1410	-4435.199	-5438.645	1003.446	1.361191	0.4176529	8.898165
1416	-4445.067	-5448.896	1003.829	1.361191	0.4763442	8.639578
1422	-4476.691	-5483.348	1006.656	1.625445	0.4718617	6.991597
1428	-4485.377	-5491.299	1005.922	1.499443	0.510822	7.418936
1434	-4450.815	-5456.809	1005.994	1.471889	0.4797909	7.42287
1440	-4469.159	-5474.892	1005.732	1.419949	0.4891817	7.582389
1446	-4467.039	-5473.54	1006.501	1.563552	0.5839705	7.012446
1452	-4438.887	-5445.819	1006.932	1.601092	0.5839705	6.759722
1458	-4441.123	-5449.813	1008.69	1.558861	0.4298192	5.966105
1464	-4437.808	-5446.619	1008.811	1.586821	0.3775025	5.939562
1470	-4453.313	-5462.94	1009.627	1.5886	0.3362037	5.538989
1476	-4449.093	-5458.188	1009.095	1.672473	0.3662839	5.749773
1482	-4458.273	-5467.193	1008.92	1.64934	0.4721822	5.749773
1488	-4473.688	-5481.558	1007.87	1.645113	0.5687989	6.239915
1494	-4457.625	-5464.783	1007.159	1.591416	0.507358	6.706994
1500	-4467.174	-5474.003	1006.829	1.564227	0.4252292	6.976553
1506	-4460.899	-5467.054	1006.154	1.533396	0.5111672	7.275839
1512	-4450.746	-5456.349	1005.603	1.496421	0.4363269	7.660016
1518	-4445.139	-5450.717	1005.578	1.528897	0.4318686	7.660016
1524	-4477.719	-5481.956	1004.237	1.514709	0.3673809	8.449023
1530	-4461.774	-5468.137	1006.362	1.534808	0.5123358	7.162149
1536	-4460.297	-5468.598	1008.301	1.597059	0.5123358	6.079938
1542	-4452.628	-5459.944	1007.316	1.525453	0.5211987	6.645411
1548	-4463.35	-5471.754	1008.404	1.545779	0.4384199	6.120538
1554	-4433.177	-5440.872	1007.695	1.57123	0.4524835	6.478084
1560	-4438.783	-5446.236	1007.453	1.538404	0.372305	6.708694
1566	-4444.246	-5452.185	1007.939	1.501735	0.3843676	6.452775
1572	-4444.658	-5451.476	1006.817	1.515441	0.4223221	7.011984
1578	-4430.037	-5436.907	1006.87	1.508891	0.4333866	6.976285
1584	-4444.719	-5452.179	1007.46	1.529971	0.4743233	6.607144
1590	-4444.353	-5451.825	1007.472	1.582794	0.4375228	6.607144
1596	-4452.155	-5460.817	1008.663	1.636985	0.4693077	5.900117
1602	-4444.936	-5453.449	1008.513	1.676837	0.5358929	5.900117
1608	-4444.268	-5451.825	1007.557	1.605449	0.483103	6.505867
1614	-4452.14	-5459.93	1007.79	1.664982	0.6658168	6.197778
1620	-4451.892	-5460.013	1008.121	1.664982	0.5540791	6.105029
1626	-4457.594	-5465.572	1007.978	1.6164	0.5548316	6.20866
1632	-4456.226	-5462.63	1006.404	1.558742	0.5556737	7.090132
1638	-4463.171	-5468.716	1005.545	1.487397	0.5315295	7.609226
1644	-4459.555	-5465.52	1005.965	1.414835	0.4287686	7.51702
1650	-4440.971	-5446.664	1005.693	1.390943	0.3887614	7.716129
1656	-4441.772	-5447.81	1006.039	1.397786	0.436322	7.479459
1662	-4418.206	-5423.548	1005.342	1.409457	0.4471603	7.835468
1668	-4427.48	-5433.422	1005.942	1.479416	0.5034844	7.425456
1674	-4431.656	-5438.738	1007.082	1.500256	0.4211301	6.87871
1680	-4441.658	-5448.001	1006.343	1.388086	0.3568422	7.404336
1686	-4444.278	-5450.183	1005.905	1.481544	0.4948336	7.451761
1692	-4443.198	-5450.597	1007.399	1.546948	0.4618793	6.642553
1698	-4438.391	-5444.752	1006.361	1.553196	0.4618793	7.198926
1704	-4448.042	-5454.466	1006.423	1.482662	0.4618793	7.203267
1710	-4464.924	-5469.099	1004.174	1.385056	0.4264072	8.490477
1716	-4451.708	-5456.467	1004.759	1.385056	0.3072847	8.309436
1722	-4455.207	-5461.902	1006.695	1.418104	0.280738	7.291034
1728	-4451.71	-5458.395	1006.685	1.384378	0.2988774	7.291034
1734	-4452.59	-5456.458	1003.868	1.384378	0.5048698	8.581095
1740	-4433.271	-5437.897	1004.626	1.481086	0.6227651	8.031064
1746	-4435.975	-5441.632	1005.658	1.476093	0.606985	7.494242
1752	-4440.45	-5447.263	1006.813	1.552901	0.5160514	6.906743
1758	-4430.348	-5437.203	1006.855	1.508403	0.4581667	6.960612
1764	-4447.161	-5453.908	1006.746	1.590941	0.583968	6.865381
1770	-4451.906	-5458.364	1006.457	1.450137	0.4775336	7.187727
1776	-4452.902	-5460.918	1008.017	1.592429	0.4626243	6.28248
1782	-4455.034	-5462.055	1007.021	1.592429	0.5936974	6.708575
1788	-4449.932	-5458.274	1008.341	1.657943	0.4762492	6.057359
1794	-4470.877	-5474.867	1003.991	1.459205	0.441791	8.533762
1800	-4470.23	-5473.705	1003.474	1.377095	0.4350136	8.857661
1806	-4447.123	-5449.631	1002.508	1.350421	0.5124801	9.312965
1812	-4435.146	-5438.97	1003.825	1.346955	0.393895	8.729092
1818	-4442.949	-5446.705	1003.756	1.330786	0.4392146	8.729092
1824	-4456.803	-5460.816	1004.013	1.359079	0.4323897	8.583974
1830	-4436.579	-5440.838	1004.26	1.381567	0.3639654	8.511556
1836	-4427.768	-5431.101	1003.333	1.379082	0.4524985	8.91471
1842	-4439.422	-5443.424	1004.002	1.34049	0.3875111	8.645164
1848	-4455.263	-5459.989	1004.726	1.412333	0.4175322	8.191418
1854	-4471.427	-5479.344	1007.917	1.626667	0.5358723	6.252075
1860	-4472.408	-5480.566	1008.158	1.659492	0.6217302	6.033303
1866	-4489.874	-5498.804	1008.93	1.687972	0.5734884	5.634188
1872	-4456.371	-5463.672	1007.301	1.601122	0.4235123	6.703392
1878	-4462.44	-5469.155	1006.715	1.429502	0.3572865	7.181599
1884	-4452.219	-5457.92	1005.701	1.413035	0.3572865	7.734068
1890	-4435.324	-5438.404	1003.08	1.393998	0.4216199	9.070686
1896	-4429.09	-5431.143	1002.053	1.383104	0.4712558	9.572056
1902	-4446.267	-5448.126	1001.859	1.339302	0.4597832	9.70809
1908	-4453.402	-5459.929	1006.527	1.571897	0.4890132	7.074549
1914	-4471.404	-5478.209	1006.806	1.544507	0.354396	7.074549
1920	-4470.192	-5477.6	1007.408	1.57933	0.4596077	6.622231
1926	-4473.829	-5481.402	1007.573	1.638833	0.5357918	6.432606
1932	-4468.588	-5476.86	1008.272	1.69494	0.312569	6.249441
1938	-4459.659	-5465.77	1006.111	1.472416	0.3340873	7.509148
1944	-4455.16	-5459.958	1004.798	1.410431	0.4874404	8.087724
1950	-4458.16	-5461.386	1003.226	1.427711	0.5558258	8.855698
1956	-4456.18	-5461.353	1005.173	1.444343	0.5074505	7.852166
1962	-4447.961	-5452.125	1004.164	1.374656	0.5074505	8.426875
1968	-4461.54	-5462.767	1001.227	1.2984	0.5074505	10.01981
1974	-4495.95	-5498.947	1002.997	1.336684	0.5357102	9.041835
1980	-4464.287	-5467.438	1003.151	1.384318	0.4179231	9.041835
1986	-4469.926	-5475.905	1005.979	1.508433	0.6250496	7.29056
1992	-4457.57	-5464.573	1007.003	1.58203	0.5444853	6.764031
1998	-4451.71	-5458.457	1006.746	1.511712	0.5472363	6.938141
2004	-4474.112	-5477.552	1003.44	1.465703	0.5945682	8.691244
2010	-4451.546	-5457.579	1006.033	1.465703	0.4531452	7.430054
2016	-4473.141	-5479.239	1006.098	1.446139	0.5570069	7.313943
2022	-4458.041	-5461.851	1003.81	1.374022	0.4207246	8.695402
2028	-4475.015	-5479.69	1004.675	1.513088	0.4947699	8.092089
2034	-4474.705	-5479.684	1004.979	1.492198	0.5583947	7.887253
2040	-4465.822	-5470.647	1004.825	1.529894	0.5720041	7.938046
2046	-4436.512	-5443.011	1006.498	1.549593	0.531028	7.065004
2052	-4451.974	-5457.584	1005.61	1.552345	0.5391767	7.533328
2058	-4443.378	-5449.892	1006.513	1.58171	0.5391767	7.032698
2064	-4453.193	-5459.077	1005.884	1.519044	0.3949267	7.538768
2070	-4459.536	-5464.865	1005.33	1.507123	0.3949267	7.841921
2076	-4452.56	-5455.017	1002.457	1.448533	0.642416	9.184858
2082	-4472.271	-5477.559	1005.288	1.548064	0.6925199	7.590543
2088	-4493.61	-5499.042	1005.433	1.532099	0.5274819	7.648928
2094	-4469.214	-5474.702	1005.488	1.500158	0.3899905	7.766309
2100	-4462.27	-5468.489	1006.219	1.511592	0.4848899	7.276356
2106	-4457.2	-5465.08	1007.881	1.56654	0.3754585	6.458924
2112	-4437.142	-5443.913	1006.771	1.489272	0.3582742	7.118725
2118	-4453.195	-5460.48	1007.285	1.64142	0.5272995	6.594148
2124	-4491.339	-5499.634	1008.295	1.692199	0.4063793	6.132582
2130	-4446.855	-5454.473	1007.618	1.545447	0.392455	6.594148
2136	-4454.851	-5460.812	1005.961	1.537356	0.3571562	7.528862
2142	-4455.657	-5459.787	1004.13	1.455273	0.517648	8.393263
2148	-4448.762	-5454.29	1005.529	1.435188	0.5115569	7.663139
2154	-4454.434	-5461.176	1006.743	1.522176	0.4463208	7.024876
2160	-4448.941	-5455.671	1006.73	1.484874	0.3790705	7.120113
2166	-4454.47	-5461.178	1006.709	1.484874	0.4154821	7.09356
2172	-4465.968	-5472.586	1006.618	1.449512	0.4234161	7.153688
2178	-4487.824	-5494.226	1006.401	1.546173	0.49144	7.153688
2184	-4488.25	-5496.219	1007.969	1.609201	0.4186262	6.342417
2190	-4463.875	-5470.123	1006.248	1.533825	0.3841052	7.347229
2196	-4455.607	-5461.117	1005.51	1.570691	0.3664363	7.74179
2202	-4467.675	-5474.673	1006.998	1.580449	0.3515008	6.95486
2208	-4456.368	-5464.501	1008.133	1.675586	0.3976475	6.239074
2214	-4453.806	-5461.999	1008.194	1.671942	0.3333019	6.279711
2220	-4433.905	-5442.141	1008.236	1.667802	0.491017	6.095727
2226	-4447.941	-5455.924	1007.982	1.67077	0.4680793	6.253588
2232	-4439.558	-5445.299	1005.741	1.607347	0.4680793	7.496766
2238	-4451.861	-5459.349	1007.488	1.718158	0.4246394	6.537999
2244	-4473.061	-5478.393	1005.333	1.505241	0.5575911	7.69177
2250	-4474.634	-5480.807	1006.173	1.648599	0.3822657	7.327767
2256	-4476.562	-5485.014	1008.452	1.634178	0.3822657	6.10416
2262	-4482.155	-5488.008	1005.853	1.445882	0.381281	7.609107
2268	-4462.12	-5467.752	1005.632	1.456346	0.4974731	7.609107
2274	-4462.287	-5472.429	1010.142	1.711547	0.4795518	5.035163
2280	-4461.769	-5471.94	1010.171	1.756462	0.522094	4.955109
2286	-4469.126	-5479.104	1009.977	1.756462	0.5092892	5.07408
2292	-4462.848	-5473.179	1010.33	1.7757	0.453674	4.919691
2298	-4480.857	-5491.807	1010.949	1.700943	0.3728627	4.701168
2304	-4467.691	-5478.801	1011.11	1.700943	0.2988984	4.701168
2310	-4469.131	-5479.908	1010.776	1.696551	0.2989806	4.889558
2316	-4477.069	-5486.607	1009.538	1.571616	0.3185764	5.618235
2322	-4467.939	-5473.799	1005.86	1.50385	0.4670686	7.489026
2328	-4474.136	-5480.141	1006.005	1.508686	0.3874243	7.487808
2334	-4464.863	-5469.397	1004.534	1.374608	0.3491964	8.385958
2340	-4457.063	-5460.233	1003.17	1.438981	0.4319962	8.989294
2346	-4473.873	-5476.206	1002.333	1.42703	0.5138157	9.363504
2352	-4462.222	-5464.917	1002.695	1.42703	0.4635127	9.21697
2358	-4469.279	-5469.677	1000.397	1.282791	0.3711281	10.59427
2364	-4490.321	-5495.265	1004.944	1.484248	0.4637195	7.992275
2370	-4463.959	-5464.242	1000.283	1.293159	0.4246888	10.59427
2376	-4486.823	-5487.445	1000.622	1.277298	0.4377356	10.41243
2382	-4488.403	-5489.865	1001.462	1.361642	0.3789079	9.984966
2388	-4478.719	-5479.264	1000.544	1.262304	0.4112362	10.48654
2394	-4488.934	-5493.919	1004.985	1.439979	0.3249793	8.138757
2400	-4489.896	-5496.331	1006.435	1.526993	0.4172552	7.216571
2406	-4494.509	-5501.583	1007.074	1.579677	0.4172552	6.843914
2412	-4499.965	-5504.041	1004.076	1.595989	0.5410337	8.327
2418	-4481.157	-5488.901	1007.744	1.714297	0.6128202	6.235737
2424	-4470.886	-5480.9	1010.014	1.769557	0.555306	5.006203
2430	-4458.162	-5466.809	1008.647	1.670437	0.5247832	5.840032
2436	-4469.673	-5478.692	1009.019	1.602821	0.4483747	5.74404
2442	-4465.781	-5474.149	1008.368	1.555816	0.5194588	6.059247
2448	-4469.848	-5477.109	1007.26	1.555816	0.4998438	6.67792
2454	-4476.471	-5483.24	1006.769	1.486059	0.3361462	7.146753
2460	-4469.649	-5476.703	1007.054	1.507626	0.4806084	6.832814
2466	-4477.905	-5485.128	1007.223	1.469053	0.4806084	6.762402
2472	-4480.426	-5487.222	1006.796	1.565432	0.5274697	6.899318
2478	-4478.65	-5482.371	1003.721	1.428608	0.5772561	8.575226
2484	-4493.669	-5498.178	1004.51	1.416398	0.4538309	8.269122
2490	-4484.966	-5492.916	1007.95	1.530576	0.3792506	6.436922
2496	-4471.426	-5477.625	1006.199	1.420219	0.4749581	7.345192
2502	-4502.718	-5506.99	1004.272	1.483329	0.4801993	8.335755
2508	-4489.975	-5494.384	1004.409	1.483527	0.4801993	8.262641
2514	-4496.465	-5501.989	1005.524	1.382363	0.481651	7.720725
2520	-4475.288	-5478.621	1003.333	1.39821	0.4689081	8.889708
2526	-4478.07	-5480.045	1001.975	1.350458	0.4480245	9.651895
2532	-4470.584	-5473.711	1003.127	1.366076	0.3821873	9.100576
2538	-4458.428	-5463.702	1005.274	1.424389	0.4431963	7.867805
2544	-4467.948	-5475.124	1007.176	1.52207	0.4034711	6.834278
2550	-4474.519	-5479.275	1004.755	1.435545	0.4198805	8.161088
2556	-4462.195	-5467.203	1005.008	1.454169	0.34913	8.091277
2562	-4455.966	-5459.571	1003.605	1.36998	0.4026456	8.824548
2568	-4454.304	-5459.46	1005.156	1.404589	0.4491749	7.93553
2574	-4454.01	-5456.991	1002.982	1.331061	0.4262054	9.151414
2580	-4460.492	-5462.889	1002.396	1.382235	0.5038733	9.362343
2586	-4469.943	-5473.754	1003.811	1.385224	0.432229	8.677426
2592	-4478.436	-5483.443	1005.007	1.364959	0.3612764	8.125791
2598	-4466.049	-5471.253	1005.204	1.345075	0.2845175	8.122223
2604	-4451.968	-5455.269	1003.3	1.39574	0.4105776	8.963984
2610	-4457.956	-5461.602	1003.646	1.359498	0.3963878	8.814386
2616	-4461.779	-5464.963	1003.185	1.395346	0.4348268	9.00175
2622	-4455.137	-5456.439	1001.302	1.244086	0.3832745	10.1264
2628	-4439.61	-5440.823	1001.213	1.282446	0.4093427	10.1264
2634	-4441.036	-5442.731	1001.695	1.192208	0.3173429	10.02004
2640	-4421.901	-5422.81	1000.91	1.289174	0.3991039	10.29276
2646	-4444.741	-5447.048	1002.306	1.323625	0.3815296	9.557343
2652	-4457.299	-5460.988	1003.689	1.320988	0.3231897	8.892587
2658	-4473.479	-5478.513	1005.035	1.385773	0.4285366	8.030147
2664	-4458.276	-5464.181	1005.905	1.532292	0.4688874	7.44787
2670	-4471.894	-5480.395	1008.501	1.638728	0.5384223	5.925426
2676	-4475.89	-5483.212	1007.322	1.638728	0.466336	6.630651
2682	-4498.797	-5505.595	1006.798	1.52818	0.3402689	7.10371
2688	-4506.626	-5513.55	1006.924	1.582368	0.4676612	6.874306
2694	-4475.079	-5479.496	1004.417	1.419212	0.4138094	8.355967
2700	-4472.81	-5478.538	1005.728	1.417094	0.4151678	7.656325
2706	-4485.279	-5490.464	1005.185	1.436253	0.3445704	8.011417
2712	-4468.492	-5473.212	1004.719	1.509611	0.4839125	8.080203
2718	-4458.919	-5465.322	1006.403	1.562549	0.4839125	7.150826
2724	-4461.446	-5467.685	1006.239	1.55953	0.4863338	7.238172
2730	-4483.824	-5492.26	1008.436	1.665082	0.4988619	5.981203
2736	-4486.258	-5494.083	1007.825	1.690222	0.5684014	6.240392
2742	-4481.238	-5489.089	1007.851	1.639516	0.6068152	6.222804
2748	-4483.931	-5491.518	1007.586	1.616547	0.5020666	6.466717
2754	-4485.454	-5493.289	1007.836	1.588602	0.495132	6.352662
2760	-4474.328	-5481.954	1007.626	1.623399	0.388565	6.552011
2766	-4481.246	-5488.495	1007.249	1.586278	0.4980469	6.6692
2772	-4474.856	-5482.922	1008.066	1.570151	0.3740051	6.358135
2778	-4468.2	-5476.25	1008.05	1.613808	0.4577492	6.257281
2784	-4480.419	-5488.376	1007.958	1.619683	0.5621154	6.211809
2790	-4494.635	-5500.167	1005.532	1.513659	0.4666845	7.659855
2796	-4494.847	-5498.474	1003.627	1.418814	0.4666845	8.724625
2802	-4484.995	-5491.123	1006.128	1.488772	0.4165542	7.402254
2808	-4484.921	-5492.458	1007.538	1.571675	0.4053651	6.61001
2814	-4483.304	-5490.675	1007.371	1.571675	0.4992213	6.61001
2820	-4487.603	-5497.093	1009.49	1.65729	0.391028	5.514092
2826	-4469.764	-5478.785	1009.022	1.65729	0.5602733	5.611512
2832	-4473.372	-5482.166	1008.794	1.590107	0.4628969	5.860242
2838	-4461.905	-5468.879	1006.974	1.503115	0.3857384	6.971875
2844	-4483.224	-5490.615	1007.391	1.503115	0.3525293	6.783695
2850	-4481.231	-5487.615	1006.384	1.513935	0.4033404	7.264751
2856	-4482.935	-5488.462	1005.527	1.53915	0.4647296	7.650565
2862	-4491.251	-5498.904	1007.653	1.559855	0.3356895	6.630772
2868	-4496.292	-5502.87	1006.578	1.510957	0.3216432	7.253018
2874	-4463.021	-5469.61	1006.589	1.456286	0.3812284	7.208829
2880	-4458.448	-5466.973	1008.525	1.587547	0.4423125	6.02832
2886	-4459.227	-5467.777	1008.55	1.587547	0.3901262	6.067878
2892	-4432.102	-5440.773	1008.67	1.558354	0.345509	6.067878
2898	-4448.237	-5457.69	1009.453	1.626595	0.445063	5.496094
2904	-4438.141	-5448.663	1010.522	1.748138	0.4384212	4.84339
2910	-4435.374	-5445.925	1010.551	1.824311	0.5397374	4.689263
2916	-4432.21	-5441.773	1009.563	1.705202	0.487351	5.351815
2922	-4453.211	-5463.133	1009.922	1.746341	0.4478365	5.168102
2928	-4447.138	-5454.928	1007.79	1.710336	0.4280164	6.375123
2934	-4453.366	-5462.708	1009.341	1.731146	0.5336138	5.417989
2940	-4473.932	-5483.266	1009.334	1.738369	0.5336138	5.417989
2946	-4479.379	-5487.659	1008.28	1.621018	0.5214292	6.070194
2952	-4469.577	-5477.941	1008.364	1.621018	0.5155833	6.02937
2958	-4464.982	-5473.81	1008.828	1.602954	0.4421864	5.854511
2964	-4456.222	-5466.016	1009.794	1.704872	0.4421864	5.267787
2970	-4467.598	-5474.622	1007.024	1.627311	0.699349	6.609482
2976	-4488.224	-5497.944	1009.721	1.613027	0.3461249	5.462187
2982	-4481.329	-5486.608	1005.28	1.436797	0.2985166	8.015385
2988	-4500.425	-5504.497	1004.072	1.436797	0.345877	8.601968
2994	-4498.028	-5502.903	1004.875	1.465689	0.377209	8.125029
3000	-4485.387	-5489.361	1003.974	1.508726	0.3969497	8.56095
3006	-4480.198	-5485.752	1005.554	1.566896	0.3969497	7.687957
3012	-4496.394	-5503.703	1007.308	1.658966	0.4014035	6.690949
3018	-4497.531	-5504.422	1006.891	1.541907	0.4148709	6.965632
3024	-4490.533	-5497.799	1007.266	1.515137	0.4460342	6.746664
3030	-4500.623	-5503.487	1002.865	1.343678	0.30152	9.342662
3036	-4486.475	-5487.693	1001.218	1.368226	0.3014011	10.1976
3042	-4460.175	-5464.422	1004.247	1.41767	0.5156353	8.352443
3048	-4453.295	-5457.216	1003.921	1.417395	0.5052883	8.535268
3054	-4499.869	-5499.221	999.3517	1.279584	0.2927637	11.23364
3060	-4450.083	-5454.902	1004.819	1.408229	0.3382843	8.228731
3066	-4444.801	-5448.171	1003.37	1.409019	0.346951	8.987405
3072	-4464.951	-5467.212	1002.262	1.440741	0.324764	9.581887
3078	-4457.946	-5462.542	1004.596	1.562328	0.5058798	8.098271
3084	-4443.92	-5447.85	1003.93	1.426343	0.3081673	8.727112
3090	-4460.593	-5464.478	1003.885	1.433179	0.3251432	8.727112
3096	-4451.709	-5459.088	1007.379	1.531161	0.4475985	6.67547
3102	-4432.187	-5439.495	1007.308	1.564134	0.469203	6.67547
3108	-4440.285	-5443.026	1002.741	1.370837	0.3895753	9.294703
3114	-4471.646	-5473.477	1001.83	1.313371	0.421669	9.773034
3120	-4494.659	-5496.652	1001.993	1.31321	0.3620339	9.749084
3126	-4459.892	-5460.758	1000.866	1.33106	0.4455162	10.24843
3132	-4466.107	-5468.191	1002.084	1.412373	0.4525304	9.557456
3138	-4444.527	-5447.11	1002.583	1.363704	0.4406346	9.330862
3144	-4454.625	-5460.816	1006.191	1.56882	0.4025284	7.339913
3150	-4445.526	-5452.418	1006.892	1.523656	0.4585227	6.93212
3156	-4445.506	-5452.786	1007.28	1.553306	0.3879675	6.777611
3162	-4467.426	-5470.131	1002.705	1.462536	0.563178	9.106957
3168	-4459.79	-5465.594	1005.805	1.402766	0.4260906	7.612164
3174	-4451.657	-5457.41	1005.754	1.458775	0.4232546	7.612164
3180	-4442.572	-5448.411	1005.839	1.458775	0.3603042	7.632285
3186	-4426.863	-5433.072	1006.208	1.498849	0.3825325	7.389114
3192	-4436.915	-5444.202	1007.287	1.574059	0.5530335	6.607824
3198	-4444.582	-5452.348	1007.766	1.574059	0.4793724	6.412872
3204	-4451.047	-5459.257	1008.21	1.544737	0.391319	6.274933
3210	-4455.401	-5463.228	1007.827	1.508786	0.3762402	6.518204
3216	-4452.855	-5458.866	1006.011	1.517779	0.4213064	7.444897
3222	-4469.872	-5474.858	1004.986	1.465978	0.5402545	7.91243
3228	-4479.655	-5485.786	1006.131	1.497677	0.5362512	7.286045
3234	-4501.003	-5508.259	1007.256	1.554075	0.5039757	6.677575
3240	-4487.78	-5491.463	1003.683	1.426207	0.4769057	8.681702
3246	-4458.886	-5464.991	1006.105	1.551976	0.4704007	7.328897
3252	-4443.345	-5449.421	1006.076	1.582936	0.5143455	7.288329
3258	-4448.451	-5453.216	1004.765	1.432699	0.468831	8.110477
3264	-4437.027	-5440.894	1003.867	1.502864	0.3483241	8.672681
3270	-4468.684	-5475.147	1006.463	1.502864	0.3268145	7.312761
3276	-4467.527	-5472.941	1005.414	1.511914	0.4172527	7.771509
3282	-4459.983	-5463.655	1003.672	1.423134	0.3572947	8.808604
3288	-4467.365	-5470.57	1003.205	1.337694	0.333734	9.127573
3294	-4459.842	-5462.645	1002.802	1.421419	0.3493243	9.278627
3300	-4490.031	-5497.018	1006.987	1.568529	0.4030772	6.911515
3306	-4486.73	-5493.539	1006.809	1.598908	0.4848657	6.911515
3312	-4475.618	-5483.552	1007.934	1.547306	0.4326816	6.381177
3318	-4487.058	-5492.859	1005.802	1.584469	0.5465154	7.407362
3324	-4496.822	-5502.317	1005.495	1.461505	0.3345473	7.84423
3330	-4477.417	-5484.908	1007.491	1.499892	0.3818178	6.698938
3336	-4471.284	-5476.38	1005.096	1.467693	0.5694001	7.828812
3342	-4471.662	-5474.774	1003.112	1.406351	0.4680992	9.00304
3348	-4443.642	-5448.799	1005.157	1.435381	0.3908521	7.976528
3354	-4437.178	-5441.678	1004.5	1.387093	0.3874636	8.355536
3360	-4444.903	-5447.23	1002.328	1.31952	0.3149479	9.622672
3366	-4444.773	-5447.09	1002.317	1.322597	0.3184293	9.622672
3372	-4446.751	-5449.426	1002.676	1.345227	0.4040573	9.327793
3378	-4489.83	-5489.894	1000.063	1.28658	0.4209205	10.71668
3384	-4457.327	-5462.664	1005.337	1.343493	0.40301	7.916866
3390	-4454.884	-5457.941	1003.057	1.356555	0.4707524	9.056179
3396	-4455.714	-5458.784	1003.07	1.34381	0.4707524	9.056179
3402	-4457.68	-5460.24	1002.56	1.26327	0.2995991	9.548223
3408	-4455.893	-5459.961	1004.068	1.407321	0.383568	8.578527
3414	-4490.432	-5493.386	1002.954	1.257824	0.3051189	9.336591
3420	-4499.601	-5503.389	1003.789	1.312772	0.3412469	8.823277
3426	-4501.99	-5505.644	1003.654	1.340441	0.3847929	8.832628
3432	-4462.242	-5469.287	1007.045	1.477258	0.3400441	6.998329
3438	-4448.092	-5456.477	1008.385	1.5976	0.3772856	6.166246
3444	-4455.937	-5464.826	1008.889	1.5976	0.3363655	5.93794
3450	-4439.246	-5448.086	1008.84	1.580274	0.3784339	5.926256
3456	-4455.848	-5463.88	1008.032	1.553106	0.3904769	6.368197
3462	-4450.429	-5458.29	1007.861	1.579664	0.4287777	6.406973
3468	-4459.297	-5467.596	1008.299	1.661919	0.5038654	6.053255
3474	-4456.818	-5464.363	1007.545	1.604973	0.432546	6.560706
3480	-4462.053	-5470.014	1007.96	1.589241	0.4317552	6.344727
3486	-4473.21	-5479.441	1006.231	1.634056	0.6124897	7.09758
3492	-4469.035	-5476.834	1007.799	1.563104	0.3696566	6.511597
3498	-4453.2	-5461.33	1008.13	1.700172	0.5746969	6.063545
3504	-4444.417	-5449.775	1005.358	1.52175	0.5750897	7.655406
3510	-4456.512	-5463.814	1007.302	1.515609	0.5333528	6.647741
3516	-4455.276	-5461.768	1006.492	1.567058	0.4240751	7.157562
3522	-4483.412	-5490.119	1006.707	1.574694	0.4878703	6.977158
3528	-4462.885	-5472.184	1009.299	1.595083	0.3481468	5.70138
3534	-4453.873	-5462.288	1008.415	1.613841	0.3673572	6.151831
3540	-4465.17	-5473.896	1008.726	1.636358	0.474955	5.860632
3546	-4464.482	-5473.072	1008.591	1.640687	0.5040058	5.905287
3552	-4471.276	-5478.502	1007.227	1.566264	0.4388198	6.747361
3558	-4469.799	-5477.41	1007.611	1.606708	0.5580217	6.410354
3564	-4459.727	-5466.55	1006.823	1.651459	0.6921941	6.709981
3570	-4457.128	-5465.463	1008.334	1.656361	0.4574378	6.079827
3576	-4455.311	-5461.616	1006.306	1.603656	0.5563369	7.118258
3582	-4430.741	-5437.059	1006.318	1.485893	0.5405573	7.187929
3588	-4454.011	-5461.155	1007.144	1.530645	0.4978372	6.756406
3594	-4468.705	-5477.185	1008.48	1.694751	0.4582375	5.978851
3600	-4475.74	-5484.476	1008.736	1.679842	0.3660925	5.942607
3606	-4470.666	-5477.791	1007.124	1.627406	0.4531295	6.755828
3612	-4468.087	-5473.207	1005.12	1.304187	0.3390727	8.122626
3618	-4484.418	-5486.276	1001.859	1.273686	0.3749812	9.826668
3624	-4453.309	-5454.968	1001.659	1.321181	0.3539855	9.929278
3630	-4452.95	-5458.009	1005.058	1.404335	0.6242204	7.839909
3636	-4452.098	-5453.533	1001.435	1.362847	0.6232594	9.783823
3642	-4492.228	-5498.137	1005.909	1.544162	0.4446356	7.462412
3648	-4488.69	-5492.304	1003.614	1.492342	0.5082712	8.655686
3654	-4461.345	-5466.29	1004.945	1.436296	0.4477153	8.03241
3660	-4444.992	-5451.499	1006.507	1.461973	0.4060876	7.223742
3666	-4435.048	-5441.304	1006.257	1.490736	0.4582062	7.29168
3672	-4429.67	-5436.765	1007.095	1.518681	0.3326484	6.957889
3678	-4438.815	-5445.492	1006.677	1.449079	0.3612873	7.187134
3684	-4439.835	-5446.187	1006.352	1.529674	0.4682066	7.210125
3690	-4444.656	-5450.765	1006.109	1.477753	0.4002861	7.435094
3696	-4445.75	-5451.405	1005.655	1.49781	0.518755	7.555703
3702	-4461.365	-5466.88	1005.514	1.503989	0.4383813	7.701248
3708	-4454.059	-5460.934	1006.875	1.472755	0.379196	7.048487
3714	-4438.918	-5445.889	1006.971	1.443012	0.3469756	7.048487
3720	-4449.034	-5456.195	1007.161	1.528843	0.4186091	6.823313
3726	-4445.303	-5453.161	1007.858	1.606583	0.4088416	6.413852
3732	-4451.986	-5460.473	1008.487	1.636787	0.4033314	6.061376
3738	-4445.436	-5454.316	1008.879	1.616895	0.4298323	5.830969
3744	-4448.52	-5456.746	1008.225	1.577664	0.3711354	6.270531
3750	-4457.418	-5465.709	1008.292	1.55023	0.4225379	6.195101
3756	-4457.442	-5464.389	1006.946	1.538419	0.5483077	6.814922
3762	-4457.952	-5465.417	1007.465	1.538419	0.4261009	6.646377
3768	-4439.585	-5445.696	1006.112	1.46412	0.5655114	7.289928
3774	-4433.573	-5439.971	1006.398	1.467886	0.4374689	7.248056
3780	-4425.011	-5431.674	1006.663	1.496931	0.4374689	7.089765
3786	-4428.001	-5434.277	1006.277	1.416651	0.3822739	7.396762
3792	-4440.858	-5445.837	1004.979	1.422996	0.3822739	8.087054
3798	-4453.307	-5457.187	1003.88	1.392421	0.4371115	8.63224
3804	-4454.397	-5460.568	1006.171	1.516637	0.4694411	7.313344
3810	-4457.517	-5464.128	1006.611	1.507745	0.4119619	7.137502
3816	-4470.097	-5476.482	1006.385	1.524044	0.5388705	7.133185
3822	-4497.546	-5505.958	1008.412	1.603028	0.4316547	6.091939
3828	-4487.555	-5494.853	1007.298	1.53148	0.3632934	6.80632
3834	-4492.214	-5499.512	1007.298	1.530228	0.3162883	6.861494
3840	-4501.265	-5509.316	1008.051	1.588986	0.4343155	6.293207
3846	-4509.288	-5514.067	1004.779	1.382963	0.4343155	8.162166
3852	-4478.64	-5485.813	1007.173	1.590629	0.5324424	6.677823
3858	-4490.509	-5495.991	1005.482	1.456227	0.4979046	7.689195
3864	-4486.185	-5492.115	1005.93	1.386327	0.3746032	7.607218
3870	-4491.422	-5494.705	1003.283	1.397235	0.3731827	9.01118
3876	-4463.886	-5466.857	1002.972	1.412029	0.3415663	9.202902
3882	-4462.226	-5462.576	1000.35	1.342295	0.4093767	10.54856
3888	-4443.946	-5445.21	1001.264	1.343772	0.3707518	10.10745
3894	-4453.343	-5454.572	1001.228	1.3655	0.3386412	10.14979
3900	-4454.861	-5456.33	1001.469	1.338144	0.4683695	9.906433
3906	-4458.487	-5459.394	1000.907	1.263641	0.354541	10.35457
3912	-4464.581	-5466.668	1002.087	1.317673	0.4700374	9.589571
3918	-4450.553	-5457.305	1006.752	1.483828	0.4090864	7.077446
3924	-4444.549	-5450.376	1005.827	1.490588	0.4497286	7.530444
3930	-4436.933	-5444.31	1007.377	1.496203	0.2949813	6.863874
3936	-4429.999	-5438.292	1008.293	1.496203	0.2962619	6.366678
3942	-4442.779	-5450.275	1007.496	1.554899	0.4413237	6.605714
3948	-4451.527	-5458.821	1007.294	1.554899	0.5088377	6.652295
3954	-4463.549	-5470.719	1007.17	1.559083	0.5740737	6.661883
3960	-4472.153	-5479.91	1007.757	1.625211	0.5080377	6.363921
3966	-4469.635	-5477.193	1007.558	1.522091	0.5178112	6.518991
3972	-4442.35	-5449.174	1006.824	1.522091	0.392292	7.035416
3978	-4452.544	-5458.144	1005.6	1.522091	0.5323965	7.56068
3984	-4460.296	-5463.913	1003.617	1.487862	0.7130278	8.499601
3990	-4453.85	-5459.968	1006.118	1.441979	0.5402613	7.319542
3996	-4445.74	-5450.197	1004.457	1.422695	0.4953659	8.256058
4002	-4461.027	-5464.715	1003.688	1.432213	0.413576	8.736505
4008	-4477.296	-5480.416	1003.119	1.323812	0.413576	9.094932
4014	-4505.829	-5510.408	1004.579	1.411745	0.3723506	8.316819
4020	-4475.096	-5479.217	1004.121	1.388876	0.4953631	8.452856
4026	-4482.318	-5489.643	1007.325	1.483928	0.3970569	6.781077
4032	-4462.351	-5467.739	1005.388	1.519477	0.5888643	7.629352
4038	-4445.13	-5453.457	1008.327	1.603923	0.4893185	6.0827
4044	-4448.612	-5457.77	1009.158	1.603923	0.4233336	5.69197
4050	-4441.634	-5450.429	1008.795	1.723334	0.4559145	5.79345
4056	-4455.675	-5462.901	1007.226	1.595163	0.4559145	6.715488
4062	-4449.296	-5457.391	1008.095	1.574481	0.4362268	6.27527
4068	-4443.629	-5451.472	1007.843	1.574481	0.4400394	6.408459
4074	-4438.915	-5445.854	1006.939	1.588053	0.5002557	6.833717
4080	-4446.457	-5452.634	1006.177	1.559964	0.5002557	7.258983
4086	-4453.937	-5460.419	1006.483	1.559964	0.4604201	7.131083
4092	-4456.862	-5463.098	1006.236	1.506634	0.4604547	7.292082
4098	-4472.824	-5477.669	1004.846	1.488217	0.6085849	7.920571
4104	-4468.521	-5472.992	1004.471	1.384815	0.3855422	8.374304
4110	-4456.054	-5461.08	1005.026	1.42822	0.4402605	8.000509
4116	-4451.266	-5456.627	1005.361	1.445524	0.5309145	7.731021
4122	-4452.339	-5457.604	1005.265	1.471531	0.4341582	7.856182
4128	-4430.906	-5436.057	1005.15	1.410644	0.4429911	7.941093
4134	-4458.794	-5462.352	1003.558	1.463041	0.5661059	8.652786
4140	-4461.375	-5466.65	1005.275	1.523129	0.3891079	7.868648
4146	-4457.454	-5462.958	1005.504	1.493416	0.3836394	7.767885
4152	-4475.588	-5481.931	1006.344	1.400892	0.3367665	7.4199
4158	-4464.392	-5467.818	1003.426	1.357485	0.5274473	8.810242
4164	-4465.515	-5469.101	1003.587	1.30278	0.4640121	8.810242
4170	-4461.347	-5465.358	1004.011	1.321676	0.3734065	8.665294
4176	-4454.018	-5458.067	1004.049	1.374156	0.3977693	8.59174
4182	-4459.539	-5464.872	1005.333	1.362143	0.382384	7.930734
4188	-4454.228	-5460.032	1005.804	1.430287	0.3996431	7.624412
4194	-4456.372	-5462.351	1005.978	1.458821	0.3725947	7.544466
4200	-4466.19	-5472.559	1006.369	1.458821	0.4251481	7.280522
4206	-4467.365	-5472.735	1005.37	1.412402	0.4227	7.842692
4212	-4466.204	-5472.953	1006.749	1.495642	0.4231278	7.058428
4218	-4470.171	-5475.077	1004.906	1.509731	0.3551866	8.109004
4224	-4471.492	-5475.589	1004.097	1.426751	0.3780578	8.558509
4230	-4451.38	-5455.774	1004.395	1.426751	0.5206064	8.264937
4236	-4468.228	-5471.924	1003.696	1.422362	0.6457605	8.539731
4242	-4464.205	-5467.499	1003.294	1.425977	0.6579605	8.742243
4248	-4473.075	-5479.229	1006.154	1.506578	0.4908168	7.308326
4254	-4466.554	-5469.922	1003.368	1.400714	0.3912502	8.94535
4260	-4459.74	-5466.644	1006.904	1.560945	0.4568188	6.907051
4266	-4448.505	-5455.842	1007.338	1.532425	0.4568188	6.688314
4272	-4450.775	-5454.028	1003.253	1.474255	0.4629089	8.897377
4278	-4462.154	-5465.631	1003.476	1.504201	0.5650162	8.67496
4284	-4464.082	-5467.645	1003.563	1.50988	0.5064331	8.67496
4290	-4468.976	-5476.711	1007.734	1.485667	0.3160216	6.650295
4296	-4464.64	-5469.006	1004.366	1.419375	0.3248868	8.479243
4302	-4473.093	-5477.494	1004.401	1.390846	0.4579094	8.33663
4308	-4466.223	-5471.984	1005.761	1.319424	0.3076383	7.809937
4314	-4454.719	-5460.533	1005.814	1.545752	0.4333719	7.523222
4320	-4456.369	-5461.884	1005.515	1.568256	0.4099263	7.695004
4326	-4477.794	-5483.391	1005.597	1.651013	0.5062967	7.515663
4332	-4469.323	-5473.212	1003.889	1.429292	0.6202937	8.452597
4338	-4473.138	-5477.705	1004.567	1.405547	0.4892147	8.212201
4344	-4460.205	-5464.202	1003.997	1.402732	0.4505937	8.551991
4350	-4487.242	-5493.91	1006.669	1.530706	0.3409587	7.170865
4356	-4481.045	-5488.062	1007.017	1.623822	0.342704	6.931312
4362	-4469.584	-5476.377	1006.793	1.555357	0.4985128	6.931312
4368	-4476.591	-5480.332	1003.741	1.452169	0.4958179	8.620475
4374	-4461.449	-5465.478	1004.029	1.49298	0.4439533	8.493159
4380	-4463.122	-5469.199	1006.077	1.457431	0.4005974	7.462756
4386	-4468.942	-5474.132	1005.19	1.391024	0.4473508	7.926008
4392	-4454.852	-5457.903	1003.051	1.368477	0.5262399	9.004427
4398	-4456.548	-5460.326	1003.778	1.413979	0.4385953	8.673951
4404	-4452.743	-5456.484	1003.741	1.374543	0.4819788	8.673951
4410	-4450.411	-5455.1	1004.689	1.403592	0.4217523	8.211531
4416	-4457.591	-5462.243	1004.651	1.372507	0.4494679	8.22126
4422	-4462.945	-5468.246	1005.3	1.416027	0.473591	7.829467
4428	-4480.518	-5485.397	1004.879	1.436404	0.3679683	8.148487
4434	-4461.507	-5466.035	1004.528	1.4635	0.3550876	8.335175
4440	-4471.312	-5480.149	1008.837	1.698703	0.5189864	5.725337
4446	-4448.791	-5457.177	1008.386	1.663973	0.5467281	5.967457
4452	-4444.703	-5453.113	1008.41	1.646275	0.54247	5.967457
4458	-4425.042	-5432.375	1007.333	1.627115	0.5506669	6.556336
4464	-4436.17	-5443.331	1007.161	1.708592	0.611506	6.556336
4470	-4433.058	-5442.153	1009.095	1.682232	0.5012029	5.609112
4476	-4429.501	-5439.156	1009.655	1.775584	0.6133415	5.153832
4482	-4427.397	-5436.829	1009.432	1.775584	0.669265	5.234571
4488	-4444.406	-5454.969	1010.564	1.775584	0.5533123	4.697722
4494	-4424.167	-5434.844	1010.677	1.8713	0.4961217	4.632004
4500	-4445.241	-5456.392	1011.151	1.872632	0.4613392	4.398303
4506	-4447.082	-5458.418	1011.336	1.872632	0.4037163	4.35333
4512	-4461.866	-5472.51	1010.644	1.896862	0.580435	4.56175
4518	-4444.424	-5454.453	1010.029	1.833981	0.569621	4.949502
4524	-4460.493	-5468.751	1008.258	1.604039	0.5629315	6.056102
4530	-4428.523	-5438.747	1010.224	1.845486	0.5366267	4.863159
4536	-4435.103	-5444.889	1009.786	1.845486	0.617141	5.03988
4542	-4443.758	-5452.752	1008.993	1.686209	0.518664	5.647126
4548	-4449.482	-5458.215	1008.734	1.644585	0.5048435	5.824417
4554	-4433.021	-5441.264	1008.243	1.647214	0.5120986	6.084364
4560	-4470.194	-5477.766	1007.572	1.568793	0.507145	6.496024
4566	-4481.323	-5489.696	1008.373	1.51196	0.3244733	6.279888
4572	-4462.774	-5470.931	1008.156	1.548697	0.4679617	6.225285
4578	-4457.461	-5465.423	1007.962	1.543211	0.4634939	6.338247
4584	-4468.773	-5474.595	1005.822	1.56378	0.5914937	7.371059
4590	-4462.974	-5472.207	1009.233	1.636927	0.4589275	5.597665
4596	-4453.717	-5461.071	1007.354	1.566059	0.474152	6.64517
4602	-4452.452	-5459.678	1007.226	1.507064	0.464686	6.754931
4608	-4429.587	-5437.999	1008.411	1.595294	0.5204974	6.01341
4614	-4439.295	-5447.643	1008.347	1.617826	0.4449278	6.105996
4620	-4422.721	-5430.536	1007.815	1.619065	0.4862151	6.355438
4626	-4426.527	-5432.592	1006.065	1.536808	0.5696745	7.272818
4632	-4425.775	-5431.988	1006.214	1.474541	0.4618814	7.319972
4638	-4433.015	-5439.675	1006.66	1.486346	0.4274382	7.107081
4644	-4441.341	-5446.965	1005.624	1.492042	0.4688932	7.620218
4650	-4457.964	-5466.21	1008.246	1.645831	0.402852	6.188178
4656	-4482.026	-5490.093	1008.066	1.645831	0.5042644	6.188178
4662	-4478.85	-5487.708	1008.858	1.552249	0.3685955	5.942865
4668	-4452.963	-5460.635	1007.672	1.552249	0.4327796	6.520403
4674	-4446.085	-5453.613	1007.528	1.565378	0.5084402	6.520403
4680	-4443.793	-5451.383	1007.59	1.562587	0.4728327	6.52053
4686	-4442.7	-5450.327	1007.627	1.579561	0.4819086	6.482883
4692	-4469.095	-5475.907	1006.812	1.590189	0.6121939	6.808157
4698	-4450.467	-5458.642	1008.176	1.524874	0.4572362	6.237922
4704	-4446.703	-5452.802	1006.099	1.529859	0.4572362	7.356332
4710	-4451.311	-5454.818	1003.508	1.405736	0.6654114	8.634449
4716	-4455.452	-5461.266	1005.814	1.405736	0.473773	7.56023
4722	-4475.183	-5483.167	1007.984	1.544019	0.4082211	6.380279
4728	-4473.338	-5480.129	1006.791	1.556112	0.3773826	7.05079
4734	-4464.737	-5470.255	1005.518	1.47616	0.4512065	7.701766
4740	-4470.319	-5477.481	1007.162	1.524719	0.4588547	6.785704
4746	-4467.919	-5475.637	1007.718	1.599087	0.5210968	6.388088
4752	-4447.68	-5455.336	1007.656	1.599087	0.4445054	6.491973
4758	-4449.87	-5457.507	1007.637	1.608115	0.5738801	6.382698
4764	-4466.406	-5472.933	1006.527	1.554671	0.5347822	7.043622
4770	-4455.006	-5460.156	1005.149	1.547087	0.5790018	7.75025
4776	-4462.331	-5468.069	1005.738	1.572099	0.5115268	7.477878
4782	-4453.348	-5461.832	1008.483	1.63259	0.4967945	5.974865
4788	-4459.611	-5468.201	1008.59	1.653098	0.4241821	5.974865
4794	-4448.498	-5454.764	1006.267	1.47469	0.5042809	7.253001
4800	-4445.075	-5452.106	1007.031	1.641819	0.6512123	6.632641
4806	-4447.472	-5453.45	1005.978	1.641819	0.69109	7.171535
4812	-4453.468	-5461.692	1008.224	1.608881	0.4742988	6.149677
4818	-4466.911	-5473.569	1006.658	1.608881	0.6169629	6.877293
4824	-4437.901	-5445.787	1007.887	1.600073	0.4744318	6.337834
4830	-4447.508	-5456.958	1009.45	1.600073	0.3116908	5.659726
4836	-4460.133	-5469.682	1009.549	1.630818	0.3554398	5.536122
4842	-4475.14	-5482.576	1007.436	1.504934	0.3614547	6.748046
4848	-4457.613	-5461.502	1003.889	1.401307	0.4846793	8.578688
4854	-4478.267	-5486.078	1007.811	1.595255	0.489335	6.367978
4860	-4460.758	-5462.967	1002.208	1.256813	0.4148817	9.610278
4866	-4442.944	-5445.982	1003.038	1.350492	0.3039649	9.244571
4872	-4461.256	-5461.287	1000.03	1.240459	0.3031897	10.88598
4878	-4469.484	-5467.861	998.3773	1.221574	0.2661894	11.80711
4884	-4469.116	-5468.777	999.661	1.25368	0.3418528	11.02747
4890	-4464.468	-5464.567	1000.099	1.233804	0.4416457	10.70597
4896	-4471.205	-5469.511	998.306	1.233804	0.3321511	11.75741
4902	-4460.95	-5457.592	996.6423	1.192938	0.4925635	12.4874
4908	-4455.061	-5453.904	998.843	1.192938	0.3455863	11.48309
4914	-4476.188	-5481.304	1005.115	1.358581	0.2797849	8.168669
4920	-4451.821	-5456.377	1004.556	1.460311	0.2942381	8.393586
4926	-4459.594	-5463.733	1004.138	1.441343	0.4463567	8.460567
4932	-4462.6	-5463.774	1001.175	1.342653	0.3771354	10.14797
4938	-4462.954	-5466.978	1004.024	1.428564	0.4439762	8.530465
4944	-4484.207	-5489.56	1005.353	1.419482	0.4810189	7.792525
4950	-4471.967	-5477.672	1005.705	1.450644	0.4040604	7.661931
4956	-4464.884	-5472.625	1007.74	1.47449	0.3196705	6.648736
4962	-4469.314	-5475.954	1006.64	1.457269	0.4337692	7.127339
4968	-4471.198	-5475.674	1004.476	1.433555	0.4834618	8.250694
4974	-4451.409	-5455.277	1003.868	1.345925	0.2988904	8.813909
4980	-4431.652	-5434.604	1002.953	1.289691	0.4955496	9.12442
4986	-4429.614	-5433.368	1003.754	1.30859	0.3754478	8.806451
4992	-4436.172	-5439.691	1003.519	1.376881	0.4644864	8.806451
4998	-4440.728	-5446.063	1005.335	1.485155	0.4176431	7.827797
5004	-4446.984	-5453.066	1006.082	1.456292	0.4176436	7.443497
5010	-4462.538	-5467.237	1004.699	1.392293	0.3840995	8.250579
5016	-4445.146	-5449.811	1004.665	1.38851	0.3697072	8.286167
5022	-4447.964	-5452.498	1004.534	1.38851	0.4380047	8.286167
5028	-4450.922	-5454.275	1003.353	1.322328	0.4012172	8.984726
5034	-4452.709	-5456.641	1003.932	1.388609	0.294887	8.762108
5040	-4438.767	-5445.81	1007.044	1.511171	0.294887	7.035416
5046	-4421.081	-5428.042	1006.961	1.454362	0.3578587	7.035416
5052	-4432.424	-5438.93	1006.505	1.462376	0.4401192	7.19067
5058	-4439.414	-5445.131	1005.718	1.380864	0.427403	7.669161
5064	-4419.339	-5424.307	1004.968	1.428386	0.4481112	8.023907
5070	-4451.607	-5456.268	1004.661	1.399594	0.5137726	8.143444
5076	-4439.537	-5446.11	1006.573	1.546263	0.5058092	7.048688
5082	-4459.085	-5460.954	1001.87	1.348058	0.3796862	9.776732
5088	-4450.323	-5451.047	1000.724	1.300691	0.3807214	10.40313
5094	-4453.176	-5457.132	1003.956	1.457118	0.5709514	8.440344
5100	-4453.432	-5457.673	1004.242	1.417838	0.4233416	8.440344
5106	-4459.978	-5465.668	1005.69	1.44041	0.4153928	7.664146
5112	-4446.495	-5453.86	1007.365	1.512998	0.3848515	6.756672
5118	-4460.399	-5468.719	1008.319	1.623848	0.4063688	6.156677
5124	-4458.01	-5460.962	1002.951	1.49987	0.4626648	9.043633
5130	-4433.151	-5441.901	1008.75	1.714474	0.5810171	5.711838
5136	-4446.995	-5454.786	1007.791	1.708667	0.5605808	6.255483
5142	-4452.373	-5459.761	1007.388	1.623699	0.5681612	6.513713
5148	-4433.553	-5440.973	1007.42	1.614399	0.4998929	6.55969
5154	-4437.751	-5445.375	1007.624	1.593179	0.3978094	6.55969
5160	-4433.517	-5440.093	1006.576	1.53636	0.424529	7.128373
5166	-4446.622	-5453.853	1007.231	1.542054	0.3998468	6.797697
5172	-4425.587	-5433.539	1007.952	1.547487	0.3409326	6.469169
5178	-4452.429	-5460.342	1007.913	1.538533	0.3980744	6.43257
5184	-4459.994	-5467.679	1007.685	1.600185	0.3980744	6.522409
5190	-4445.759	-5453.582	1007.823	1.561001	0.3494044	6.522409
5196	-4443.841	-5450.735	1006.895	1.537556	0.5492208	6.842449
5202	-4440.035	-5447.573	1007.538	1.560568	0.4656969	6.55642
5208	-4440.058	-5447.741	1007.683	1.511078	0.4128954	6.55642
5214	-4428.368	-5434.85	1006.482	1.580466	0.4351805	7.144774
5220	-4406.981	-5413.322	1006.341	1.580466	0.4561398	7.200299
5226	-4430.486	-5438.154	1007.668	1.607612	0.3774289	6.549512
5232	-4425.653	-5432.156	1006.503	1.59245	0.5480191	7.025107
5238	-4434.515	-5441.317	1006.802	1.499823	0.4260032	7.025107
5244	-4434.458	-5441.963	1007.505	1.615949	0.4461805	6.563047
5250	-4434.533	-5442.701	1008.168	1.77414	0.5747123	6.002718
5256	-4442.983	-5451.262	1008.28	1.662786	0.4498871	6.113536
5262	-4445.391	-5454.498	1009.107	1.662786	0.5140609	5.601671
5268	-4459.267	-5468.474	1009.207	1.703339	0.5029523	5.53415
5274	-4454.971	-5464.285	1009.314	1.68705	0.4500828	5.53415
5280	-4431.966	-5440.413	1008.448	1.696826	0.4930401	5.962824
5286	-4432.417	-5440.496	1008.079	1.643038	0.5245454	6.164787
5292	-4443.328	-5450.364	1007.036	1.593574	0.536126	6.747307
5298	-4439.33	-5447.149	1007.819	1.614746	0.5963236	6.262316
5304	-4450.57	-5458.003	1007.433	1.522356	0.5067399	6.596597
5310	-4436.406	-5442.644	1006.238	1.504156	0.4840122	7.270866
5316	-4460.654	-5467.797	1007.144	1.503341	0.5526328	6.723853
5322	-4448.744	-5456.455	1007.711	1.513986	0.4649566	6.488787
5328	-4448.771	-5456.489	1007.718	1.479252	0.4809098	6.488787
5334	-4443.592	-5450.914	1007.323	1.578737	0.5202391	6.613789
5340	-4436.561	-5442.742	1006.18	1.508956	0.4551861	7.325814
5346	-4443.932	-5449.904	1005.972	1.470356	0.4305499	7.481923
5352	-4453.156	-5457.375	1004.219	1.459888	0.4382218	8.415678
5358	-4446.593	-5451.076	1004.483	1.473365	0.4256382	8.280334
5364	-4451.929	-5456.6	1004.67	1.503182	0.551439	8.051517
5370	-4436.645	-5441.017	1004.371	1.430773	0.4485084	8.340142
5376	-4439.714	-5444.212	1004.498	1.38778	0.4030615	8.340142
5382	-4447.176	-5451.557	1004.381	1.331556	0.4443895	8.391487
5388	-4446.27	-5450.221	1003.951	1.369272	0.3863731	8.658163
5394	-4441.867	-5443.732	1001.866	1.318212	0.4629593	9.712663
5400	-4459.04	-5463.39	1004.35	1.355658	0.4527201	8.387428
5406	-4470.35	-5473.533	1003.183	1.284023	0.375749	9.121085
5412	-4454.793	-5456.592	1001.799	1.281224	0.4238829	9.804502
5418	-4440.597	-5441.143	1000.546	1.264986	0.4517407	10.44524
5424	-4450.767	-5451.149	1000.382	1.335745	0.471957	10.47582
5430	-4473.997	-5475.396	1001.399	1.335745	0.5227032	9.896551
5436	-4467.606	-5469.496	1001.89	1.300202	0.5580141	9.627408
5442	-4481.499	-5481.399	999.8998	1.268718	0.3084882	10.93314
5448	-4481.992	-5484.852	1002.86	1.340432	0.2849549	9.367801
5454	-4498.298	-5499.242	1000.943	1.475868	0.3316864	10.24976
5460	-4490.814	-5492.223	1001.41	1.50211	0.4090394	9.907735
5466	-4487.648	-5487.886	1000.239	1.514327	0.5108686	10.42301
5472	-4483.634	-5487.724	1004.09	1.38378	0.4080298	8.55431
5478	-4468.087	-5472.953	1004.866	1.38378	0.4200627	8.129413
5484	-4457.358	-5463.472	1006.114	1.51155	0.3437098	7.475792
5490	-4462.159	-5466.813	1004.654	1.4743	0.5044522	8.115664
5496	-4465.429	-5471.278	1005.849	1.479498	0.4876777	7.48941
5502	-4460.627	-5464.665	1004.038	1.44748	0.5297184	8.435686
5508	-4480.823	-5485.717	1004.894	1.530212	0.5911283	7.885841
5514	-4464.392	-5469.529	1005.137	1.508547	0.5725391	7.782647
5520	-4458.864	-5464.26	1005.396	1.42189	0.465403	7.782647
5526	-4445.923	-5451.063	1005.14	1.485588	0.5051662	7.849433
5532	-4435.629	-5440.897	1005.268	1.498819	0.4078378	7.865751
5538	-4435.35	-5441.948	1006.597	1.489796	0.4858655	7.083516
5544	-4435.163	-5442.194	1007.031	1.493849	0.4165251	6.914269
5550	-4437.396	-5443.792	1006.395	1.460596	0.4464082	7.244788
5556	-4434.555	-5441.066	1006.511	1.480296	0.4144647	7.203435
5562	-4443.826	-5449.226	1005.399	1.450952	0.510119	7.725297
5568	-4440.149	-5444.798	1004.649	1.464739	0.5072951	8.12076
5574	-4446.856	-5452.914	1006.058	1.542359	0.486842	7.3443
5580	-4453.98	-5461.023	1007.043	1.582642	0.486842	6.792667
5586	-4462.26	-5470.613	1008.353	1.58938	0.4886894	6.077032
5592	-4449.176	-5457.442	1008.266	1.603893	0.5330967	6.077032
5598	-4456.047	-5464.381	1008.334	1.664428	0.5330967	6.006911
5604	-4480.659	-5487.14	1006.481	1.615913	0.3205386	7.250014
5610	-4484.209	-5491.434	1007.225	1.665233	0.4063476	6.727566
5616	-4488.08	-5494.521	1006.44	1.666512	0.5122411	7.049489
5622	-4492.908	-5500.079	1007.171	1.696761	0.4050726	6.740757
5628	-4498.724	-5507.128	1008.404	1.723134	0.3262692	6.146025
5634	-4490.658	-5497.111	1006.453	1.479388	0.4896142	7.163334
5640	-4475.396	-5481.936	1006.54	1.479388	0.4394825	7.163334
5646	-4461.553	-5468.262	1006.709	1.428563	0.3777174	7.163334
5652	-4471.47	-5480.706	1009.237	1.647302	0.4855058	5.564874
5658	-4487.909	-5496.374	1008.465	1.694423	0.5970813	5.866276
5664	-4479.266	-5486.479	1007.213	1.545951	0.4253646	6.779056
5670	-4474.867	-5483.394	1008.527	1.713457	0.7061603	5.739642
5676	-4487.027	-5495.714	1008.687	1.646576	0.6127711	5.758495
5682	-4479.298	-5487.973	1008.674	1.645617	0.5974902	5.777885
5688	-4468.577	-5477.156	1008.579	1.681927	0.5281732	5.867869
5694	-4452.424	-5460.601	1008.177	1.601455	0.4697355	6.183956
5700	-4445.1	-5453.067	1007.966	1.647438	0.516794	6.230637
5706	-4476.91	-5482.931	1006.021	1.479937	0.4924421	7.392393
5712	-4476.299	-5471.863	995.564	1.116483	0.3791329	13.19579
5718	-4484.509	-5487.092	1002.583	1.371396	0.4436497	9.323907
5724	-4495.058	-5499.24	1004.182	1.446335	0.335412	8.550145
5730	-4470.23	-5474.28	1004.05	1.474008	0.4460698	8.490323
5736	-4466.266	-5471.867	1005.6	1.546216	0.3845484	7.687279
5742	-4453.375	-5458.998	1005.623	1.501106	0.3845484	7.699395
5748	-4465.596	-5471.215	1005.619	1.460262	0.4187263	7.688162
5754	-4479.973	-5486.933	1006.96	1.592744	0.3905926	6.92583
5760	-4484.33	-5490.225	1005.894	1.586037	0.4841015	7.41104
5766	-4476.433	-5482.832	1006.398	1.548179	0.440471	7.201758
5772	-4489.34	-5497.249	1007.909	1.621989	0.4686538	6.319411
5778	-4475.375	-5483.429	1008.054	1.669164	0.3663111	6.319411
5784	-4488.236	-5495.614	1007.377	1.710262	0.3973687	6.630118
5790	-4500.032	-5506.504	1006.472	1.56148	0.4634714	7.133088
5796	-4471.967	-5479.643	1007.677	1.547217	0.4790695	6.476225
5802	-4493.424	-5499.355	1005.931	1.66155	0.4475917	7.385166
5808	-4493.18	-5500.125	1006.945	1.621522	0.4475917	6.861183
5814	-4490.075	-5497.431	1007.355	1.563392	0.4765798	6.643658
5820	-4475.913	-5484.465	1008.552	1.611471	0.391485	6.052504
5826	-4475.973	-5484.758	1008.785	1.695406	0.5241712	5.751588
5832	-4460.987	-5469.992	1009.005	1.695406	0.5241712	5.630639
5838	-4450.483	-5460.358	1009.875	1.769676	0.5060241	5.126179
5844	-4460.183	-5468.912	1008.729	1.677152	0.4814119	5.830408
5850	-4472.799	-5481.468	1008.669	1.661011	0.4006852	5.95181
5856	-4479.894	-5489.274	1009.38	1.635229	0.4025646	5.574885
5862	-4475.559	-5484.819	1009.26	1.66225	0.4529636	5.574885
5868	-4451.893	-5461.091	1009.198	1.690344	0.4722444	5.574885
5874	-4459.428	-5469.018	1009.589	1.742296	0.4551015	5.347234
5880	-4519.887	-5523.759	1003.872	1.439567	0.3210888	8.735287
5886	-4493.029	-5495.357	1002.328	1.298613	0.3425227	9.601722
5892	-4453.736	-5463.317	1009.58	1.74964	0.5574933	5.255427
5898	-4452.226	-5461.948	1009.722	1.705715	0.4964203	5.255427
5904	-4501.593	-5502.629	1001.036	1.342666	0.4398458	10.15816
5910	-4464.082	-5474.084	1010.003	1.787908	0.5155121	5.036735
5916	-4472.892	-5482.948	1010.056	1.787908	0.4834802	5.036735
5922	-4509.363	-5514.731	1005.368	1.521873	0.4863713	7.725049
5928	-4498.186	-5501.365	1003.179	1.443722	0.3991918	9.014401
5934	-4463.119	-5473.847	1010.729	1.925703	0.5631773	4.512713
5940	-4454.701	-5465.928	1011.227	2.002687	0.7174404	4.065314
5946	-4451.743	-5463.002	1011.259	1.843304	0.4976526	4.318514
5952	-4449.035	-5460.373	1011.339	1.868318	0.4525202	4.303238
5958	-4450.85	-5462.079	1011.229	1.852024	0.5076556	4.321693
5964	-4466.618	-5477.546	1010.927	1.837211	0.5454015	4.466027
5970	-4461.316	-5470.895	1009.579	1.80446	0.4939334	5.281946
5976	-4464.836	-5474.202	1009.366	1.693052	0.5171519	5.440041
5982	-4472.82	-5480.548	1007.728	1.63205	0.4410833	6.438493
5988	-4452.834	-5460.788	1007.954	1.643346	0.5923477	6.176109
5994	-4448.41	-5455.98	1007.57	1.643005	0.4796577	6.481587
6000	-4453.69	-5462.939	1009.249	1.751301	0.4638938	5.520995
6006	-4454.163	-5464.243	1010.081	1.710167	0.4350569	5.113196
6012	-4446.544	-5455.688	1009.144	1.752443	0.4775792	5.565233
6018	-4433.551	-5442.264	1008.713	1.747614	0.5039056	5.780195
6024	-4435.072	-5445.031	1009.958	1.745059	0.5148291	5.085795
6030	-4462.756	-5470.667	1007.911	1.717474	0.6454033	6.118252
6036	-4448.912	-5457.668	1008.757	1.71484	0.5114536	5.767511
6042	-4438.891	-5448.191	1009.299	1.71352	0.4444321	5.533182
6048	-4442.034	-5450.247	1008.213	1.714213	0.5813728	6.005533
6054	-4454.151	-5463.975	1009.824	1.696436	0.3815068	5.319062
6060	-4444.975	-5454.368	1009.392	1.717236	0.4065619	5.51868
6066	-4447.531	-5456.084	1008.554	1.679006	0.4892078	5.918069
6072	-4456.57	-5464.873	1008.303	1.651322	0.4702997	6.087565
6078	-4440.439	-5448.919	1008.48	1.630987	0.4299858	6.04109
6084	-4437.808	-5445.488	1007.68	1.641416	0.4264117	6.473942
6090	-4434.903	-5441.985	1007.083	1.568919	0.5618712	6.713756
6096	-4431.279	-5438.471	1007.193	1.597012	0.5618712	6.639108
6102	-4446.618	-5453.243	1006.625	1.595604	0.6648351	6.866496
6108	-4434.139	-5439.951	1005.812	1.486864	0.556606	7.445673
6114	-4429.994	-5435.624	1005.63	1.487561	0.556606	7.542855
6120	-4436.907	-5442.096	1005.189	1.471148	0.5023926	7.833693
6126	-4468.692	-5475.673	1006.981	1.47333	0.3744226	6.996308
6132	-4471.615	-5476.514	1004.9	1.542668	0.4043721	8.04268
6138	-4496.29	-5503.467	1007.177	1.644381	0.4200715	6.750808
6144	-4463.951	-5472.359	1008.409	1.566108	0.44848	6.097262
6150	-4455.908	-5463.465	1007.557	1.715521	0.6417123	6.314723
6156	-4466.166	-5473.987	1007.821	1.63597	0.5179893	6.314723
6162	-4452.948	-5461.661	1008.713	1.634126	0.4382271	5.904254
6168	-4466.673	-5475.11	1008.437	1.654597	0.5408909	5.949382
6174	-4474.756	-5481.768	1007.012	1.588064	0.3509593	6.943586
6180	-4466.02	-5469.839	1003.819	1.531056	0.2999846	8.740143
6186	-4460.315	-5465.031	1004.716	1.607376	0.3631792	8.149622
6192	-4469.779	-5475.217	1005.438	1.501481	0.3471565	7.838502
6198	-4492.316	-5496.008	1003.692	1.495695	0.3760217	8.739248
6204	-4472.926	-5477.869	1004.943	1.591804	0.3468065	8.055051
6210	-4464.931	-5468.326	1003.395	1.473208	0.363826	8.921793
6216	-4461.687	-5465.021	1003.333	1.466955	0.3241318	9.002426
6222	-4478.233	-5487.251	1009.018	1.718646	0.5188479	5.615684
6228	-4491.464	-5500.348	1008.884	1.718646	0.4920376	5.713195
6234	-4474.24	-5483.471	1009.231	1.763268	0.5041678	5.487098
6240	-4469.888	-5474.715	1004.827	1.428096	0.3392782	8.212554
6246	-4480.947	-5485.149	1004.202	1.541264	0.405978	8.413001
6252	-4472.694	-5482.292	1009.598	1.716291	0.4949051	5.318951
6258	-4468.934	-5477.961	1009.027	1.638779	0.4408483	5.72716
6264	-4462.585	-5470.315	1007.73	1.604226	0.4869651	6.409116
6270	-4447.496	-5455.488	1007.992	1.612753	0.5459376	6.210233
6276	-4453.775	-5462.09	1008.314	1.642645	0.4995432	6.05906
6282	-4463.318	-5471.275	1007.957	1.686443	0.5275056	6.20521
6288	-4464.604	-5473.7	1009.097	1.679648	0.5275056	5.586193
6294	-4453.389	-5463.059	1009.669	1.758818	0.4509925	5.297958
6300	-4462.087	-5463.726	1001.639	1.431209	0.3050129	9.938746
6306	-4440.802	-5443.693	1002.891	1.411731	0.2675455	9.335875
6312	-4455.795	-5460.392	1004.597	1.427307	0.2899694	8.394718
6318	-4447.348	-5450.396	1003.047	1.351493	0.2835413	9.264644
6324	-4446.614	-5446.46	999.8463	1.289131	0.359454	10.89238
6330	-4466.035	-5463.89	997.8545	1.253445	0.4467338	11.86505
6336	-4463.63	-5461.729	998.0988	1.224986	0.3366964	11.86505
6342	-4460.535	-5460.99	1000.455	1.336457	0.3558006	10.55235
6348	-4461.537	-5461.791	1000.254	1.375473	0.3421552	10.65255
6354	-4454.28	-5463.159	1008.879	1.630007	0.464006	5.790407
6360	-4452.756	-5461.779	1009.023	1.642523	0.4103935	5.758113
6366	-4443.882	-5452.088	1008.206	1.668763	0.4938518	6.109118
6372	-4437.945	-5445.396	1007.452	1.611414	0.5029315	6.541487
6378	-4448.698	-5456.981	1008.283	1.631058	0.5263718	6.058891
6384	-4440.202	-5448.124	1007.922	1.660525	0.5263718	6.239241
6390	-4442.136	-5451.213	1009.077	1.697139	0.4987143	5.613133
6396	-4421.274	-5429.99	1008.716	1.68394	0.4987143	5.818123
6402	-4417.952	-5426.78	1008.828	1.72901	0.5356829	5.699532
6408	-4432.09	-5440.716	1008.626	1.732719	0.5272051	5.815477
6414	-4433.597	-5442.31	1008.713	1.707444	0.4891909	5.815477
6420	-4422.582	-5431.046	1008.463	1.747195	0.5124094	5.909285
6426	-4420.366	-5429.484	1009.118	1.752616	0.4897382	5.568309
6432	-4422.475	-5432.17	1009.695	1.80765	0.3551087	5.358576
6438	-4413.054	-5421.607	1008.554	1.668837	0.4807657	5.931525
6444	-4415.481	-5424.362	1008.881	1.634828	0.4807657	5.771242
6450	-4416.326	-5425.958	1009.632	1.597459	0.3693299	5.49296
6456	-4431.635	-5441.055	1009.42	1.597459	0.3693299	5.609435
6462	-4464.803	-5473.491	1008.688	1.630388	0.4784601	5.881285
6468	-4445.377	-5454.309	1008.932	1.726356	0.5688842	5.615861
6474	-4444.057	-5454.124	1010.066	1.726005	0.4153717	5.132643
6480	-4444.219	-5454.35	1010.131	1.71369	0.4166367	5.102364
6486	-4459.756	-5469.955	1010.199	1.754175	0.3615315	5.102364
6492	-4458.369	-5467.779	1009.41	1.675256	0.417105	5.521228
6498	-4449.666	-5457.312	1007.646	1.66302	0.5267971	6.38742
6504	-4438.655	-5447.291	1008.636	1.686466	0.5250683	5.8369
6510	-4421.066	-5429.639	1008.573	1.674507	0.5250683	5.87795
6516	-4430.718	-5439.621	1008.904	1.725374	0.5473011	5.649911
6522	-4425.124	-5434.286	1009.162	1.65325	0.3856572	5.702244
6528	-4414.733	-5423.729	1008.995	1.715908	0.3856572	5.759519
6534	-4435.07	-5443.965	1008.896	1.652481	0.4742432	5.759519
6540	-4452.838	-5462.001	1009.162	1.720503	0.4386478	5.610453
6546	-4422.899	-5432.662	1009.763	1.693621	0.4386478	5.294409
6552	-4441.3	-5451.106	1009.805	1.771688	0.4244712	5.24244
6558	-4438.219	-5448.823	1010.604	1.777364	0.4587486	4.761225
6564	-4442.585	-5451.742	1009.157	1.674006	0.4587486	5.619012
6570	-4441.348	-5450.37	1009.022	1.641031	0.3729854	5.799685
6576	-4430.586	-5439.036	1008.449	1.586627	0.3907228	6.122543
6582	-4425.402	-5433.785	1008.383	1.576945	0.425629	6.127736
6588	-4414.448	-5422.713	1008.266	1.669517	0.482706	6.086342
6594	-4431.193	-5439.144	1007.951	1.658091	0.4245025	6.319683
6600	-4433.058	-5438.679	1005.622	1.63814	0.615177	7.420368
6606	-4459.747	-5465.199	1005.451	1.548665	0.5622934	7.601153
6612	-4432.976	-5441.11	1008.134	1.601572	0.4260672	6.249712
6618	-4460.705	-5468.021	1007.316	1.466098	0.3304376	6.869319
6624	-4451.248	-5456.641	1005.394	1.51277	0.5177898	7.688675
6630	-4459.273	-5467.346	1008.073	1.601845	0.418461	6.290285
6636	-4459.356	-5466.147	1006.791	1.511438	0.4625301	6.989457
6642	-4463.496	-5471.627	1008.131	1.53842	0.3801532	6.333319
6648	-4450.9	-5456.879	1005.979	1.404819	0.4071153	7.536945
6654	-4460.088	-5464.983	1004.895	1.345756	0.3447416	8.214228
6660	-4473.794	-5482.893	1009.098	1.830288	0.718875	5.352675
6666	-4479.721	-5487.726	1008.005	1.81531	0.7321185	5.95148
6672	-4454.581	-5462.661	1008.08	1.742687	0.6793662	5.987328
6678	-4459.819	-5468.98	1009.162	1.792796	0.5392055	5.47805
6684	-4449.314	-5458.912	1009.598	1.792796	0.5778245	5.204991
6690	-4459.981	-5469.641	1009.659	1.792796	0.5374657	5.204991
6696	-4437.055	-5448.024	1010.97	1.872542	0.5021066	4.461446
6702	-4435.697	-5446.63	1010.933	1.868558	0.5376685	4.452233
6708	-4445.941	-5456.784	1010.843	1.916565	0.5644434	4.452233
6714	-4429.592	-5440.82	1011.228	1.872721	0.4881818	4.328587
6720	-4445.826	-5456.318	1010.492	1.809198	0.5342247	4.735985
6726	-4430.386	-5439.867	1009.482	1.764386	0.5076353	5.34526
6732	-4440.352	-5449.514	1009.162	1.727923	0.4709702	5.57504
6738	-4449.441	-5458.048	1008.607	1.736945	0.4774028	5.868184
6744	-4448.592	-5453.616	1005.024	1.341469	0.392781	8.095714
6750	-4459.51	-5467.607	1008.097	1.561172	0.421015	6.296629
6756	-4444.634	-5451.582	1006.948	1.556942	0.5855875	6.773832
6762	-4431.341	-5438.289	1006.948	1.555852	0.5082007	6.839151
6768	-4438.369	-5444.821	1006.452	1.636781	0.5082007	7.062683
6774	-4454.215	-5460.881	1006.666	1.584092	0.3585763	7.123902
6780	-4454.252	-5463.482	1009.231	1.780662	0.4692491	5.509988
6786	-4441.32	-5450.609	1009.289	1.689279	0.4692491	5.528096
6792	-4455.872	-5465.626	1009.753	1.793369	0.5445981	5.146453
6798	-4459.838	-5469.544	1009.706	1.782442	0.4861585	5.231029
6804	-4475.68	-5484.839	1009.159	1.74625	0.5239241	5.518432
6810	-4473.774	-5478.376	1004.602	1.415201	0.4286551	8.244603
6816	-4465.53	-5470.484	1004.954	1.389833	0.421053	8.078291
6822	-4464.228	-5468.298	1004.07	1.389833	0.4760788	8.496394
6828	-4460.559	-5466.846	1006.288	1.475432	0.4342835	7.306264
6834	-4457.877	-5462.742	1004.865	1.478017	0.3785291	8.122301
6840	-4455.364	-5460.744	1005.379	1.478017	0.4654843	7.761654
6846	-4454.015	-5460.183	1006.168	1.527681	0.4412291	7.335604
6852	-4457.832	-5465.5	1007.668	1.550927	0.3725689	6.58581
6858	-4465.169	-5472.493	1007.324	1.550927	0.4323749	6.70942
6864	-4463.369	-5470.967	1007.598	1.615735	0.4243554	6.534318
6870	-4462.725	-5469.673	1006.949	1.599943	0.5296404	6.796388
6876	-4462.164	-5468.664	1006.5	1.559397	0.5622945	7.032787
6882	-4460.671	-5467.835	1007.165	1.549801	0.4130432	6.815551
6888	-4463.425	-5470.514	1007.089	1.573099	0.4413542	6.815551
6894	-4470.702	-5476.364	1005.662	1.484058	0.5186385	7.559474
6900	-4462.686	-5468.458	1005.771	1.527455	0.4299272	7.559474
6906	-4472.738	-5478.774	1006.036	1.391474	0.3636592	7.559474
6912	-4458.204	-5464.272	1006.068	1.460696	0.3975697	7.469192
6918	-4458.593	-5463.842	1005.249	1.485534	0.4456457	7.84577
6924	-4441.653	-5449.854	1008.201	1.525167	0.3896332	6.291993
6930	-4446.347	-5454.715	1008.368	1.600724	0.408524	6.140762
6936	-4460.115	-5467.578	1007.463	1.533335	0.408524	6.667887
6942	-4445.271	-5451.983	1006.713	1.521941	0.5403006	6.956445
6948	-4458.757	-5464.61	1005.853	1.521941	0.3711993	7.579128
6954	-4464.465	-5471.576	1007.112	1.492359	0.4687662	6.820911
6960	-4482.825	-5486.356	1003.531	1.441865	0.3544813	8.8763
6966	-4480.17	-5484.649	1004.48	1.364424	0.3561535	8.412349
6972	-4472.069	-5473.777	1001.708	1.337143	0.4268089	9.820113
6978	-4460.829	-5463.692	1002.862	1.375678	0.495318	9.126923
6984	-4468.003	-5469.193	1001.191	1.315982	0.4215903	10.10846
6990	-4464.659	-5469.157	1004.499	1.409174	0.3989755	8.332811
6996	-4453.984	-5457.976	1003.992	1.366753	0.4541049	8.57048
7002	-4437.95	-5442.928	1004.978	1.434584	0.324528	8.146087
7008	-4448.63	-5454.205	1005.574	1.434584	0.3514642	7.796882
7014	-4445.502	-5450.768	1005.266	1.386881	0.3690486	7.967511
7020	-4455.727	-5459.022	1003.295	1.310977	0.3655458	9.058598
7026	-4446.373	-5450.734	1004.361	1.345273	0.3540742	8.487963
7032	-4462.279	-5468.563	1006.284	1.470597	0.3866757	7.359084
7038	-4453.677	-5458.792	1005.114	1.433985	0.5298085	7.869732
7044	-4467.158	-5474.334	1007.177	1.474941	0.4365355	6.825895
7050	-4456.439	-5463.241	1006.802	1.458587	0.3392201	7.140112
7056	-4454.139	-5461.446	1007.307	1.534648	0.3392201	6.826886
7062	-4462.397	-5467.72	1005.323	1.42459	0.4601092	7.825187
7068	-4475.064	-5480.38	1005.316	1.42459	0.4642904	7.825187
7074	-4452.068	-5460.801	1008.733	1.465415	0.316945	6.118286
7080	-4439.392	-5446.634	1007.242	1.584903	0.4503386	6.717882
7086	-4450.514	-5456.624	1006.11	1.499775	0.4593958	7.364539
7092	-4417.561	-5424.524	1006.963	1.487043	0.3466086	7.02958
7098	-4417.972	-5426.262	1008.29	1.493462	0.3620484	6.291239
7104	-4416.081	-5422.388	1006.306	1.517718	0.4075543	7.300216
7110	-4441.17	-5447.607	1006.437	1.42029	0.3902588	7.300216
7116	-4433.345	-5438.632	1005.288	1.44343	0.5207968	7.779794
7122	-4443.253	-5452.401	1009.148	1.542025	0.2870836	5.888104
7128	-4437.664	-5446.076	1008.412	1.589626	0.4242359	6.106603
7134	-4428.355	-5436.733	1008.378	1.550322	0.4598873	6.111644
7140	-4431.508	-5439.596	1008.088	1.685745	0.5398011	6.123584
7146	-4420.251	-5428.549	1008.298	1.697769	0.6470126	5.916794
7152	-4426.315	-5436.11	1009.796	1.666589	0.5244483	5.210888
7158	-4427.946	-5437.654	1009.708	1.732862	0.5379812	5.210888
7164	-4444.145	-5453.379	1009.234	1.718861	0.5385067	5.479709
7170	-4460.639	-5469.906	1009.268	1.684751	0.5385067	5.479709
7176	-4450.501	-5460.023	1009.522	1.642042	0.3452197	5.556628
7182	-4437.062	-5447.927	1010.864	1.757137	0.3878207	4.700651
7188	-4457.307	-5466.99	1009.683	1.71689	0.418367	5.346684
7194	-4466.021	-5476.805	1010.784	1.747862	0.4504382	4.685218
7200	-4455.117	-5465.817	1010.7	1.800414	0.388103	4.767953
7206	-4458.451	-5469.773	1011.322	1.772133	0.4407108	4.379012
7212	-4477.906	-5489.219	1011.313	1.820144	0.4049155	4.394431
7218	-4471.641	-5482.689	1011.048	1.820144	0.4378671	4.509094
7224	-4488.505	-5496.218	1007.714	1.514579	0.37887	6.573806
7230	-4480.11	-5489.9	1009.79	1.809144	0.5788073	5.088458
7236	-4468.194	-5478.309	1010.115	1.746489	0.5183594	4.995169
7242	-4461.31	-5471.848	1010.538	1.717036	0.4746185	4.816585
7248	-4440.845	-5451.005	1010.16	1.709435	0.4251715	5.080019
7254	-4453.046	-5462.15	1009.104	1.706136	0.5816166	5.521766
7260	-4458.385	-5466.964	1008.579	1.643895	0.5149071	5.900262
7266	-4437.45	-5446.633	1009.184	1.648295	0.4024786	5.675347
7272	-4438.96	-5448.648	1009.688	1.699526	0.4024786	5.369858
7278	-4444.55	-5454.143	1009.593	1.6339	0.3861801	5.475772
7284	-4449.771	-5458.927	1009.156	1.6339	0.4426151	5.657644
7290	-4452.906	-5462.062	1009.156	1.6339	0.4426151	5.657644
7296	-4452.017	-5460.498	1008.482	1.653959	0.5254507	5.938619
7302	-4454.208	-5463.815	1009.607	1.721754	0.4605387	5.343433
7308	-4459.199	-5469.323	1010.124	1.750413	0.4717149	5.030951
7314	-4443.439	-5454.13	1010.691	1.830082	0.4377705	4.703889
7320	-4458.473	-5469.365	1010.892	1.743592	0.308842	4.786062
7326	-4452.297	-5461.176	1008.879	1.73679	0.5696335	5.638293
7332	-4450.285	-5459.248	1008.963	1.635116	0.4626409	5.743255
7338	-4451.206	-5459.575	1008.369	1.68289	0.4721285	6.032427
7344	-4482.505	-5486.564	1004.058	1.446888	0.5552607	8.404177
7350	-4479.799	-5485.014	1005.215	1.453655	0.4690637	7.858894
7356	-4462.984	-5467.056	1004.072	1.409572	0.3542101	8.606787
7362	-4457.679	-5461.871	1004.192	1.37452	0.3337017	8.585065
7368	-4447.889	-5452.275	1004.386	1.45499	0.4571057	8.3113
7374	-4455.348	-5459.478	1004.13	1.405921	0.4695121	8.462058
7380	-4461.45	-5465.33	1003.88	1.389552	0.4233145	8.647602
7386	-4453.184	-5457.819	1004.636	1.389552	0.3820934	8.287941
7392	-4462.029	-5466.076	1004.048	1.389552	0.4176744	8.56399
7398	-4440.009	-5444.212	1004.203	1.403912	0.3886174	8.503306
7404	-4451.714	-5456.759	1005.045	1.362779	0.3292188	8.143022
7410	-4451.873	-5455.371	1003.498	1.359289	0.4348827	8.854921
7416	-4480.336	-5484.388	1004.052	1.510388	0.4913994	8.428135
7422	-4485.47	-5485.363	999.8929	1.3247	0.5331208	10.68536
7428	-4475.846	-5479.005	1003.159	1.304938	0.4367403	9.061268
7434	-4467.115	-5471.673	1004.558	1.412975	0.3311624	8.373459
7440	-4473.242	-5478.039	1004.797	1.402083	0.382805	8.194364
7446	-4469.306	-5473.488	1004.182	1.402083	0.4655439	8.43993
7452	-4480.259	-5482.043	1001.785	1.34937	0.3476731	9.855398
7458	-4482.53	-5485.356	1002.826	1.293371	0.3064981	9.38351
7464	-4456.915	-5462.039	1005.124	1.461542	0.458751	7.913107
7470	-4452.994	-5458.582	1005.588	1.448877	0.4169519	7.712475
7476	-4463.798	-5470.593	1006.795	1.527643	0.3535796	7.09031
7482	-4480.33	-5485.617	1005.287	1.447247	0.348318	7.947164
7488	-4451.095	-5455.646	1004.551	1.381759	0.4011636	8.317522
7494	-4456.124	-5459.693	1003.569	1.363556	0.4755923	8.77672
7500	-4462.172	-5465.934	1003.761	1.384571	0.442187	8.694646
7506	-4468.839	-5471.28	1002.441	1.363738	0.4571141	9.390497
7512	-4460.455	-5463.183	1002.728	1.468515	0.5470699	9.104932
7518	-4443.199	-5449.021	1005.822	1.46437	0.5388242	7.467404
7524	-4455.118	-5461.826	1006.708	1.51701	0.4422466	7.050389
7530	-4459.116	-5465.828	1006.712	1.569962	0.4126548	7.048946
7536	-4451.468	-5458.955	1007.487	1.596144	0.4664456	6.564079
7542	-4432.32	-5438.801	1006.48	1.581613	0.4386517	7.141451
7548	-4441.695	-5448.338	1006.643	1.559336	0.4969411	7.011564
7554	-4463.524	-5471.406	1007.882	1.603396	0.442412	6.369162
7560	-4461.065	-5468.35	1007.285	1.631742	0.4358307	6.683309
7566	-4463.856	-5471.071	1007.215	1.586934	0.4358307	6.745527
7572	-4457.923	-5466.249	1008.326	1.6456	0.502032	6.048805
7578	-4439.639	-5448.032	1008.393	1.66299	0.4373922	6.064077
7584	-4436.672	-5446.258	1009.586	1.658478	0.4144027	5.435933
7590	-4445.802	-5454.951	1009.149	1.760822	0.4144027	5.620042
7596	-4433.013	-5441.276	1008.263	1.663015	0.5720297	6.013867
7602	-4452.206	-5460.77	1008.564	1.564121	0.5042605	5.961708
7608	-4456.017	-5464.297	1008.28	1.650174	0.4905379	6.081996
7614	-4445.724	-5453.408	1007.683	1.613859	0.4141267	6.499415
7620	-4451.885	-5458.811	1006.926	1.628812	0.5619642	6.765633
7626	-4451.101	-5458.658	1007.558	1.57263	0.4750769	6.530426
7632	-4462.68	-5470.265	1007.585	1.586853	0.4823799	6.501564
7638	-4470.888	-5479.012	1008.124	1.639073	0.449101	6.21199
7644	-4458.835	-5468.018	1009.183	1.667865	0.3861794	5.682281
7650	-4467.472	-5477.666	1010.194	1.695349	0.3999071	5.095174
7656	-4475.233	-5482.415	1007.181	1.645687	0.492308	6.678855
7662	-4468.55	-5475.268	1006.718	1.630679	0.4823188	6.94594
7668	-4456.706	-5464.94	1008.233	1.665409	0.4831791	6.105834
7674	-4455.043	-5462.156	1007.112	1.593873	0.3804174	6.854105
7680	-4456.109	-5462.451	1006.342	1.610534	0.3752231	7.265099
7686	-4480.13	-5486.527	1006.397	1.616945	0.4142359	7.191429
7692	-4483.35	-5486.39	1003.04	1.480853	0.3861894	9.081954
7698	-4483.163	-5485.965	1002.802	1.514466	0.4993695	9.081954
7704	-4470.135	-5471.042	1000.907	1.360696	0.2951099	10.37269
7710	-4475.218	-5480.378	1005.16	1.476926	0.3849392	7.95884
7716	-4485.724	-5490.842	1005.119	1.476346	0.4066456	7.95884
7722	-4480.058	-5481.206	1001.148	1.434537	0.468055	10.02463
7728	-4461.377	-5462.041	1000.664	1.302672	0.3101991	10.51243
7734	-4480.149	-5480.903	1000.754	1.259263	0.3245457	10.4713
7740	-4466.68	-5467.603	1000.923	1.208437	0.2739186	10.4713
7746	-4476.349	-5475.623	999.2736	1.157303	0.3109034	11.31644
7752	-4452.809	-5451.825	999.0154	1.255474	0.3109034	11.40013
7758	-4459.904	-5458.842	998.9381	1.278808	0.2949776	11.44762
7764	-4474.258	-5472.765	998.5073	1.200908	0.2621617	11.75533
7770	-4473.598	-5469.789	996.1908	1.280871	0.2034228	13.00446
